<?xml version="1.0" encoding="utf-8"?><testsuites name="pytest tests"><testsuite name="pytest" errors="0" failures="0" skipped="0" tests="16" time="1.710" timestamp="2026-08-09T20:51:28.319536+00:00" hostname="agent-env-e65c0563-02ac-4731-8630-371af0a74c08"><testcase classname="tests.test_batch87.TestRegression" name="test_sla_config" time="0.763" /><testcase classname="tests.test_batch87.TestDigestSchedule" name="test_get_shape" time="0.765" /><testcase classname="tests.test_batch87.TestRegression" name="test_escalation_config" time="0.051" /><testcase classname="tests.test_batch87.TestDigestSchedule" name="test_put_hour_persists" time="0.100" /><testcase classname="tests.test_batch87.TestRegression" name="test_reply_templates" time="0.049" /><testcase classname="tests.test_batch87.TestRegression" name="test_export_csv" time="0.051" /><testcase classname="tests.test_batch87.TestDigestSchedule" name="test_put_clamps_hour" time="0.101" /><testcase classname="tests.test_batch87.TestRegression" name="test_restore_escalation" time="0.050" /><testcase classname="tests.test_batch87.TestRegression" name="test_restore_sla_72h" time="0.050" /><testcase classname="tests.test_batch87.TestDigestSchedule" name="test_restore_defaults" time="0.049" /><testcase classname="tests.test_batch87.TestSlaBanner" name="test_banner_shape" time="0.047" /><testcase classname="tests.test_batch87.TestCrons" name="test_hourly_overdue_digest_requires_auth" time="0.104" /><testcase classname="tests.test_batch87.TestSlaBanner" name="test_banner_non_admin_403" time="0.154" /><testcase classname="tests.test_batch87.TestCrons" name="test_monthly_board_report_exists" time="0.118" /><testcase classname="tests.test_batch87.TestAnalyticsTokens" name="test_room_tokens_present" time="0.053" /><testcase classname="tests.test_batch87.TestResolvedAt" name="test_status_update_returns_200" time="0.142" /></testsuite></testsuites>