<?xml version="1.0" encoding="utf-8"?><testsuites name="pytest tests"><testsuite name="pytest" errors="0" failures="1" skipped="0" tests="4" time="1.548" timestamp="2026-08-07T17:32:48.204589+00:00" hostname="agent-env-e65c0563-02ac-4731-8630-371af0a74c08"><testcase classname="tests.test_branding_preview" name="test_preview_requires_auth" time="0.175" /><testcase classname="tests.test_branding_preview" name="test_preview_dark" time="0.608" /><testcase classname="tests.test_branding_preview" name="test_preview_light" time="0.119" /><testcase classname="tests.test_branding_preview" name="test_preview_refreshes_after_branding_change" time="0.256"><failure message="AssertionError: reset: 405&#10;assert 405 in (200, 204, 404)&#10; +  where 405 = &lt;Response [405]&gt;.status_code">backend/tests/test_branding_preview.py:55: in test_preview_refreshes_after_branding_change
    assert rr.status_code in (200, 204, 404), f"reset: {rr.status_code}"
E   AssertionError: reset: 405
E   assert 405 in (200, 204, 404)
E    +  where 405 = &lt;Response [405]&gt;.status_code</failure></testcase></testsuite></testsuites>