<?xml version="1.0" encoding="utf-8"?><testsuites name="pytest tests"><testsuite name="pytest" errors="0" failures="0" skipped="0" tests="9" time="3.181" timestamp="2026-08-07T23:18:50.303379+00:00" hostname="agent-env-e65c0563-02ac-4731-8630-371af0a74c08"><testcase classname="tests.test_crosswalk_and_connectors.TestLiveRecheck" name="test_recheck_keeps_live[m365]" time="1.206" /><testcase classname="tests.test_crosswalk_and_connectors.TestCrosswalk" name="test_crosswalk_shape" time="0.720" /><testcase classname="tests.test_crosswalk_and_connectors.TestCrosswalk" name="test_crosswalk_summary_per_framework" time="0.052" /><testcase classname="tests.test_crosswalk_and_connectors.TestCrosswalk" name="test_pci_ssdf_have_some_empty_mappings" time="0.056" /><testcase classname="tests.test_crosswalk_and_connectors.TestComplianceRegression" name="test_compliance_endpoint" time="0.057" /><testcase classname="tests.test_crosswalk_and_connectors.TestAIGovernanceEndpoints" name="test_live_connectors_list" time="0.064" /><testcase classname="tests.test_crosswalk_and_connectors.TestLiveRecheck" name="test_recheck_keeps_live[copilot]" time="0.503" /><testcase classname="tests.test_crosswalk_and_connectors.TestLiveRecheck" name="test_recheck_keeps_live[openai]" time="0.495" /><testcase classname="tests.test_crosswalk_and_connectors.TestLiveRecheck" name="test_recheck_keeps_live[sso]" time="0.381" /></testsuite></testsuites>