<?xml version="1.0" encoding="utf-8"?><testsuites name="pytest tests"><testsuite name="pytest" errors="0" failures="0" skipped="0" tests="4" time="1.462" timestamp="2026-08-10T15:55:00.386543+00:00" hostname="agent-env-e65c0563-02ac-4731-8630-371af0a74c08"><testcase classname="tests.test_go_live_and_seal.TestConnectorReprobe" name="test_reprobe_returns_healthy" time="0.832" /><testcase classname="tests.test_go_live_and_seal.TestGoLiveChecklist" name="test_endpoint_returns_expected_shape" time="0.849" /><testcase classname="tests.test_go_live_and_seal.TestConnectorReprobe" name="test_systems_payload" time="0.059" /><testcase classname="tests.test_go_live_and_seal.TestEvidencePackSeal" name="test_pdf_has_verified_by_obserra_seal" time="0.251" /></testsuite></testsuites>