<?xml version="1.0" encoding="utf-8"?><testsuites name="pytest tests"><testsuite name="pytest" errors="0" failures="1" skipped="0" tests="10" time="29.929" timestamp="2026-08-10T22:52:19.018482+00:00" hostname="agent-env-e65c0563-02ac-4731-8630-371af0a74c08"><testcase classname="tests.test_iter113_suspicious_snapshot" name="test_access_globe_baseline_no_trust" time="1.427" /><testcase classname="tests.test_iter113_suspicious_snapshot" name="test_access_globe_with_trusted_country_flags_suspicious" time="0.157" /><testcase classname="tests.test_iter113_suspicious_snapshot" name="test_access_globe_pdf" time="27.600" /><testcase classname="tests.test_iter113_suspicious_snapshot" name="test_snapshot_status" time="0.053" /><testcase classname="tests.test_iter113_suspicious_snapshot" name="test_retire_snapshots_gated_409" time="0.154" /><testcase classname="tests.test_iter113_suspicious_snapshot" name="test_governance_settings_dedupe_and_validate" time="0.153" /><testcase classname="tests.test_iter113_suspicious_snapshot" name="test_regression_endpoints_respond[/api/agents/runtime/shared-cards]" time="0.094" /><testcase classname="tests.test_iter113_suspicious_snapshot" name="test_regression_endpoints_respond[/api/agents/runtime/access-log.csv]" time="0.049" /><testcase classname="tests.test_iter113_suspicious_snapshot" name="test_regression_endpoints_respond[/api/agents/runtime/board-evidence-digest]" time="0.052" /><testcase classname="tests.test_iter113_suspicious_snapshot" name="test_weekly_drift_digest_cron" time="0.098"><failure message="AssertionError: 401 {&quot;detail&quot;:&quot;Unauthorized&quot;}&#10;assert 401 &lt; 300&#10; +  where 401 = &lt;Response [401]&gt;.status_code">backend/tests/test_iter113_suspicious_snapshot.py:143: in test_weekly_drift_digest_cron
    assert 200 &lt;= r.status_code &lt; 300, f"{r.status_code} {r.text[:200]}"
E   AssertionError: 401 {"detail":"Unauthorized"}
E   assert 401 &lt; 300
E    +  where 401 = &lt;Response [401]&gt;.status_code</failure></testcase></testsuite></testsuites>