<?xml version="1.0" encoding="utf-8"?><testsuites name="pytest tests"><testsuite name="pytest" errors="0" failures="0" skipped="0" tests="15" time="2.362" timestamp="2026-08-09T00:02:16.185923+00:00" hostname="agent-env-e65c0563-02ac-4731-8630-371af0a74c08"><testcase classname="tests.test_iter58_governance.TestDigestConfig" name="test_get_digest_config" time="1.282" /><testcase classname="tests.test_iter58_governance.TestRegression" name="test_sod_conflicts" time="1.288" /><testcase classname="tests.test_iter58_governance.TestDigestConfig" name="test_put_digest_config_persist" time="0.099" /><testcase classname="tests.test_iter58_governance.TestRegression" name="test_autorem_config" time="0.097" /><testcase classname="tests.test_iter58_governance.TestDigestConfig" name="test_test_chat_alert" time="0.376" /><testcase classname="tests.test_iter58_governance.TestRegression" name="test_workflow_activity" time="0.127" /><testcase classname="tests.test_iter58_governance.TestRegression" name="test_identities" time="0.058" /><testcase classname="tests.test_iter58_governance.TestRegression" name="test_jml" time="0.060" /><testcase classname="tests.test_iter58_governance.TestMoverRule" name="test_get_mover_rule" time="0.063" /><testcase classname="tests.test_iter58_governance.TestMoverRule" name="test_put_mover_rule_enable" time="0.062" /><testcase classname="tests.test_iter58_governance.TestMoverRule" name="test_get_mover_rule_after_enable" time="0.058" /><testcase classname="tests.test_iter58_governance.TestDigestConfig" name="test_send_digest_now" time="0.060" /><testcase classname="tests.test_iter58_governance.TestConnectorHealth" name="test_systems_list" time="0.052" /><testcase classname="tests.test_iter58_governance.TestConnectorHealth" name="test_reprobe_all" time="0.053" /><testcase classname="tests.test_iter58_governance.TestConnectorHealth" name="test_systems_after_reprobe_has_health" time="0.104" /></testsuite></testsuites>