<?xml version="1.0" encoding="utf-8"?><testsuites name="pytest tests"><testsuite name="pytest" errors="0" failures="0" skipped="1" tests="7" time="1.345" timestamp="2026-08-07T19:18:38.645763+00:00" hostname="agent-env-e65c0563-02ac-4731-8630-371af0a74c08"><testcase classname="tests.test_iter22_features.TestWeeklyGuideRefreshCron" name="test_missing_secret_returns_401" time="0.407" /><testcase classname="tests.test_iter22_features.TestRecipientsBook" name="test_ops_forbidden_get" time="0.437" /><testcase classname="tests.test_iter22_features.TestWeeklyGuideRefreshCron" name="test_wrong_secret_returns_401" time="0.139" /><testcase classname="tests.test_iter22_features.TestRecipientsBook" name="test_ops_forbidden_put" time="0.051" /><testcase classname="tests.test_iter22_features.TestWeeklyGuideRefreshCron" name="test_valid_secret_returns_accepted" time="0.000"><skipped type="pytest.skip" message="Skipping repeat call to avoid hammering heavy background job (already confirmed 200 in previous run)">/app/backend/tests/test_iter22_features.py:102: Skipping repeat call to avoid hammering heavy background job (already confirmed 200 in previous run)</skipped></testcase><testcase classname="tests.test_iter22_features.TestRecipientsBook" name="test_admin_put_filters_invalid_and_dedupes" time="0.432" /><testcase classname="tests.test_iter22_features.TestRecipientsBook" name="test_admin_get_returns_persisted" time="0.072" /></testsuite></testsuites>