<?xml version="1.0" encoding="utf-8"?><testsuites name="pytest tests"><testsuite name="pytest" errors="0" failures="1" skipped="0" tests="12" time="4.062" timestamp="2026-08-09T00:20:35.622453+00:00" hostname="agent-env-e65c0563-02ac-4731-8630-371af0a74c08"><testcase classname="tests.test_iter59_scorecard_preview" name="test_scorecard" time="2.178"><failure message="AssertionError: source=&#10;assert '' in ('LIVE', 'LIVE TREND', 'DERIVED', 'DERIVED TREND')">backend/tests/test_iter59_scorecard_preview.py:30: in test_scorecard
    assert src in ("LIVE", "LIVE TREND", "DERIVED", "DERIVED TREND"), f"source={src}"
E   AssertionError: source=
E   assert '' in ('LIVE', 'LIVE TREND', 'DERIVED', 'DERIVED TREND')</failure></testcase><testcase classname="tests.test_iter59_scorecard_preview" name="test_scorecard_export" time="0.060" /><testcase classname="tests.test_iter59_scorecard_preview" name="test_digest_preview" time="0.063" /><testcase classname="tests.test_iter59_scorecard_preview" name="test_digest_send" time="0.820" /><testcase classname="tests.test_iter59_scorecard_preview" name="test_mover_rule_get" time="0.058" /><testcase classname="tests.test_iter59_scorecard_preview" name="test_regression[/api/sap/sod/conflicts]" time="0.062" /><testcase classname="tests.test_iter59_scorecard_preview" name="test_regression[/api/sap/autoremediation]" time="0.058" /><testcase classname="tests.test_iter59_scorecard_preview" name="test_regression[/api/sap/workflow/activity]" time="0.112" /><testcase classname="tests.test_iter59_scorecard_preview" name="test_regression[/api/sap/identities]" time="0.056" /><testcase classname="tests.test_iter59_scorecard_preview" name="test_regression[/api/sap/jml]" time="0.058" /><testcase classname="tests.test_iter59_scorecard_preview" name="test_regression[/api/sap/digest/config]" time="0.052" /><testcase classname="tests.test_iter59_scorecard_preview" name="test_regression[/api/sap/systems]" time="0.066" /></testsuite></testsuites>