<?xml version="1.0" encoding="utf-8"?><testsuites name="pytest tests"><testsuite name="pytest" errors="0" failures="0" skipped="0" tests="9" time="1.601" timestamp="2026-08-08T10:17:12.534905+00:00" hostname="agent-env-e65c0563-02ac-4731-8630-371af0a74c08"><testcase classname="tests.test_iter46_perf_asset" name="test_login" time="0.553" /><testcase classname="tests.test_iter46_perf_asset" name="test_risk_engine_lenses_fast" time="0.249" /><testcase classname="tests.test_iter46_perf_asset" name="test_economics" time="0.051" /><testcase classname="tests.test_iter46_perf_asset" name="test_strategic_economics" time="0.046" /><testcase classname="tests.test_iter46_perf_asset" name="test_no_mock_dep_ecdsa_remediate" time="0.082" /><testcase classname="tests.test_iter46_perf_asset" name="test_verify_connectors" time="0.264" /><testcase classname="tests.test_iter46_perf_asset" name="test_ledger" time="0.059" /><testcase classname="tests.test_iter46_perf_asset" name="test_assets_endpoint" time="0.099" /><testcase classname="tests.test_iter46_perf_asset" name="test_restore_dep_ecdsa" time="0.147" /></testsuite></testsuites>