<?xml version="1.0" encoding="utf-8"?><testsuites name="pytest tests"><testsuite name="pytest" errors="0" failures="0" skipped="0" tests="10" time="32.218" timestamp="2026-08-12T16:06:34.622422+00:00" hostname="agent-env-e65c0563-02ac-4731-8630-371af0a74c08"><testcase classname="tests.test_iter133_crisis_grounding.TestCrisisInsight" name="test_seed_demo_case" time="0.811" /><testcase classname="tests.test_iter133_crisis_grounding.TestCrisisInsight" name="test_crisis_insight_no_ref_grounded" time="5.838" /><testcase classname="tests.test_iter133_crisis_grounding.TestCrisisInsight" name="test_crisis_insight_with_ref" time="0.171" /><testcase classname="tests.test_iter133_crisis_grounding.TestCrisisInsight" name="test_crisis_insight_unknown_ref" time="0.073" /><testcase classname="tests.test_iter133_crisis_grounding.TestAdvisorGroundOnly" name="test_explain_ground_only_true_no_impact" time="7.159" /><testcase classname="tests.test_iter133_crisis_grounding.TestAdvisorGroundOnly" name="test_explain_default_has_impact" time="10.596" /><testcase classname="tests.test_iter133_crisis_grounding.TestConnectorCatalog" name="test_catalog_returns_all_categories" time="0.085" /><testcase classname="tests.test_iter133_crisis_grounding.TestConnectorCatalog" name="test_catalog_status_pill_data" time="0.112" /><testcase classname="tests.test_iter133_crisis_grounding.TestConnectorCatalog" name="test_health_feed" time="0.068" /><testcase classname="tests.test_iter133_crisis_grounding.TestSapInsightRegression" name="test_sap_insight_ok" time="7.230" /></testsuite></testsuites>