<?xml version="1.0" encoding="utf-8"?><testsuites name="pytest tests"><testsuite name="pytest" errors="0" failures="0" skipped="0" tests="12" time="16.499" timestamp="2026-08-08T00:36:55.166650+00:00" hostname="agent-env-e65c0563-02ac-4731-8630-371af0a74c08"><testcase classname="tests.test_iter33_security_scanner" name="test_ping_unauth" time="0.205" /><testcase classname="tests.test_iter33_security_scanner" name="test_run_live_scan" time="1.486" /><testcase classname="tests.test_iter33_security_scanner" name="test_latest_scan" time="0.044" /><testcase classname="tests.test_iter33_security_scanner" name="test_engine_get_bootstrap" time="0.077" /><testcase classname="tests.test_iter33_security_scanner" name="test_engine_pause_blocks_run" time="0.136" /><testcase classname="tests.test_iter33_security_scanner" name="test_engine_autoapply_toggle" time="0.052" /><testcase classname="tests.test_iter33_security_scanner" name="test_engine_run_now" time="13.983" /><testcase classname="tests.test_iter33_security_scanner" name="test_pending_approvals_present" time="0.055" /><testcase classname="tests.test_iter33_security_scanner" name="test_reject_approval" time="0.093" /><testcase classname="tests.test_iter33_security_scanner" name="test_remediate_toggle" time="0.182" /><testcase classname="tests.test_iter33_security_scanner" name="test_remediate_unknown" time="0.044" /><testcase classname="tests.test_iter33_security_scanner" name="test_assets_overview" time="0.059" /></testsuite></testsuites>