<?xml version="1.0" encoding="utf-8"?><testsuites name="pytest tests"><testsuite name="pytest" errors="0" failures="0" skipped="0" tests="9" time="1.475" timestamp="2026-08-07T17:57:15.093252+00:00" hostname="agent-env-e65c0563-02ac-4731-8630-371af0a74c08"><testcase classname="tests.test_iter19_deploy_docs.TestDeployAuth" name="test_onprem_unauth" time="0.140" /><testcase classname="tests.test_iter19_deploy_docs.TestDeployAuth" name="test_pdf_unauth" time="0.239" /><testcase classname="tests.test_iter19_deploy_docs.TestDeployAuth" name="test_docx_unauth" time="0.163" /><testcase classname="tests.test_iter19_deploy_docs.TestDeployAdmin" name="test_onprem_package" time="0.428" /><testcase classname="tests.test_iter19_deploy_docs.TestDeployAdmin" name="test_guide_pdf" time="0.106" /><testcase classname="tests.test_iter19_deploy_docs.TestDeployAdmin" name="test_guide_docx" time="0.057" /><testcase classname="tests.test_iter19_deploy_docs.TestDeployAuth" name="test_onprem_non_admin_forbidden" time="0.375" /><testcase classname="tests.test_iter19_deploy_docs.TestPWA" name="test_manifest" time="0.107" /><testcase classname="tests.test_iter19_deploy_docs.TestPWA" name="test_service_worker_file" time="0.098" /></testsuite></testsuites>