<?xml version="1.0" encoding="utf-8"?><testsuites name="pytest tests"><testsuite name="pytest" errors="0" failures="0" skipped="0" tests="11" time="7.676" timestamp="2026-08-12T23:06:46.754973+00:00" hostname="agent-env-e65c0563-02ac-4731-8630-371af0a74c08"><testcase classname="tests.test_iter150_cra_new_endpoints.TestSeedSampleProducts" name="test_seed_admin_creates_or_returns_note" time="2.086" /><testcase classname="tests.test_iter150_cra_new_endpoints.TestSeedSampleProducts" name="test_seed_idempotent_second_call" time="0.099" /><testcase classname="tests.test_iter150_cra_new_endpoints.TestSeedSampleProducts" name="test_seed_non_admin_forbidden" time="0.117" /><testcase classname="tests.test_iter150_cra_new_endpoints.TestVerificationLink" name="test_admin_creates_verification_link" time="2.274" /><testcase classname="tests.test_iter150_cra_new_endpoints.TestVerificationLink" name="test_non_admin_forbidden" time="0.107" /><testcase classname="tests.test_iter150_cra_new_endpoints.TestCRAInsight" name="test_insight_shape" time="4.775" /><testcase classname="tests.test_iter150_cra_new_endpoints.TestVerificationLink" name="test_public_verify_ok" time="0.212" /><testcase classname="tests.test_iter150_cra_new_endpoints.TestVerificationLink" name="test_public_verify_invalid_token" time="0.052" /><testcase classname="tests.test_iter150_cra_new_endpoints.TestCRAInsight" name="test_insight_requires_auth" time="0.052" /><testcase classname="tests.test_iter150_cra_new_endpoints.TestClearSamples" name="test_clear_non_admin_forbidden" time="0.045" /><testcase classname="tests.test_iter150_cra_new_endpoints.TestClearSamples" name="test_clear_and_reseed" time="0.162" /></testsuite></testsuites>