<?xml version="1.0" encoding="utf-8"?><testsuites name="pytest tests"><testsuite name="pytest" errors="0" failures="0" skipped="0" tests="5" time="5.101" timestamp="2026-08-10T19:33:33.230333+00:00" hostname="agent-env-e65c0563-02ac-4731-8630-371af0a74c08"><testcase classname="tests.test_iter105_card_share_and_incidents" name="test_login_admin" time="0.576" /><testcase classname="tests.test_iter105_card_share_and_incidents" name="test_ai_incidents_present" time="0.467" /><testcase classname="tests.test_iter105_card_share_and_incidents" name="test_card_share_full_flow" time="1.897" /><testcase classname="tests.test_iter105_card_share_and_incidents" name="test_card_share_invalid_token" time="0.185" /><testcase classname="tests.test_iter105_card_share_and_incidents" name="test_card_share_requires_admin" time="1.630" /></testsuite></testsuites>