<?xml version="1.0" encoding="utf-8"?><testsuites name="pytest tests"><testsuite name="pytest" errors="0" failures="0" skipped="0" tests="14" time="92.200" timestamp="2026-08-10T22:14:07.037317+00:00" hostname="agent-env-e65c0563-02ac-4731-8630-371af0a74c08"><testcase classname="tests.test_iter112_globe_drilldown_trusted_ips.TestAccessGlobeDrilldown" name="test_requires_auth" time="0.135" /><testcase classname="tests.test_iter112_globe_drilldown_trusted_ips.TestAccessGlobeDrilldown" name="test_points_have_drilldown_fields" time="0.539" /><testcase classname="tests.test_iter112_globe_drilldown_trusted_ips.TestBoardAccessMapPDF" name="test_requires_auth" time="0.048" /><testcase classname="tests.test_iter112_globe_drilldown_trusted_ips.TestBoardAccessMapPDF" name="test_pdf_valid_and_contents" time="27.610" /><testcase classname="tests.test_iter112_globe_drilldown_trusted_ips.TestTrustedIPRanges" name="test_get_returns_field" time="0.066" /><testcase classname="tests.test_iter112_globe_drilldown_trusted_ips.TestTrustedIPRanges" name="test_put_validates_trims_dedupes" time="0.116" /><testcase classname="tests.test_iter112_globe_drilldown_trusted_ips.TestTrustedIPRanges" name="test_put_clear" time="0.119" /><testcase classname="tests.test_iter112_globe_drilldown_trusted_ips.TestTrustedIPRanges" name="test_trusted_countries_still_works" time="0.120" /><testcase classname="tests.test_iter112_globe_drilldown_trusted_ips.TestRegression" name="test_geo_room_pdf_custody_map" time="30.312" /><testcase classname="tests.test_iter112_globe_drilldown_trusted_ips.TestRegression" name="test_no_geo_room_pdf" time="32.805" /><testcase classname="tests.test_iter112_globe_drilldown_trusted_ips.TestRegression" name="test_shared_card_access_log_endpoint_exists" time="0.079" /><testcase classname="tests.test_iter112_globe_drilldown_trusted_ips.TestRegression" name="test_custody_csv_endpoint" time="0.064" /><testcase classname="tests.test_iter112_globe_drilldown_trusted_ips.TestRegression" name="test_custody_pdf_endpoint" time="0.064" /><testcase classname="tests.test_iter112_globe_drilldown_trusted_ips.TestRegression" name="test_defensibility_endpoint_healthy" time="0.064" /></testsuite></testsuites>