<?xml version="1.0" encoding="utf-8"?><testsuites name="pytest tests"><testsuite name="pytest" errors="0" failures="0" skipped="0" tests="7" time="2.981" timestamp="2026-08-11T01:15:17.063991+00:00" hostname="agent-env-e65c0563-02ac-4731-8630-371af0a74c08"><testcase classname="tests.test_iter119_mute_status_trust_link_audit_digest_pdf" name="test_mute_status_unmuted_then_muted_then_resume" time="0.792" /><testcase classname="tests.test_iter119_mute_status_trust_link_audit_digest_pdf" name="test_snooze_instant_without_reason_400" time="0.050" /><testcase classname="tests.test_iter119_mute_status_trust_link_audit_digest_pdf" name="test_snooze_instant_with_reason_ok" time="0.107" /><testcase classname="tests.test_iter119_mute_status_trust_link_audit_digest_pdf" name="test_snooze_schedule_without_reason_400" time="0.048" /><testcase classname="tests.test_iter119_mute_status_trust_link_audit_digest_pdf" name="test_snooze_schedule_with_reason_ok" time="0.097" /><testcase classname="tests.test_iter119_mute_status_trust_link_audit_digest_pdf" name="test_trust_apply_writes_trust_link_used_audit" time="0.175" /><testcase classname="tests.test_iter119_mute_status_trust_link_audit_digest_pdf" name="test_audit_digest_pdf_returns_pdf" time="1.151" /></testsuite></testsuites>