<?xml version="1.0" encoding="utf-8"?><testsuites name="pytest tests"><testsuite name="pytest" errors="0" failures="0" skipped="0" tests="6" time="6.208" timestamp="2026-08-13T01:59:58.818991+00:00" hostname="agent-env-e65c0563-02ac-4731-8630-371af0a74c08"><testcase classname="tests.test_iter156_exec_powerups" name="test_ai_monitor_days[7]" time="0.684" /><testcase classname="tests.test_iter156_exec_powerups" name="test_ai_monitor_days[30]" time="0.048" /><testcase classname="tests.test_iter156_exec_powerups" name="test_ai_monitor_days[90]" time="0.049" /><testcase classname="tests.test_iter156_exec_powerups" name="test_exec_snapshot_crud" time="0.202" /><testcase classname="tests.test_iter156_exec_powerups" name="test_exec_email_settings_persist" time="0.142" /><testcase classname="tests.test_iter156_exec_powerups" name="test_exec_email_send_now" time="4.758" /></testsuite></testsuites>