<?xml version="1.0" encoding="utf-8"?><testsuites name="pytest tests"><testsuite name="pytest" errors="0" failures="0" skipped="0" tests="13" time="5.156" timestamp="2026-08-13T02:57:14.015863+00:00" hostname="agent-env-e65c0563-02ac-4731-8630-371af0a74c08"><testcase classname="tests.test_iter159_burndown_workload_filters.TestRiskBurndownTarget" name="test_get_risk_target" time="2.215" /><testcase classname="tests.test_iter159_burndown_workload_filters.TestRegisterFiltersAndSort" name="test_csv_all" time="2.254" /><testcase classname="tests.test_iter159_burndown_workload_filters.TestRiskBurndownTarget" name="test_put_risk_target_admin" time="0.049" /><testcase classname="tests.test_iter159_burndown_workload_filters.TestRegisterFiltersAndSort" name="test_csv_rating_critical" time="0.106" /><testcase classname="tests.test_iter159_burndown_workload_filters.TestRiskBurndownTarget" name="test_put_target_validation" time="0.059" /><testcase classname="tests.test_iter159_burndown_workload_filters.TestBackgroundJobs" name="test_import_owner_digest_and_tick" time="0.307" /><testcase classname="tests.test_iter159_burndown_workload_filters.TestRegisterFiltersAndSort" name="test_csv_rating_reduces_rows" time="0.196" /><testcase classname="tests.test_iter159_burndown_workload_filters.TestRegisterFiltersAndSort" name="test_pdf_filter_and_sort" time="0.080" /><testcase classname="tests.test_iter159_burndown_workload_filters.TestBackgroundJobs" name="test_owner_digest_html_render" time="0.000" /><testcase classname="tests.test_iter159_burndown_workload_filters.TestBackgroundJobs" name="test_weekly_cron_registered" time="1.525" /><testcase classname="tests.test_iter159_burndown_workload_filters.TestRegisterFiltersAndSort" name="test_owner_unassigned_filter" time="0.146" /><testcase classname="tests.test_iter159_burndown_workload_filters.TestRiskCorrelation" name="test_risk_correlation_ok" time="0.060" /><testcase classname="tests.test_iter159_burndown_workload_filters.TestAuthGuards" name="test_put_target_unauth" time="0.111" /></testsuite></testsuites>