<?xml version="1.0" encoding="utf-8"?><testsuites name="pytest tests"><testsuite name="pytest" errors="0" failures="0" skipped="0" tests="13" time="4.267" timestamp="2026-08-11T18:57:57.017960+00:00" hostname="agent-env-e65c0563-02ac-4731-8630-371af0a74c08"><testcase classname="tests.test_ci_iteration_124.TestOwnerMute" name="test_get_default_false" time="0.635" /><testcase classname="tests.test_ci_iteration_124.TestOwnerMute" name="test_put_true_persists" time="0.133" /><testcase classname="tests.test_ci_iteration_124.TestOwnerMute" name="test_put_false_persists" time="0.131" /><testcase classname="tests.test_ci_iteration_124.TestOwnerMute" name="test_owner_nudge_preview_muted_reflection" time="0.212" /><testcase classname="tests.test_ci_iteration_124.TestAuditorLink" name="test_revoke_then_get_inactive" time="0.141" /><testcase classname="tests.test_ci_iteration_124.TestAuditorLink" name="test_generate_with_days" time="0.066" /><testcase classname="tests.test_ci_iteration_124.TestAuditorLink" name="test_get_active" time="0.070" /><testcase classname="tests.test_ci_iteration_124.TestAuditorLink" name="test_reissue_new_token" time="0.193" /><testcase classname="tests.test_ci_iteration_124.TestAuditorLink" name="test_revoke" time="0.254" /><testcase classname="tests.test_ci_iteration_124.TestSignedPdf" name="test_generate_and_download" time="1.633" /><testcase classname="tests.test_ci_iteration_124.TestSignedPdf" name="test_invalid_token_404" time="0.148" /><testcase classname="tests.test_ci_iteration_124.TestBriefRecipients" name="test_recipients_shape" time="0.082" /><testcase classname="tests.test_ci_iteration_124.TestBriefRecipients" name="test_recipients_update_after_settings" time="0.492" /></testsuite></testsuites>