<?xml version="1.0" encoding="utf-8"?><testsuites name="pytest tests"><testsuite name="pytest" errors="0" failures="0" skipped="0" tests="12" time="4.176" timestamp="2026-08-12T19:34:55.230510+00:00" hostname="agent-env-e65c0563-02ac-4731-8630-371af0a74c08"><testcase classname="tests.test_iter142_crisis_webhook_map_sse_library" name="test_webhook_test_map_vendors[generic-payload0]" time="1.476" /><testcase classname="tests.test_iter142_crisis_webhook_map_sse_library" name="test_webhook_test_map_vendors[crowdstrike-payload1]" time="0.138" /><testcase classname="tests.test_iter142_crisis_webhook_map_sse_library" name="test_webhook_test_map_vendors[splunk-payload2]" time="0.116" /><testcase classname="tests.test_iter142_crisis_webhook_map_sse_library" name="test_webhook_test_map_vendors[sentinel-payload3]" time="0.125" /><testcase classname="tests.test_iter142_crisis_webhook_map_sse_library" name="test_webhook_test_map_vendors[servicenow-payload4]" time="0.130" /><testcase classname="tests.test_iter142_crisis_webhook_map_sse_library" name="test_ingest_webhook_native_format_crowdstrike" time="0.253" /><testcase classname="tests.test_iter142_crisis_webhook_map_sse_library" name="test_ingest_webhook_invalid_secret_401" time="0.140" /><testcase classname="tests.test_iter142_crisis_webhook_map_sse_library" name="test_snapshot_sse_stream_emits_data" time="0.479" /><testcase classname="tests.test_iter142_crisis_webhook_map_sse_library" name="test_snapshot_sse_invalid_token_error" time="0.124" /><testcase classname="tests.test_iter142_crisis_webhook_map_sse_library" name="test_scenario_library_has_4" time="0.119" /><testcase classname="tests.test_iter142_crisis_webhook_map_sse_library" name="test_scenario_start_advance_stop" time="0.504" /><testcase classname="tests.test_iter142_crisis_webhook_map_sse_library" name="test_zz_cleanup_demo" time="0.247" /></testsuite></testsuites>