<?xml version="1.0" encoding="utf-8"?><testsuites name="pytest tests"><testsuite name="pytest" errors="0" failures="0" skipped="0" tests="13" time="2.501" timestamp="2026-08-09T19:49:17.321402+00:00" hostname="agent-env-e65c0563-02ac-4731-8630-371af0a74c08"><testcase classname="tests.test_sla_and_bulk" name="test_sla_config_get_admin" time="0.873" /><testcase classname="tests.test_sla_and_bulk" name="test_sla_config_get_anon_forbidden" time="0.142" /><testcase classname="tests.test_sla_and_bulk" name="test_sla_config_put_admin_and_persist" time="0.212" /><testcase classname="tests.test_sla_and_bulk" name="test_sla_config_put_anon_forbidden" time="0.044" /><testcase classname="tests.test_sla_and_bulk" name="test_room_sla_put_and_clear" time="0.241" /><testcase classname="tests.test_sla_and_bulk" name="test_room_sla_put_anon_forbidden" time="0.096" /><testcase classname="tests.test_sla_and_bulk" name="test_audit_request_analytics_trend" time="0.052" /><testcase classname="tests.test_sla_and_bulk" name="test_bulk_status_filter_admin" time="0.052" /><testcase classname="tests.test_sla_and_bulk" name="test_bulk_status_filter_anon_forbidden" time="0.046" /><testcase classname="tests.test_sla_and_bulk" name="test_admin_downloads_200[/api/deploy/onprem-package]" time="0.297" /><testcase classname="tests.test_sla_and_bulk" name="test_admin_downloads_200[/api/deploy/guide.pdf]" time="0.103" /><testcase classname="tests.test_sla_and_bulk" name="test_admin_downloads_200[/api/deploy/compliance-evidence]" time="0.122" /><testcase classname="tests.test_sla_and_bulk" name="test_admin_downloads_200[/api/sap/workflow/activity/export?format=pdf]" time="0.159" /></testsuite></testsuites>