<?xml version="1.0" encoding="utf-8"?><testsuites name="pytest tests"><testsuite name="pytest" errors="0" failures="0" skipped="0" tests="6" time="3.047" timestamp="2026-08-11T23:47:56.667973+00:00" hostname="agent-env-e65c0563-02ac-4731-8630-371af0a74c08"><testcase classname="tests.test_iter130_hallucination" name="test_check_flags_unsupported" time="0.537" /><testcase classname="tests.test_iter130_hallucination" name="test_check_hybrid_with_llm" time="2.118" /><testcase classname="tests.test_iter130_hallucination" name="test_summary_admin" time="0.050" /><testcase classname="tests.test_iter130_hallucination" name="test_log_admin" time="0.050" /><testcase classname="tests.test_iter130_hallucination" name="test_log_unauthenticated" time="0.117" /><testcase classname="tests.test_iter130_hallucination" name="test_summary_unauthenticated" time="0.120" /></testsuite></testsuites>