<?xml version="1.0" encoding="utf-8"?><testsuites name="pytest tests"><testsuite name="pytest" errors="0" failures="0" skipped="0" tests="7" time="7.874" timestamp="2026-08-12T20:30:24.486560+00:00" hostname="agent-env-e65c0563-02ac-4731-8630-371af0a74c08"><testcase classname="tests.test_iter144_crisis_ext.TestBoardAutoPresentOnClose" name="test_close_real_case_triggers_autopresent" time="2.921" /><testcase classname="tests.test_iter144_crisis_ext.TestConnectorHealth" name="test_native_includes_health_fields" time="0.787" /><testcase classname="tests.test_iter144_crisis_ext.TestConnectorHealth" name="test_connectors_health_endpoint" time="0.085" /><testcase classname="tests.test_iter144_crisis_ext.TestConnectorHealth" name="test_splunk_ingest_updates_health" time="0.524" /><testcase classname="tests.test_iter144_crisis_ext.TestBoardAutoPresentOnClose" name="test_demo_case_close_does_not_trigger" time="1.204" /><testcase classname="tests.test_iter144_crisis_ext.TestAutoSitrepCadence" name="test_sitrep_schedule_hours_patch_persists" time="0.591" /><testcase classname="tests.test_iter144_crisis_ext.TestAutoSitrepCadence" name="test_run_scheduled_sitreps_writes_single_event" time="2.093" /></testsuite></testsuites>