<?xml version="1.0" encoding="utf-8"?><testsuites name="pytest tests"><testsuite name="pytest" errors="0" failures="0" skipped="1" tests="8" time="8.688" timestamp="2026-08-13T00:06:57.053191+00:00" hostname="agent-env-e65c0563-02ac-4731-8630-371af0a74c08"><testcase classname="tests.test_iter152_cra_scorecard_brief" name="test_controls_product_status_present" time="1.667" /><testcase classname="tests.test_iter152_cra_scorecard_brief" name="test_brief_pdf_download" time="5.483" /><testcase classname="tests.test_iter152_cra_scorecard_brief" name="test_brief_pdf_no_products_returns_400" time="0.415" /><testcase classname="tests.test_iter152_cra_scorecard_brief" name="test_scorecard_link_nonadmin_forbidden" time="0.050" /><testcase classname="tests.test_iter152_cra_scorecard_brief" name="test_public_scorecard_shape_and_no_product_names" time="0.222" /><testcase classname="tests.test_iter152_cra_scorecard_brief" name="test_public_scorecard_rejects_auditor_token" time="0.324" /><testcase classname="tests.test_iter152_cra_scorecard_brief" name="test_verification_link_cap_5_then_429" time="0.046"><skipped type="pytest.skip" message="could not create fresh product: 422 {&quot;detail&quot;:[{&quot;type&quot;:&quot;missing&quot;,&quot;loc&quot;:[&quot;body&quot;,&quot;manufacturer_name&quot;],&quot;msg&quot;:&quot;Field required&quot;,&quot;input&quot;:{&quot;ref&quot;:&quot;CRA-ITER152-CC589679&quot;,&quot;name&quot;:&quot;Iter152 GuardTest CRA-ITER152-CC589679&quot;,&quot;category&quot;:&quot;hardware&quot;,&quot;lifecycle_stage&quot;:&quot;development&quot;,&quot;risk_class&quot;:&quot;important-class-i&quot;}}]}">/app/backend/tests/test_iter152_cra_scorecard_brief.py:155: could not create fresh product: 422 {"detail":[{"type":"missing","loc":["body","manufacturer_name"],"msg":"Field required","input":{"ref":"CRA-ITER152-CC589679","name":"Iter152 GuardTest CRA-ITER152-CC589679","category":"hardware","lifecycle_stage":"development","risk_class":"important-class-i"}}]}</skipped></testcase><testcase classname="tests.test_iter152_cra_scorecard_brief" name="test_scorecard_link_cap_5_then_429_best_effort" time="0.143" /></testsuite></testsuites>