<?xml version="1.0" encoding="utf-8"?><testsuites name="pytest tests"><testsuite name="pytest" errors="0" failures="2" skipped="0" tests="6" time="1.617" timestamp="2026-08-11T18:39:20.492188+00:00" hostname="agent-env-e65c0563-02ac-4731-8630-371af0a74c08"><testcase classname="tests.test_ci_iteration_123" name="test_cadence_quarterly_roundtrip" time="0.713" /><testcase classname="tests.test_ci_iteration_123" name="test_cadence_invalid_coerces_monthly" time="0.066" /><testcase classname="tests.test_ci_iteration_123" name="test_auditor_link_generate" time="0.067" /><testcase classname="tests.test_ci_iteration_123" name="test_public_auditor_valid" time="0.143"><failure message="AssertionError: missing org in ['org_name', 'generated_at', 'expires_at', 'health', 'coverage', 'total', 'passing', 'avg_eff', 'avg_maturity', 'frameworks', 'weak_controls']&#10;assert 'org' in {'org_name': 'Obserra — Executive Protection &amp; Intelligence LLC', 'generated_at': '2026-08-11T18:39:21.713401+00:00', 'expires_at': '2026-11-09T18:37:31.453681+00:00', 'health': 89, ...}">backend/tests/test_ci_iteration_123.py:61: in test_public_auditor_valid
    assert k in data, f"missing {k} in {list(data.keys())}"
E   AssertionError: missing org in ['org_name', 'generated_at', 'expires_at', 'health', 'coverage', 'total', 'passing', 'avg_eff', 'avg_maturity', 'frameworks', 'weak_controls']
E   assert 'org' in {'org_name': 'Obserra — Executive Protection &amp; Intelligence LLC', 'generated_at': '2026-08-11T18:39:21.713401+00:00', 'expires_at': '2026-11-09T18:37:31.453681+00:00', 'health': 89, ...}</failure></testcase><testcase classname="tests.test_ci_iteration_123" name="test_public_auditor_invalid" time="0.130" /><testcase classname="tests.test_ci_iteration_123" name="test_nudge_preview_per_owner" time="0.146"><failure message="AssertionError: group missing personalized: ['owner', 'count', 'email', 'controls']&#10;assert 'personalized' in {'owner': 'Dana Ops', 'count': 1, 'email': 'analyst@obserra.demo', 'controls': [{'control_id': 'IAM-3', 'name': 'Privileged Access Management', 'status': 'Failing', 'effectiveness': 47, ...}]}">backend/tests/test_ci_iteration_123.py:77: in test_nudge_preview_per_owner
    assert "personalized" in g, f"group missing personalized: {list(g.keys())}"
E   AssertionError: group missing personalized: ['owner', 'count', 'email', 'controls']
E   assert 'personalized' in {'owner': 'Dana Ops', 'count': 1, 'email': 'analyst@obserra.demo', 'controls': [{'control_id': 'IAM-3', 'name': 'Privileged Access Management', 'status': 'Failing', 'effectiveness': 47, ...}]}</failure></testcase></testsuite></testsuites>