<?xml version="1.0" encoding="utf-8"?><testsuites name="pytest tests"><testsuite name="pytest" errors="0" failures="0" skipped="0" tests="10" time="3.996" timestamp="2026-08-10T19:48:44.689170+00:00" hostname="agent-env-e65c0563-02ac-4731-8630-371af0a74c08"><testcase classname="tests.test_iter106_share_center.TestShareCenter" name="test_list_contains_minted" time="0.803" /><testcase classname="tests.test_iter106_share_center.TestShareCenter" name="test_stats_no_increment" time="0.106" /><testcase classname="tests.test_iter106_share_center.TestShareCenter" name="test_public_open_increments" time="0.232" /><testcase classname="tests.test_iter106_share_center.TestShareCenter" name="test_public_pdf_increments_downloads" time="1.316" /><testcase classname="tests.test_iter106_share_center.TestShareCenter" name="test_attach_toggle" time="0.102" /><testcase classname="tests.test_iter106_share_center.TestShareCenter" name="test_board_digest_preview_includes_card" time="0.283" /><testcase classname="tests.test_iter106_share_center.TestShareCenter" name="test_attach_off_removes_from_digest" time="0.252" /><testcase classname="tests.test_iter106_share_center.TestShareCenter" name="test_revoke_and_public_404" time="0.336" /><testcase classname="tests.test_iter106_share_center.TestShareCenter" name="test_revoke_unknown_token_404" time="0.051" /><testcase classname="tests.test_iter106_share_center.TestShareCenter" name="test_unauth_endpoints_reject" time="0.181" /></testsuite></testsuites>