<?xml version="1.0" encoding="utf-8"?><testsuites name="pytest tests"><testsuite name="pytest" errors="0" failures="0" skipped="0" tests="22" time="3.293" timestamp="2026-08-09T20:21:35.577590+00:00" hostname="agent-env-e65c0563-02ac-4731-8630-371af0a74c08"><testcase classname="tests.test_iter86_escalation_digest_heatmap.TestAuditRegression" name="test_audit_rooms" time="1.876" /><testcase classname="tests.test_iter86_escalation_digest_heatmap.TestEscalationConfig" name="test_get_default" time="1.872" /><testcase classname="tests.test_iter86_escalation_digest_heatmap.TestEscalationConfig" name="test_put_validates_emails_and_clamps_multiplier" time="0.050" /><testcase classname="tests.test_iter86_escalation_digest_heatmap.TestAuditRegression" name="test_audit_comments" time="0.051" /><testcase classname="tests.test_iter86_escalation_digest_heatmap.TestEscalationConfig" name="test_put_clamps_low_multiplier" time="0.049" /><testcase classname="tests.test_iter86_escalation_digest_heatmap.TestAuditRegression" name="test_sla_config_get" time="0.050" /><testcase classname="tests.test_iter86_escalation_digest_heatmap.TestEscalationConfig" name="test_restore_defaults" time="0.049" /><testcase classname="tests.test_iter86_escalation_digest_heatmap.TestAuditRegression" name="test_sla_config_put" time="0.047" /><testcase classname="tests.test_iter86_escalation_digest_heatmap.TestDigestSchedule" name="test_get_default" time="0.048" /><testcase classname="tests.test_iter86_escalation_digest_heatmap.TestAuditRegression" name="test_room_sla_put" time="0.103" /><testcase classname="tests.test_iter86_escalation_digest_heatmap.TestDigestSchedule" name="test_put_days_dedupe_and_sort" time="0.086" /><testcase classname="tests.test_iter86_escalation_digest_heatmap.TestAuditRegression" name="test_analytics" time="0.062" /><testcase classname="tests.test_iter86_escalation_digest_heatmap.TestDigestSchedule" name="test_put_empty_days_defaults_all_seven" time="0.052" /><testcase classname="tests.test_iter86_escalation_digest_heatmap.TestAuditRegression" name="test_reply_templates" time="0.097" /><testcase classname="tests.test_iter86_escalation_digest_heatmap.TestDigestSchedule" name="test_restore_all_days" time="0.048" /><testcase classname="tests.test_iter86_escalation_digest_heatmap.TestAuditRegression" name="test_export_csv" time="0.060" /><testcase classname="tests.test_iter86_escalation_digest_heatmap.TestAuditRegression" name="test_bulk_status" time="0.050" /><testcase classname="tests.test_iter86_escalation_digest_heatmap.TestAuditRegression" name="test_bulk_status_filter" time="0.047" /><testcase classname="tests.test_iter86_escalation_digest_heatmap.TestAuditRegression" name="test_public_portal" time="0.160" /><testcase classname="tests.test_iter86_escalation_digest_heatmap.TestAuditRegression" name="test_health_detail" time="0.051" /><testcase classname="tests.test_iter86_escalation_digest_heatmap.TestAuditRegression" name="test_backups" time="0.049" /><testcase classname="tests.test_iter86_escalation_digest_heatmap.TestAuditRegression" name="test_guide_pdf" time="0.139" /></testsuite></testsuites>