<?xml version="1.0" encoding="utf-8"?><testsuites name="pytest tests"><testsuite name="pytest" errors="0" failures="0" skipped="0" tests="11" time="9.172" timestamp="2026-08-12T17:20:38.006426+00:00" hostname="agent-env-e65c0563-02ac-4731-8630-371af0a74c08"><testcase classname="tests.test_iter137_crisis_sla_reportpack" name="test_demo_seed_sets_decision_due_at_on_pending" time="0.908" /><testcase classname="tests.test_iter137_crisis_sla_reportpack" name="test_new_decision_action_has_sla_matching_priority[Critical-1]" time="0.070" /><testcase classname="tests.test_iter137_crisis_sla_reportpack" name="test_new_decision_action_has_sla_matching_priority[High-2]" time="0.076" /><testcase classname="tests.test_iter137_crisis_sla_reportpack" name="test_new_decision_action_has_sla_matching_priority[Medium-4]" time="0.076" /><testcase classname="tests.test_iter137_crisis_sla_reportpack" name="test_new_decision_action_has_sla_matching_priority[Low-8]" time="0.137" /><testcase classname="tests.test_iter137_crisis_sla_reportpack" name="test_non_decision_action_no_sla" time="0.077" /><testcase classname="tests.test_iter137_crisis_sla_reportpack" name="test_report_pack_pdf_download_on_closed_case" time="0.283" /><testcase classname="tests.test_iter137_crisis_sla_reportpack" name="test_report_pack_forbidden_for_viewer" time="0.122" /><testcase classname="tests.test_iter137_crisis_sla_reportpack" name="test_regression_connectors_health" time="0.068" /><testcase classname="tests.test_iter137_crisis_sla_reportpack" name="test_regression_crisis_insight" time="7.218" /><testcase classname="tests.test_iter137_crisis_sla_reportpack" name="test_regression_servicenow_ingest_400" time="0.065" /></testsuite></testsuites>