<?xml version="1.0" encoding="utf-8"?><testsuites name="pytest tests"><testsuite name="pytest" errors="0" failures="0" skipped="0" tests="12" time="6.559" timestamp="2026-08-12T20:49:08.735802+00:00" hostname="agent-env-e65c0563-02ac-4731-8630-371af0a74c08"><testcase classname="tests.test_iter145_crisis_ext.TestConnectorTestPing" name="test_ping_crowdstrike_updates_health_no_case" time="2.047" /><testcase classname="tests.test_iter145_crisis_ext.TestConnectorTestPing" name="test_ping_all_vendors_ok" time="0.284" /><testcase classname="tests.test_iter145_crisis_ext.TestSitrepConsole" name="test_preview_and_note_persist" time="0.378" /><testcase classname="tests.test_iter145_crisis_ext.TestSitrepConsole" name="test_send_now_posts_and_writes_timeline" time="2.616" /><testcase classname="tests.test_iter145_crisis_ext.TestDirectorDigest" name="test_settings_toggle_persists" time="0.238" /><testcase classname="tests.test_iter145_crisis_ext.TestDirectorDigest" name="test_send_now_no_open_returns_zero" time="0.041" /><testcase classname="tests.test_iter145_crisis_ext.TestDirectorDigest" name="test_run_weekly_only_for_opt_in_orgs" time="0.080" /><testcase classname="tests.test_iter145_crisis_ext.TestConnectorQuiet" name="test_quiet_check_endpoint_shape" time="0.065" /><testcase classname="tests.test_iter145_crisis_ext.TestConnectorQuiet" name="test_backdate_connector_and_scan_flags" time="0.361" /><testcase classname="tests.test_iter145_crisis_ext.TestConnectorQuiet" name="test_run_quiet_alerts_opt_in_gated" time="0.067" /><testcase classname="tests.test_iter145_crisis_ext.TestAuthGating" name="test_settings_requires_auth" time="0.162" /><testcase classname="tests.test_iter145_crisis_ext.TestAuthGating" name="test_connector_test_requires_auth" time="0.138" /></testsuite></testsuites>