<?xml version="1.0" encoding="utf-8"?><testsuites name="pytest tests"><testsuite name="pytest" errors="0" failures="1" skipped="0" tests="24" time="2.828" timestamp="2026-08-07T05:35:56.999312+00:00" hostname="agent-env-e65c0563-02ac-4731-8630-371af0a74c08"><testcase classname="tests.test_iter7_agents_enterprise.TestEnterpriseConnectors" name="test_list_8_connectors" time="0.616" /><testcase classname="tests.test_iter7_agents_enterprise.TestAIAgents" name="test_list_agents_composition" time="0.664" /><testcase classname="tests.test_iter7_agents_enterprise.TestEnterpriseConnectors" name="test_connect_sync_disconnect_flow" time="0.137" /><testcase classname="tests.test_iter7_agents_enterprise.TestAIAgents" name="test_patch_forbidden_for_operational" time="0.583" /><testcase classname="tests.test_iter7_agents_enterprise.TestAIAgents" name="test_redteam_forbidden_for_operational" time="0.083" /><testcase classname="tests.test_iter7_agents_enterprise.TestEnterpriseConnectors" name="test_connect_admin_only" time="0.541" /><testcase classname="tests.test_iter7_agents_enterprise.TestEnterpriseConnectors" name="test_sync_requires_connected" time="0.084" /><testcase classname="tests.test_iter7_agents_enterprise.TestAIAgents" name="test_redteam_critical_composes_kernel" time="0.190"><failure message="KeyError: 'type'">tests/test_iter7_agents_enterprise.py:113: in test_redteam_critical_composes_kernel
    assert any(n["type"] == "agent_risk" and n.get("ref") == "AGT-002" for n in notifs)
           ^^^^^^^^^^^^^^^^^^^^^^^^^^^^^^^^^^^^^^^^^^^^^^^^^^^^^^^^^^^^^^^^^^^^^^^^^^^^
tests/test_iter7_agents_enterprise.py:113: in &lt;genexpr&gt;
    assert any(n["type"] == "agent_risk" and n.get("ref") == "AGT-002" for n in notifs)
               ^^^^^^^^^
E   KeyError: 'type'</failure></testcase><testcase classname="tests.test_iter7_agents_enterprise.TestSSOSCIM" name="test_get_config" time="0.045" /><testcase classname="tests.test_iter7_agents_enterprise.TestSSOSCIM" name="test_update_sso" time="0.092" /><testcase classname="tests.test_iter7_agents_enterprise.TestSSOSCIM" name="test_sso_admin_only" time="0.046" /><testcase classname="tests.test_iter7_agents_enterprise.TestAIAgents" name="test_harden_yields_score_100" time="0.130" /><testcase classname="tests.test_iter7_agents_enterprise.TestSSOSCIM" name="test_scim_toggle_issues_token" time="0.091" /><testcase classname="tests.test_iter7_agents_enterprise.TestRemediationKPI" name="test_kpi_shape" time="0.085" /><testcase classname="tests.test_iter7_agents_enterprise.TestRegression" name="test_manifest" time="0.048" /><testcase classname="tests.test_iter7_agents_enterprise.TestRegression" name="test_kernel_health" time="0.055" /><testcase classname="tests.test_iter7_agents_enterprise.TestRemediationKPI" name="test_kpi_accessible_operational" time="0.086" /><testcase classname="tests.test_iter7_agents_enterprise.TestRegression" name="test_policies_list" time="0.047" /><testcase classname="tests.test_iter7_agents_enterprise.TestRegression" name="test_policy_simulate" time="0.086" /><testcase classname="tests.test_iter7_agents_enterprise.TestPolicyHistory" name="test_patch_records_history" time="0.179" /><testcase classname="tests.test_iter7_agents_enterprise.TestABAC" name="test_create_list_delete" time="0.175" /><testcase classname="tests.test_iter7_agents_enterprise.TestPolicyHistory" name="test_history_admin_only" time="0.047" /><testcase classname="tests.test_iter7_agents_enterprise" name="test_zzz_cleanup" time="0.264" /><testcase classname="tests.test_iter7_agents_enterprise.TestABAC" name="test_create_admin_only" time="0.046" /></testsuite></testsuites>