<?xml version="1.0" encoding="utf-8"?><testsuites name="pytest tests"><testsuite name="pytest" errors="0" failures="0" skipped="0" tests="5" time="1.805" timestamp="2026-08-07T18:17:35.496542+00:00" hostname="agent-env-e65c0563-02ac-4731-8630-371af0a74c08"><testcase classname="tests.test_iter20_polish" name="test_regenerate_guides_unauth" time="0.256" /><testcase classname="tests.test_iter20_polish" name="test_regenerate_guides_ops_forbidden" time="0.427" /><testcase classname="tests.test_iter20_polish" name="test_regenerate_guides_admin_ok" time="0.567" /><testcase classname="tests.test_iter20_polish" name="test_guide_pdf_after_regenerate" time="0.136" /><testcase classname="tests.test_iter20_polish" name="test_guide_docx_after_regenerate" time="0.064" /></testsuite></testsuites>