<?xml version="1.0" encoding="utf-8"?><testsuites name="pytest tests"><testsuite name="pytest" errors="0" failures="0" skipped="0" tests="7" time="7.024" timestamp="2026-08-08T14:59:51.587491+00:00" hostname="agent-env-e65c0563-02ac-4731-8630-371af0a74c08"><testcase classname="tests.test_sap_uac_iter52" name="test_insight_structure" time="5.837" /><testcase classname="tests.test_sap_uac_iter52" name="test_activation_suspend_then_resume_then_deactivate_then_activate" time="0.255" /><testcase classname="tests.test_sap_uac_iter52" name="test_bulk_suspend_all_active" time="0.391" /><testcase classname="tests.test_sap_uac_iter52" name="test_create_user" time="0.051" /><testcase classname="tests.test_sap_uac_iter52" name="test_advisor_plan_suspend_all" time="0.054" /><testcase classname="tests.test_sap_uac_iter52" name="test_advisor_plan_deactivate_terminated" time="0.050" /><testcase classname="tests.test_sap_uac_iter52" name="test_advisor_plan_create_guidance" time="0.045" /></testsuite></testsuites>