<?xml version="1.0" encoding="utf-8"?><testsuites name="pytest tests"><testsuite name="pytest" errors="0" failures="0" skipped="0" tests="22" time="7.051" timestamp="2026-08-13T02:25:44.212491+00:00" hostname="agent-env-e65c0563-02ac-4731-8630-371af0a74c08"><testcase classname="tests.test_iter157_risk_correlation_and_exec" name="test_liveness_endpoint_200[/api/cra/dashboard]" time="0.890" /><testcase classname="tests.test_iter157_risk_correlation_and_exec.TestAiMonitorTrendLength" name="test_trend_length[7]" time="0.949" /><testcase classname="tests.test_iter157_risk_correlation_and_exec" name="test_liveness_endpoint_200[/api/cra/products]" time="0.057" /><testcase classname="tests.test_iter157_risk_correlation_and_exec" name="test_liveness_endpoint_200[/api/cra/assessments]" time="0.054" /><testcase classname="tests.test_iter157_risk_correlation_and_exec.TestAiMonitorTrendLength" name="test_trend_length[30]" time="0.054" /><testcase classname="tests.test_iter157_risk_correlation_and_exec.TestAiMonitorTrendLength" name="test_trend_length[90]" time="0.054" /><testcase classname="tests.test_iter157_risk_correlation_and_exec" name="test_liveness_endpoint_200[/api/cra/vulnerabilities]" time="0.054" /><testcase classname="tests.test_iter157_risk_correlation_and_exec.TestExecOverviewShareLink" name="test_mint_list_public_and_revoke" time="0.589" /><testcase classname="tests.test_iter157_risk_correlation_and_exec" name="test_liveness_endpoint_200[/api/cra/external-assessments]" time="0.055" /><testcase classname="tests.test_iter157_risk_correlation_and_exec" name="test_liveness_endpoint_200[/api/cra/ledger]" time="0.058" /><testcase classname="tests.test_iter157_risk_correlation_and_exec" name="test_liveness_endpoint_200[/api/cra/controls]" time="0.056" /><testcase classname="tests.test_iter157_risk_correlation_and_exec" name="test_liveness_endpoint_200[/api/cra/nist]" time="0.049" /><testcase classname="tests.test_iter157_risk_correlation_and_exec" name="test_liveness_endpoint_200[/api/cra/regulation]" time="0.053" /><testcase classname="tests.test_iter157_risk_correlation_and_exec" name="test_liveness_endpoint_200[/api/cra/insight]" time="5.132" /><testcase classname="tests.test_iter157_risk_correlation_and_exec.TestExecOverviewShareLink" name="test_link_cap_of_5_returns_429" time="0.406" /><testcase classname="tests.test_iter157_risk_correlation_and_exec.TestRiskCorrelation" name="test_risk_correlation_shape" time="0.065" /><testcase classname="tests.test_iter157_risk_correlation_and_exec.TestExecEmailPreview" name="test_exec_email_preview" time="0.060" /><testcase classname="tests.test_iter157_risk_correlation_and_exec" name="test_liveness_endpoint_200[/api/cra/ai-monitor]" time="0.055" /><testcase classname="tests.test_iter157_risk_correlation_and_exec" name="test_liveness_endpoint_200[/api/cra/risk-correlation]" time="0.054" /><testcase classname="tests.test_iter157_risk_correlation_and_exec" name="test_liveness_endpoint_200[/api/cra/providers]" time="0.047" /><testcase classname="tests.test_iter157_risk_correlation_and_exec" name="test_liveness_endpoint_200[/api/cra/exec-snapshots]" time="0.054" /><testcase classname="tests.test_iter157_risk_correlation_and_exec" name="test_liveness_endpoint_200[/api/connectors/health]" time="0.053" /></testsuite></testsuites>