<?xml version="1.0" encoding="utf-8"?><testsuites name="pytest tests"><testsuite name="pytest" errors="0" failures="0" skipped="0" tests="12" time="1.427" timestamp="2026-08-07T23:35:28.571036+00:00" hostname="agent-env-e65c0563-02ac-4731-8630-371af0a74c08"><testcase classname="tests.test_iter30_crosswalk_frameworks.TestCrosswalk" name="test_crosswalk_structure" time="0.678" /><testcase classname="tests.test_iter30_crosswalk_frameworks.TestFrameworkCatalog" name="test_full_catalog_counts[NIST 800-53-322]" time="0.736" /><testcase classname="tests.test_iter30_crosswalk_frameworks.TestCrosswalk" name="test_crosswalk_rows_have_criticality_and_real_ids" time="0.046" /><testcase classname="tests.test_iter30_crosswalk_frameworks.TestRegression" name="test_controls_compliance_ok" time="0.046" /><testcase classname="tests.test_iter30_crosswalk_frameworks.TestFrameworkCatalog" name="test_full_catalog_counts[CIS v8-153]" time="0.050" /><testcase classname="tests.test_iter30_crosswalk_frameworks.TestRegression" name="test_enterprise_live_ok" time="0.088" /><testcase classname="tests.test_iter30_crosswalk_frameworks.TestFrameworkCatalog" name="test_full_catalog_counts[SOC 2-61]" time="0.046" /><testcase classname="tests.test_iter30_crosswalk_frameworks.TestFrameworkCatalog" name="test_full_catalog_counts[SSDF-42]" time="0.047" /><testcase classname="tests.test_iter30_crosswalk_frameworks.TestFrameworkCatalog" name="test_full_catalog_counts[PCI DSS-277]" time="0.054" /><testcase classname="tests.test_iter30_crosswalk_frameworks.TestFrameworkCatalog" name="test_full_catalog_counts[ISO 27001-93]" time="0.050" /><testcase classname="tests.test_iter30_crosswalk_frameworks.TestFrameworkCatalog" name="test_nist_ac2_aligned_iam3" time="0.051" /><testcase classname="tests.test_iter30_crosswalk_frameworks.TestFrameworkCatalog" name="test_unknown_framework_404" time="0.047" /></testsuite></testsuites>