<?xml version="1.0" encoding="utf-8"?><testsuites name="pytest tests"><testsuite name="pytest" errors="0" failures="0" skipped="0" tests="5" time="4.464" timestamp="2026-08-08T05:05:39.688215+00:00" hostname="agent-env-e65c0563-02ac-4731-8630-371af0a74c08"><testcase classname="tests.test_iter40_gov_features" name="test_nist_coverage_16_controls_with_basis_and_raise" time="0.462" /><testcase classname="tests.test_iter40_gov_features" name="test_board_pack_history_endpoint" time="0.060" /><testcase classname="tests.test_iter40_gov_features" name="test_board_pack_generation_and_history_row" time="3.371" /><testcase classname="tests.test_iter40_gov_features" name="test_cron_weekly_drift_digest_ok" time="0.135" /><testcase classname="tests.test_iter40_gov_features" name="test_cron_weekly_drift_digest_unauthorized" time="0.106" /></testsuite></testsuites>