<?xml version="1.0" encoding="utf-8"?><testsuites name="pytest tests"><testsuite name="pytest" errors="0" failures="1" skipped="0" tests="14" time="13.901" timestamp="2026-08-07T12:58:56.081179+00:00" hostname="agent-env-e65c0563-02ac-4731-8630-371af0a74c08"><testcase classname="tests.test_iter9_cyber_studio_advisor.TestCyber" name="test_overview" time="0.647" /><testcase classname="tests.test_iter9_cyber_studio_advisor.TestRegression" name="test_endpoints_ok[/api/auth/me]" time="0.650" /><testcase classname="tests.test_iter9_cyber_studio_advisor.TestCyber" name="test_treat_risk" time="0.095" /><testcase classname="tests.test_iter9_cyber_studio_advisor.TestRegression" name="test_endpoints_ok[/api/overview]" time="0.055" /><testcase classname="tests.test_iter9_cyber_studio_advisor.TestRegression" name="test_endpoints_ok[/api/vendors]" time="0.047" /><testcase classname="tests.test_iter9_cyber_studio_advisor.TestCyber" name="test_treat_missing_risk" time="0.045" /><testcase classname="tests.test_iter9_cyber_studio_advisor.TestRegression" name="test_endpoints_ok[/api/agents]" time="0.090" /><testcase classname="tests.test_iter9_cyber_studio_advisor.TestStudioDashboard" name="test_get" time="0.050" /><testcase classname="tests.test_iter9_cyber_studio_advisor.TestStudioDashboard" name="test_put_persists" time="0.092" /><testcase classname="tests.test_iter9_cyber_studio_advisor.TestRegression" name="test_endpoints_ok[/api/enterprise/branding]" time="0.095"><failure message="AssertionError: /api/enterprise/branding -&gt; 404 {&quot;detail&quot;:&quot;Not Found&quot;}&#10;assert 404 in (200, 204)&#10; +  where 404 = &lt;Response [404]&gt;.status_code">backend/tests/test_iter9_cyber_studio_advisor.py:144: in test_endpoints_ok
    assert r.status_code in (200, 204), f"{path} -&gt; {r.status_code} {r.text[:200]}"
E   AssertionError: /api/enterprise/branding -&gt; 404 {"detail":"Not Found"}
E   assert 404 in (200, 204)
E    +  where 404 = &lt;Response [404]&gt;.status_code</failure></testcase><testcase classname="tests.test_iter9_cyber_studio_advisor.TestStudioDashboard" name="test_report_sections" time="0.046" /><testcase classname="tests.test_iter9_cyber_studio_advisor.TestRegression" name="test_endpoints_ok[/api/kernel/manifest]" time="0.050" /><testcase classname="tests.test_iter9_cyber_studio_advisor.TestStudioReport" name="test_compose_with_narrative" time="4.833" /><testcase classname="tests.test_iter9_cyber_studio_advisor.TestAdvisor" name="test_deep_stream_opus" time="12.529" /></testsuite></testsuites>