<?xml version="1.0" encoding="utf-8"?><testsuites name="pytest tests"><testsuite name="pytest" errors="0" failures="0" skipped="0" tests="7" time="3.292" timestamp="2026-08-13T02:44:29.336191+00:00" hostname="agent-env-e65c0563-02ac-4731-8630-371af0a74c08"><testcase classname="tests.test_cra_risk_features" name="test_risk_correlation_has_keys" time="1.980" /><testcase classname="tests.test_cra_risk_features" name="test_risk_register_csv" time="0.051" /><testcase classname="tests.test_cra_risk_features" name="test_risk_register_pdf" time="0.062" /><testcase classname="tests.test_cra_risk_features" name="test_risk_trend" time="0.051" /><testcase classname="tests.test_cra_risk_features" name="test_risk_owner_assign_and_clear" time="0.268" /><testcase classname="tests.test_cra_risk_features" name="test_exec_email_preview_has_risk" time="0.061" /><testcase classname="tests.test_cra_risk_features" name="test_public_exec_overview_risk_and_movement" time="0.405" /></testsuite></testsuites>