<?xml version="1.0" encoding="utf-8"?><testsuites name="pytest tests"><testsuite name="pytest" errors="0" failures="0" skipped="1" tests="13" time="8.723" timestamp="2026-08-12T16:25:11.321437+00:00" hostname="agent-env-e65c0563-02ac-4731-8630-371af0a74c08"><testcase classname="tests.test_iter134_crisis_ops.TestRegulatoryScan" name="test_scan_first_sends_and_second_dedupes" time="1.222" /><testcase classname="tests.test_iter134_crisis_ops.TestRegulatoryScan" name="test_timeline_has_regulatory_event" time="0.073" /><testcase classname="tests.test_iter134_crisis_ops.TestObligationNotifyField" name="test_create_and_patch_notify_within_hours" time="0.139" /><testcase classname="tests.test_iter134_crisis_ops.TestHourlyCronAuth" name="test_no_auth_401" time="0.148" /><testcase classname="tests.test_iter134_crisis_ops.TestHourlyCronAuth" name="test_wrong_auth_401" time="0.133" /><testcase classname="tests.test_iter134_crisis_ops.TestHourlyCronAuth" name="test_correct_auth_2xx" time="0.125" /><testcase classname="tests.test_iter134_crisis_ops.TestServiceNowIngest" name="test_not_connected_returns_400" time="0.069" /><testcase classname="tests.test_iter134_crisis_ops.TestServiceNowIngest" name="test_viewer_forbidden" time="0.159" /><testcase classname="tests.test_iter134_crisis_ops.TestEmailBrief" name="test_email_brief_sends" time="6.285" /><testcase classname="tests.test_iter134_crisis_ops.TestWarRoomAndRegression" name="test_case_detail_ok" time="0.070" /><testcase classname="tests.test_iter134_crisis_ops.TestWarRoomAndRegression" name="test_join_warroom" time="0.086"><skipped type="pytest.skip" message="No /warroom/join endpoint (frontend-only helper).">/app/backend/tests/test_iter134_crisis_ops.py:157: No /warroom/join endpoint (frontend-only helper).</skipped></testcase><testcase classname="tests.test_iter134_crisis_ops.TestWarRoomAndRegression" name="test_crisis_insight_regression" time="0.069" /><testcase classname="tests.test_iter134_crisis_ops.TestWarRoomAndRegression" name="test_connectors_health" time="0.068" /></testsuite></testsuites>