<?xml version="1.0" encoding="utf-8"?><testsuites name="pytest tests"><testsuite name="pytest" errors="0" failures="0" skipped="0" tests="9" time="2.242" timestamp="2026-08-08T10:45:39.930637+00:00" hostname="agent-env-e65c0563-02ac-4731-8630-371af0a74c08"><testcase classname="tests.test_iter47_connectors_export" name="test_catalog_shape" time="0.544" /><testcase classname="tests.test_iter47_connectors_export" name="test_discover_live_probes" time="0.359" /><testcase classname="tests.test_iter47_connectors_export" name="test_connect_github_bogus_token_is_honest" time="0.241" /><testcase classname="tests.test_iter47_connectors_export" name="test_connector_test_and_disconnect" time="0.252" /><testcase classname="tests.test_iter47_connectors_export" name="test_ledger_export_csv" time="0.049" /><testcase classname="tests.test_iter47_connectors_export" name="test_ledger_export_pdf" time="0.057" /><testcase classname="tests.test_iter47_connectors_export" name="test_ledger_export_json" time="0.050" /><testcase classname="tests.test_iter47_connectors_export" name="test_dep_ecdsa_honest_failure" time="0.077" /><testcase classname="tests.test_iter47_connectors_export" name="test_economics_shape" time="0.127" /></testsuite></testsuites>