<?xml version="1.0" encoding="utf-8"?><testsuites name="pytest tests"><testsuite name="pytest" errors="0" failures="0" skipped="0" tests="18" time="9.138" timestamp="2026-08-09T05:58:12.801879+00:00" hostname="agent-env-e65c0563-02ac-4731-8630-371af0a74c08"><testcase classname="tests.test_iter71_analytics_split_export_watchlist" name="test_analytics_base" time="0.872" /><testcase classname="tests.test_iter71_analytics_split_export_watchlist" name="test_analytics_region_emea" time="0.182" /><testcase classname="tests.test_iter71_analytics_split_export_watchlist" name="test_analytics_department_finance" time="0.050" /><testcase classname="tests.test_iter71_analytics_split_export_watchlist" name="test_overview" time="0.064" /><testcase classname="tests.test_iter71_analytics_split_export_watchlist" name="test_access_monitoring" time="0.049" /><testcase classname="tests.test_iter71_analytics_split_export_watchlist" name="test_advisor" time="3.760" /><testcase classname="tests.test_iter71_analytics_split_export_watchlist" name="test_sod_conflicts" time="0.052" /><testcase classname="tests.test_iter71_analytics_split_export_watchlist" name="test_export_csv" time="0.049" /><testcase classname="tests.test_iter71_analytics_split_export_watchlist" name="test_export_csv_filtered" time="0.048" /><testcase classname="tests.test_iter71_analytics_split_export_watchlist" name="test_export_pdf" time="0.057" /><testcase classname="tests.test_iter71_analytics_split_export_watchlist" name="test_export_pdf_filtered" time="0.113" /><testcase classname="tests.test_iter71_analytics_split_export_watchlist" name="test_watchlist_alert_enable_and_disable" time="0.185" /><testcase classname="tests.test_iter71_analytics_split_export_watchlist" name="test_watchlist_alert_unknown_area" time="0.042" /><testcase classname="tests.test_iter71_analytics_split_export_watchlist" name="test_watchlist_remediate" time="0.107" /><testcase classname="tests.test_iter71_analytics_split_export_watchlist" name="test_watchlist_remediate_unknown" time="0.083" /><testcase classname="tests.test_iter71_analytics_split_export_watchlist" name="test_prior_refactor_endpoints" time="0.268" /><testcase classname="tests.test_iter71_analytics_split_export_watchlist" name="test_digest_ask_multiturn" time="2.600" /><testcase classname="tests.test_iter71_analytics_split_export_watchlist" name="test_digest_share" time="0.232" /></testsuite></testsuites>