<?xml version="1.0" encoding="utf-8"?><testsuites name="pytest tests"><testsuite name="pytest" errors="0" failures="0" skipped="0" tests="8" time="2.075" timestamp="2026-08-12T17:32:41.785533+00:00" hostname="agent-env-e65c0563-02ac-4731-8630-371af0a74c08"><testcase classname="tests.test_iter138_entra_containment.TestEntraConnector" name="test_catalog_entra_connectable" time="0.548" /><testcase classname="tests.test_iter138_entra_containment.TestEntraConnector" name="test_entra_connect_missing_creds" time="0.067" /><testcase classname="tests.test_iter138_entra_containment.TestEntraConnector" name="test_entra_connect_dummy_creds_auth_failed" time="0.286" /><testcase classname="tests.test_iter138_entra_containment.TestCrisisEntraEndpoints" name="test_crisis_entra_users_not_connected" time="0.181" /><testcase classname="tests.test_iter138_entra_containment.TestCrisisEntraEndpoints" name="test_crisis_contain_identity_not_connected" time="0.174" /><testcase classname="tests.test_iter138_entra_containment.TestConnectorRegression" name="test_discover_still_works" time="0.423" /><testcase classname="tests.test_iter138_entra_containment.TestConnectorRegression" name="test_stripe_test_still_works" time="0.247" /><testcase classname="tests.test_iter138_entra_containment.TestConnectorRegression" name="test_catalog_count_and_categories" time="0.076" /></testsuite></testsuites>