<?xml version="1.0" encoding="utf-8"?><testsuites name="pytest tests"><testsuite name="pytest" errors="0" failures="0" skipped="0" tests="11" time="4.881" timestamp="2026-08-13T03:12:28.972972+00:00" hostname="agent-env-e65c0563-02ac-4731-8630-371af0a74c08"><testcase classname="tests.test_iter160_risk_features" name="test_risk_correlation_health" time="0.947" /><testcase classname="tests.test_iter160_risk_features" name="test_risk_memo" time="2.222" /><testcase classname="tests.test_iter160_risk_features" name="test_digest_preview_owners" time="0.057" /><testcase classname="tests.test_iter160_risk_features" name="test_digest_preview_html" time="0.105" /><testcase classname="tests.test_iter160_risk_features" name="test_waiver_lifecycle" time="0.261" /><testcase classname="tests.test_iter160_risk_features" name="test_bulk_owner_reassign" time="0.261" /><testcase classname="tests.test_iter160_risk_features" name="test_bulk_shift_days" time="0.209" /><testcase classname="tests.test_iter160_risk_features" name="test_public_exec_overview_burndown" time="0.171" /><testcase classname="tests.test_iter160_risk_features" name="test_waiver_requires_auth" time="0.103" /><testcase classname="tests.test_iter160_risk_features" name="test_bulk_requires_auth" time="0.106" /><testcase classname="tests.test_iter160_risk_features" name="test_memo_requires_auth" time="0.100" /></testsuite></testsuites>