<?xml version="1.0" encoding="utf-8"?><testsuites name="pytest tests"><testsuite name="pytest" errors="0" failures="0" skipped="0" tests="14" time="3.060" timestamp="2026-08-07T05:01:43.252559+00:00" hostname="agent-env-e65c0563-02ac-4731-8630-371af0a74c08"><testcase classname="tests.test_enhancements" name="test_remediation_has_due_at" time="0.611" /><testcase classname="tests.test_enhancements" name="test_members_endpoint_admin" time="0.045" /><testcase classname="tests.test_enhancements" name="test_members_endpoint_operational" time="0.424" /><testcase classname="tests.test_enhancements" name="test_policy_simulate_applies_effect_high_vs_low" time="0.260" /><testcase classname="tests.test_enhancements" name="test_policy_simulate_evid_fresh" time="0.050" /><testcase classname="tests.test_enhancements" name="test_policy_simulate_non_threshold_applies_false" time="0.044" /><testcase classname="tests.test_enhancements" name="test_policy_simulate_forbidden_for_operational" time="0.050" /><testcase classname="tests.test_enhancements" name="test_digest_preferences_valid_values" time="0.325" /><testcase classname="tests.test_enhancements" name="test_digest_preferences_invalid_400" time="0.048" /><testcase classname="tests.test_enhancements" name="test_daily_cron_unauthorized_without_token" time="0.108" /><testcase classname="tests.test_enhancements" name="test_daily_cron_ok_with_bearer" time="0.110" /><testcase classname="tests.test_enhancements" name="test_weekly_cron_still_works" time="0.133" /><testcase classname="tests.test_enhancements" name="test_remediation_regression_assign_resolve_with_member" time="0.279" /><testcase classname="tests.test_enhancements" name="test_kernel_manifest_15" time="0.046" /></testsuite></testsuites>