<?xml version="1.0" encoding="utf-8"?><testsuites name="pytest tests"><testsuite name="pytest" errors="0" failures="0" skipped="0" tests="7" time="1.332" timestamp="2026-08-09T19:05:46.289440+00:00" hostname="agent-env-e65c0563-02ac-4731-8630-371af0a74c08"><testcase classname="tests.test_iter83_audit_batch" name="test_templates_get_defaults" time="0.442" /><testcase classname="tests.test_iter83_audit_batch" name="test_templates_put_drops_blank_labels" time="0.140" /><testcase classname="tests.test_iter83_audit_batch" name="test_bulk_status_updates" time="0.150" /><testcase classname="tests.test_iter83_audit_batch" name="test_bulk_status_invalid_status" time="0.044" /><testcase classname="tests.test_iter83_audit_batch" name="test_export_csv" time="0.046" /><testcase classname="tests.test_iter83_audit_batch" name="test_portal_reply_alert_present" time="0.129" /><testcase classname="tests.test_iter83_audit_batch" name="test_comments_have_marcus_open" time="0.046" /></testsuite></testsuites>