<?xml version="1.0" encoding="utf-8"?><testsuites name="pytest tests"><testsuite name="pytest" errors="0" failures="0" skipped="0" tests="10" time="52.494" timestamp="2026-08-08T08:22:28.212981+00:00" hostname="agent-env-e65c0563-02ac-4731-8630-371af0a74c08"><testcase classname="tests.test_iter43_advisor.TestAdvisorFixControl" name="test_fix_control_iam3" time="5.673" /><testcase classname="tests.test_iter43_advisor.TestAdvisorFixControl" name="test_fix_control_unknown_ref_still_returns_shape" time="4.663" /><testcase classname="tests.test_iter43_advisor.TestAdvisorInsight" name="test_insight_dashboard_specific[Compliance Posture-keywords0]" time="6.204" /><testcase classname="tests.test_iter43_advisor.TestAdvisorInsight" name="test_insight_dashboard_specific[Situation Room-keywords1]" time="6.530" /><testcase classname="tests.test_iter43_advisor.TestAdvisorInsight" name="test_insight_dashboard_specific[Control Monitoring-keywords2]" time="6.207" /><testcase classname="tests.test_iter43_advisor.TestAdvisorInsight" name="test_insight_dashboard_specific[Risk (FAIR)-keywords3]" time="7.735" /><testcase classname="tests.test_iter43_advisor.TestAdvisorInsight" name="test_insight_dashboard_specific[Cyber Risk Register-keywords4]" time="7.466" /><testcase classname="tests.test_iter43_advisor.TestAdvisorInsight" name="test_fair_vs_register_differ" time="0.125" /><testcase classname="tests.test_iter43_advisor.TestAdvisorExplain" name="test_explain_fair_metric" time="3.274" /><testcase classname="tests.test_iter43_advisor.TestAdvisorExplain" name="test_explain_node_kind" time="4.538" /></testsuite></testsuites>