<?xml version="1.0" encoding="utf-8"?><testsuites name="pytest tests"><testsuite name="pytest" errors="0" failures="0" skipped="0" tests="7" time="1.652" timestamp="2026-08-08T16:56:38.755950+00:00" hostname="agent-env-e65c0563-02ac-4731-8630-371af0a74c08"><testcase classname="tests.test_iter56_workflow_autorem" name="test_account_action_ticket_shape" time="0.594" /><testcase classname="tests.test_iter56_workflow_autorem" name="test_activation_set_tickets_shape" time="0.162" /><testcase classname="tests.test_iter56_workflow_autorem" name="test_bulk_action" time="0.108" /><testcase classname="tests.test_iter56_workflow_autorem" name="test_workflow_activity" time="0.201" /><testcase classname="tests.test_iter56_workflow_autorem" name="test_autoremediation_engine" time="0.362" /><testcase classname="tests.test_iter56_workflow_autorem" name="test_jml_movers" time="0.053" /><testcase classname="tests.test_iter56_workflow_autorem" name="test_identity_detail" time="0.101" /></testsuite></testsuites>