<?xml version="1.0" encoding="utf-8"?><testsuites name="pytest tests"><testsuite name="pytest" errors="0" failures="0" skipped="0" tests="14" time="21.569" timestamp="2026-08-12T16:43:57.421722+00:00" hostname="agent-env-e65c0563-02ac-4731-8630-371af0a74c08"><testcase classname="tests.test_iter135_crisis_ops.TestWarRoomChat" name="test_post_and_list_messages" time="1.239" /><testcase classname="tests.test_iter135_crisis_ops.TestWarRoomChat" name="test_empty_text_rejected" time="0.068" /><testcase classname="tests.test_iter135_crisis_ops.TestWarRoomChat" name="test_unauthenticated_forbidden" time="0.138" /><testcase classname="tests.test_iter135_crisis_ops.TestScheduledBoardBrief" name="test_patch_brief_schedule_hours_persists" time="0.154" /><testcase classname="tests.test_iter135_crisis_ops.TestScheduledBoardBrief" name="test_cron_triggers_scheduled_brief_and_dedupes" time="12.554" /><testcase classname="tests.test_iter135_crisis_ops.TestServiceNowIngest" name="test_manual_ingest_400_when_not_connected" time="0.069" /><testcase classname="tests.test_iter135_crisis_ops.TestServiceNowIngest" name="test_cron_401_without_bearer" time="0.159" /><testcase classname="tests.test_iter135_crisis_ops.TestServiceNowIngest" name="test_cron_401_wrong_bearer" time="0.153" /><testcase classname="tests.test_iter135_crisis_ops.TestServiceNowIngest" name="test_cron_200_with_correct_bearer_noop_servicenow" time="0.147" /><testcase classname="tests.test_iter135_crisis_ops.TestObligationThreshold" name="test_patch_notify_within_hours_persists" time="0.203" /><testcase classname="tests.test_iter135_crisis_ops.TestObligationThreshold" name="test_regulatory_scan_honours_threshold" time="0.739" /><testcase classname="tests.test_iter135_crisis_ops.TestRegression" name="test_crisis_insight" time="5.556" /><testcase classname="tests.test_iter135_crisis_ops.TestRegression" name="test_connectors_health" time="0.068" /><testcase classname="tests.test_iter135_crisis_ops.TestRegression" name="test_email_brief_still_lives" time="0.263" /></testsuite></testsuites>