<?xml version="1.0" encoding="utf-8"?><testsuites name="pytest tests"><testsuite name="pytest" errors="0" failures="0" skipped="0" tests="20" time="41.528" timestamp="2026-08-07T12:11:53.687397+00:00" hostname="agent-env-e65c0563-02ac-4731-8630-371af0a74c08"><testcase classname="tests.test_iter8_google_abac_tpr_branding_bench.TestGoogleGuards" name="test_missing_session_id_returns_400" time="4.443" /><testcase classname="tests.test_iter8_google_abac_tpr_branding_bench.TestGoogleGuards" name="test_bogus_session_id_returns_401" time="2.512" /><testcase classname="tests.test_iter8_google_abac_tpr_branding_bench.TestGoogleGuards" name="test_me_and_login_still_work" time="5.740" /><testcase classname="tests.test_iter8_google_abac_tpr_branding_bench.TestABAC" name="test_protected_demo_open_when_off" time="0.590" /><testcase classname="tests.test_iter8_google_abac_tpr_branding_bench.TestABAC" name="test_create_deny_rule_and_evaluate" time="1.260" /><testcase classname="tests.test_iter8_google_abac_tpr_branding_bench.TestABAC" name="test_enforce_on_denies_admin_demo" time="0.559" /><testcase classname="tests.test_iter8_google_abac_tpr_branding_bench.TestABAC" name="test_deny_precedence_over_allow" time="1.862" /><testcase classname="tests.test_iter8_google_abac_tpr_branding_bench.TestABAC" name="test_disable_and_delete_rule_returns_200" time="6.815" /><testcase classname="tests.test_iter8_google_abac_tpr_branding_bench.TestABAC" name="test_non_admin_forbidden" time="3.797" /><testcase classname="tests.test_iter8_google_abac_tpr_branding_bench.TestVendorRisk" name="test_list_shape_and_tiers" time="0.658" /><testcase classname="tests.test_iter8_google_abac_tpr_branding_bench.TestVendorRisk" name="test_assess_creates_workflow_and_notification" time="1.306" /><testcase classname="tests.test_iter8_google_abac_tpr_branding_bench.TestVendorRisk" name="test_create_monotonic" time="1.674" /><testcase classname="tests.test_iter8_google_abac_tpr_branding_bench.TestVendorRisk" name="test_non_admin_cannot_assess_or_create" time="0.729" /><testcase classname="tests.test_iter8_google_abac_tpr_branding_bench.TestBranding" name="test_default_get" time="1.317" /><testcase classname="tests.test_iter8_google_abac_tpr_branding_bench.TestBranding" name="test_put_persists" time="0.456" /><testcase classname="tests.test_iter8_google_abac_tpr_branding_bench.TestBranding" name="test_non_admin_forbidden" time="1.301" /><testcase classname="tests.test_iter8_google_abac_tpr_branding_bench.TestBenchmark" name="test_shape" time="0.680" /><testcase classname="tests.test_iter8_google_abac_tpr_branding_bench.TestRegression" name="test_manifest_15" time="0.768" /><testcase classname="tests.test_iter8_google_abac_tpr_branding_bench.TestRegression" name="test_policies" time="1.246" /><testcase classname="tests.test_iter8_google_abac_tpr_branding_bench" name="test_zzz_cleanup" time="3.732" /></testsuite></testsuites>