<?xml version="1.0" encoding="utf-8"?><testsuites name="pytest tests"><testsuite name="pytest" errors="0" failures="0" skipped="0" tests="10" time="20.750" timestamp="2026-08-10T03:52:07.100476+00:00" hostname="agent-env-e65c0563-02ac-4731-8630-371af0a74c08"><testcase classname="tests.test_iter89_agentic_v1.TestShadowDiscovery" name="test_discover_and_idempotent" time="0.799" /><testcase classname="tests.test_iter89_agentic_v1.TestEnforce" name="test_suspend_sets_restricted" time="1.007" /><testcase classname="tests.test_iter89_agentic_v1.TestShadowDiscovery" name="test_discover_admin_only" time="0.132" /><testcase classname="tests.test_iter89_agentic_v1.TestBoardBriefSchedule" name="test_get_returns_schema" time="0.056" /><testcase classname="tests.test_iter89_agentic_v1.TestBoardBriefSchedule" name="test_put_persists_and_restore" time="0.216" /><testcase classname="tests.test_iter89_agentic_v1.TestEnforce" name="test_kill_sets_killed" time="0.257" /><testcase classname="tests.test_iter89_agentic_v1.TestBoardBriefSend" name="test_send_once" time="5.701" /><testcase classname="tests.test_iter89_agentic_v1.TestEnforce" name="test_resume_sets_sanctioned" time="0.232" /><testcase classname="tests.test_iter89_agentic_v1.TestEnforce" name="test_unauthenticated_blocked" time="0.107" /><testcase classname="tests.test_iter89_agentic_v1.TestAdvisorChat" name="test_chat_returns_grounded_response" time="13.536" /></testsuite></testsuites>