<?xml version="1.0" encoding="utf-8"?><testsuites name="pytest tests"><testsuite name="pytest" errors="0" failures="0" skipped="0" tests="15" time="3.342" timestamp="2026-08-10T23:08:17.686279+00:00" hostname="agent-env-e65c0563-02ac-4731-8630-371af0a74c08"><testcase classname="tests.test_iter114_watchtower_range_auditors" name="test_access_globe_days_valid[7]" time="1.275" /><testcase classname="tests.test_iter114_watchtower_range_auditors" name="test_access_globe_days_valid[30]" time="0.058" /><testcase classname="tests.test_iter114_watchtower_range_auditors" name="test_access_globe_days_valid[90]" time="0.052" /><testcase classname="tests.test_iter114_watchtower_range_auditors" name="test_access_globe_no_days_alltime" time="0.057" /><testcase classname="tests.test_iter114_watchtower_range_auditors" name="test_access_globe_invalid_days_falls_back" time="0.054" /><testcase classname="tests.test_iter114_watchtower_range_auditors" name="test_watchtower_baseline_no_trust" time="0.121" /><testcase classname="tests.test_iter114_watchtower_range_auditors" name="test_watchtower_with_trusted_country" time="0.180" /><testcase classname="tests.test_iter114_watchtower_range_auditors" name="test_governance_get_has_new_fields" time="0.181" /><testcase classname="tests.test_iter114_watchtower_range_auditors" name="test_trusted_auditors_lowercased_and_deduped" time="0.147" /><testcase classname="tests.test_iter114_watchtower_range_auditors" name="test_unusual_threshold_stored_and_clamped" time="0.336" /><testcase classname="tests.test_iter114_watchtower_range_auditors" name="test_auditor_allowlist_excludes_from_suspicious" time="0.270" /><testcase classname="tests.test_iter114_watchtower_range_auditors" name="test_access_globe_has_drilldown_fields" time="0.051" /><testcase classname="tests.test_iter114_watchtower_range_auditors" name="test_snapshot_status_and_retire_gate" time="0.141" /><testcase classname="tests.test_iter114_watchtower_range_auditors" name="test_trusted_countries_ips_still_validate" time="0.155" /><testcase classname="tests.test_iter114_watchtower_range_auditors" name="test_weekly_drift_digest_cron" time="0.179" /></testsuite></testsuites>