<?xml version="1.0" encoding="utf-8"?><testsuites name="pytest tests"><testsuite name="pytest" errors="0" failures="0" skipped="0" tests="7" time="63.671" timestamp="2026-08-10T21:37:01.308636+00:00" hostname="agent-env-e65c0563-02ac-4731-8630-371af0a74c08"><testcase classname="tests.test_iter111_access_globe_governance.TestAccessGlobe" name="test_requires_auth" time="0.270" /><testcase classname="tests.test_iter111_access_globe_governance.TestGovernanceTrustedCountries" name="test_get_returns_list" time="0.730" /><testcase classname="tests.test_iter111_access_globe_governance.TestAccessGlobe" name="test_shape_and_data" time="0.671" /><testcase classname="tests.test_iter111_access_globe_governance.TestGovernanceTrustedCountries" name="test_put_trim_dedupe" time="0.162" /><testcase classname="tests.test_iter111_access_globe_governance.TestGovernanceTrustedCountries" name="test_put_clear" time="1.151" /><testcase classname="tests.test_iter111_access_globe_governance.TestEvidenceRoomPDFCustodyMap" name="test_geo_room_pdf_has_map_caption" time="30.406" /><testcase classname="tests.test_iter111_access_globe_governance.TestEvidenceRoomPDFCustodyMap" name="test_no_geo_room_pdf_valid_no_map" time="31.978" /></testsuite></testsuites>