<?xml version="1.0" encoding="utf-8"?><testsuites name="pytest tests"><testsuite name="pytest" errors="0" failures="0" skipped="0" tests="19" time="3.223" timestamp="2026-08-11T21:51:19.666729+00:00" hostname="agent-env-e65c0563-02ac-4731-8630-371af0a74c08"><testcase classname="tests.test_iter127_ci_demo_regression.TestCiDemoRoutes" name="test_demo_state_initial_or_clear" time="1.779" /><testcase classname="tests.test_iter127_ci_demo_regression.TestCiRegression" name="test_settings_get" time="1.743" /><testcase classname="tests.test_iter127_ci_demo_regression.TestCiRegression" name="test_recap_settings_persistence" time="0.135" /><testcase classname="tests.test_iter127_ci_demo_regression.TestCiDemoRoutes" name="test_demo_seed_response" time="0.048" /><testcase classname="tests.test_iter127_ci_demo_regression.TestCiDemoRoutes" name="test_demo_state_active_after_seed" time="0.043" /><testcase classname="tests.test_iter127_ci_demo_regression.TestCiDemoRoutes" name="test_demo_status_counters" time="0.046" /><testcase classname="tests.test_iter127_ci_demo_regression.TestCiRegression" name="test_effectiveness_history" time="0.084" /><testcase classname="tests.test_iter127_ci_demo_regression.TestCiDemoRoutes" name="test_access_log_has_demo_rows" time="0.049" /><testcase classname="tests.test_iter127_ci_demo_regression.TestCiRegression" name="test_auditor_link_activity" time="0.070" /><testcase classname="tests.test_iter127_ci_demo_regression.TestCiDemoRoutes" name="test_analytics_reflects_demo" time="0.055" /><testcase classname="tests.test_iter127_ci_demo_regression.TestCiDemoRoutes" name="test_controls_demo_flag_shows_iam3" time="0.059" /><testcase classname="tests.test_iter127_ci_demo_regression.TestCiRegression" name="test_recap_history" time="0.137" /><testcase classname="tests.test_iter127_ci_demo_regression.TestCiDemoRoutes" name="test_recap_preview_includes_dana_ops" time="0.047" /><testcase classname="tests.test_iter127_ci_demo_regression.TestCiDemoRoutes" name="test_demo_clear" time="0.048" /><testcase classname="tests.test_iter127_ci_demo_regression.TestCiRegression" name="test_timeline" time="0.080" /><testcase classname="tests.test_iter127_ci_demo_regression.TestCiDemoRoutes" name="test_demo_state_inactive_after_clear" time="0.094" /><testcase classname="tests.test_iter127_ci_demo_regression.TestCiRegression" name="test_timeline_pdf" time="0.201" /><testcase classname="tests.test_iter127_ci_demo_regression.TestCiRegression" name="test_auditor_link_generate_reissue_revoke" time="0.309" /><testcase classname="tests.test_iter127_ci_demo_regression.TestCiRegression" name="test_follow_up_nudge_preview" time="0.149" /></testsuite></testsuites>