<?xml version="1.0" encoding="utf-8"?><testsuites name="pytest tests"><testsuite name="pytest" errors="0" failures="1" skipped="0" tests="46" time="25.074" timestamp="2026-08-07T03:35:27.979117+00:00" hostname="agent-env-e65c0563-02ac-4731-8630-371af0a74c08"><testcase classname="tests.backend_test.TestAuth" name="test_login_admin" time="0.627" /><testcase classname="tests.test_new_features.TestActions" name="test_run_entra_enforce_pim_reduces_residual" time="0.962" /><testcase classname="tests.backend_test.TestAuth" name="test_login_bad_password" time="0.330" /><testcase classname="tests.backend_test.TestAuth" name="test_me_without_auth" time="0.102" /><testcase classname="tests.test_new_features.TestActions" name="test_casb_quarantine_sanctions_ai003" time="0.109" /><testcase classname="tests.test_new_features.TestActions" name="test_unknown_action_404" time="0.596" /><testcase classname="tests.backend_test.TestAuth" name="test_register_new_org" time="0.614" /><testcase classname="tests.test_new_features.TestActions" name="test_actions_unauth" time="0.099" /><testcase classname="tests.backend_test.TestAuth" name="test_logout_clears_cookies" time="0.623" /><testcase classname="tests.backend_test.TestRisks" name="test_list_sorted_desc" time="0.536" /><testcase classname="tests.backend_test.TestRisks" name="test_patch_risk_persist" time="0.092" /><testcase classname="tests.backend_test.TestRisks" name="test_patch_unknown_ref_404" time="0.242" /><testcase classname="tests.test_new_features.TestReports" name="test_pdf_generation" time="0.396" /><testcase classname="tests.backend_test.TestAIGovernance" name="test_list_systems_has_shadow" time="0.055"><failure message="assert False&#10; +  where False = any(&lt;generator object TestAIGovernance.test_list_systems_has_shadow.&lt;locals&gt;.&lt;genexpr&gt; at 0xfc33893b1a40&gt;)">E   assert False
     +  where False = any(&lt;generator object TestAIGovernance.test_list_systems_has_shadow.&lt;locals&gt;.&lt;genexpr&gt; at 0xfc33893b1a40&gt;)</failure></testcase><testcase classname="tests.test_new_features.TestReports" name="test_pdf_unauth" time="0.096" /><testcase classname="tests.backend_test.TestAIGovernance" name="test_sanction_shadow" time="0.050" /><testcase classname="tests.backend_test.TestAIGovernance" name="test_incidents_load" time="0.048" /><testcase classname="tests.test_new_features.TestReports" name="test_reports_list" time="0.045" /><testcase classname="tests.backend_test.TestBilling" name="test_plans" time="0.112" /><testcase classname="tests.test_new_features.TestReports" name="test_email_send" time="0.945" /><testcase classname="tests.backend_test.TestBilling" name="test_checkout_and_status" time="0.876" /><testcase classname="tests.test_new_features.TestModules" name="test_admin_all_owned" time="0.080" /><testcase classname="tests.backend_test.TestBilling" name="test_checkout_unauth" time="0.113" /><testcase classname="tests.test_new_features.TestBillingV2" name="test_plans_shape" time="0.290" /><testcase classname="tests.test_new_features.TestModules" name="test_new_org_addons_not_owned" time="0.376" /><testcase classname="tests.test_new_features.TestModules" name="test_module_checkout_returns_stripe_url" time="0.568" /><testcase classname="tests.test_new_features.TestQR" name="test_qr_full_flow" time="2.217" /><testcase classname="tests.test_new_features.TestBillingV2" name="test_subscription_checkout_monthly" time="1.666" /><testcase classname="tests.test_new_features.TestBillingV2" name="test_subscription_checkout_yearly" time="0.814" /><testcase classname="tests.test_new_features.TestQR" name="test_qr_approve_unauth" time="0.137" /><testcase classname="tests.backend_test.TestTenantIsolation" name="test_new_org_has_own_seed" time="0.450" /><testcase classname="tests.backend_test.TestTenantIsolation" name="test_new_org_cannot_patch_admin_risk" time="0.092" /><testcase classname="tests.test_new_features.TestQR" name="test_qr_approve_invalid" time="0.047" /><testcase classname="tests.backend_test.TestEvidence" name="test_lineage_cr001" time="0.048" /><testcase classname="tests.backend_test.TestRecsDecisions" name="test_list_recs" time="0.044" /><testcase classname="tests.backend_test.TestRecsDecisions" name="test_decide_flow" time="0.414" /><testcase classname="tests.backend_test.TestEvidence" name="test_lineage_unknown_404" time="0.086" /><testcase classname="tests.test_new_features.TestSubscription" name="test_admin_enterprise_active" time="0.376" /><testcase classname="tests.test_new_features.TestAssets" name="test_admin_assets_seeded" time="0.556" /><testcase classname="tests.test_new_features.TestSubscription" name="test_new_org_trial_active" time="0.559" /><testcase classname="tests.backend_test.TestOverview" name="test_overview_shape" time="0.271" /><testcase classname="tests.backend_test.TestAdvisor" name="test_advisor_stream" time="3.795" /><testcase classname="tests.test_new_features.TestAssets" name="test_new_org_gets_own_assets" time="0.377" /><testcase classname="tests.backend_test.TestAudit" name="test_audit_returns_entries" time="0.044" /><testcase classname="tests.test_new_features.TestAdvisorBoardReport" name="test_board_report" time="15.905" /><testcase classname="tests.test_new_features.TestIntegrations" name="test_integrations_list" time="0.385" /></testsuite></testsuites>