<?xml version="1.0" encoding="utf-8"?><testsuites name="pytest tests"><testsuite name="pytest" errors="0" failures="0" skipped="0" tests="7" time="3.032" timestamp="2026-08-11T19:11:58.698521+00:00" hostname="agent-env-e65c0563-02ac-4731-8630-371af0a74c08"><testcase classname="tests.test_iter125_ci_snooze_pdf_accesslog.TestAuditorLinkPDFAndAccessLog" name="test_pdf_and_access_events" time="2.391" /><testcase classname="tests.test_iter125_ci_snooze_pdf_accesslog.TestNudgePref" name="test_get_default_shape" time="0.869" /><testcase classname="tests.test_iter125_ci_snooze_pdf_accesslog.TestNudgePref" name="test_snooze_30d_sets_muted_until_active" time="0.596" /><testcase classname="tests.test_iter125_ci_snooze_pdf_accesslog.TestNudgePref" name="test_mute_indefinite" time="0.069" /><testcase classname="tests.test_iter125_ci_snooze_pdf_accesslog.TestNudgePref" name="test_unmute" time="0.077" /><testcase classname="tests.test_iter125_ci_snooze_pdf_accesslog.TestAuditorLinkPDFAndAccessLog" name="test_invalid_token_pdf_404" time="0.120" /><testcase classname="tests.test_iter125_ci_snooze_pdf_accesslog.TestCleanup" name="test_cleanup" time="0.214" /></testsuite></testsuites>