<?xml version="1.0" encoding="utf-8"?><testsuites name="pytest tests"><testsuite name="pytest" errors="0" failures="0" skipped="0" tests="8" time="1.800" timestamp="2026-08-07T17:42:08.058393+00:00" hostname="agent-env-e65c0563-02ac-4731-8630-371af0a74c08"><testcase classname="tests.test_iter18_accent_hint.TestAccentBranding" name="test_put_accent_valid" time="0.625" /><testcase classname="tests.test_iter18_accent_hint.TestHintAnalytics" name="test_hint_open_records" time="0.724" /><testcase classname="tests.test_iter18_accent_hint.TestAccentBranding" name="test_get_accent_persisted" time="0.053" /><testcase classname="tests.test_iter18_accent_hint.TestAccentBranding" name="test_invalid_accent_ignored" time="0.106" /><testcase classname="tests.test_iter18_accent_hint.TestHintAnalytics" name="test_usage_returns_hint_counts" time="0.161" /><testcase classname="tests.test_iter18_accent_hint.TestAccentBranding" name="test_clear_accent_empty_string" time="0.105" /><testcase classname="tests.test_iter18_accent_hint.TestAccentBranding" name="test_preview_light_png" time="0.338" /><testcase classname="tests.test_iter18_accent_hint.TestAccentBranding" name="test_preview_dark_png" time="0.175" /></testsuite></testsuites>