<?xml version="1.0" encoding="utf-8"?><testsuites name="pytest tests"><testsuite name="pytest" errors="0" failures="0" skipped="0" tests="8" time="1.835" timestamp="2026-08-11T18:18:45.173156+00:00" hostname="agent-env-e65c0563-02ac-4731-8630-371af0a74c08"><testcase classname="tests.test_iter122_ci_nudge_preview_and_roles.TestOwnerNudgePreview" name="test_preview_live_at_risk_zero" time="0.791" /><testcase classname="tests.test_iter122_ci_nudge_preview_and_roles.TestOwnerNudgePreview" name="test_preview_demo_at_risk_two" time="0.077" /><testcase classname="tests.test_iter122_ci_nudge_preview_and_roles.TestOwnerNudgePreview" name="test_preview_does_not_persist" time="0.059" /><testcase classname="tests.test_iter122_ci_nudge_preview_and_roles.TestRecipientRoles" name="test_put_role_objects_lowercase_dedupe_drop_invalid" time="0.124" /><testcase classname="tests.test_iter122_ci_nudge_preview_and_roles.TestRecipientRoles" name="test_legacy_string_coerces_to_board" time="0.055" /><testcase classname="tests.test_iter122_ci_nudge_preview_and_roles.TestBriefPreview" name="test_brief_preview_returns_html" time="0.069" /><testcase classname="tests.test_iter122_ci_nudge_preview_and_roles.TestEmailBriefOnce" name="test_email_brief_endpoint_ok" time="0.537" /><testcase classname="tests.test_iter122_ci_nudge_preview_and_roles.TestCleanup" name="test_reset_settings" time="0.049" /></testsuite></testsuites>