<?xml version="1.0" encoding="utf-8"?><testsuites name="pytest tests"><testsuite name="pytest" errors="0" failures="0" skipped="0" tests="11" time="3.088" timestamp="2026-08-11T21:10:49.079195+00:00" hostname="agent-env-e65c0563-02ac-4731-8630-371af0a74c08"><testcase classname="tests.test_iter126_ci_regression.TestRecapHistoryAndSend" name="test_history_shape" time="0.747" /><testcase classname="tests.test_iter126_ci_regression.TestRecapHistoryAndSend" name="test_recap_send_appends_history_row" time="0.596" /><testcase classname="tests.test_iter126_ci_regression.TestRecapHistoryAndSend" name="test_recap_preview_html" time="0.068" /><testcase classname="tests.test_iter126_ci_regression.TestAnalyticsActivityAccess" name="test_analytics" time="1.579" /><testcase classname="tests.test_iter126_ci_regression.TestAnalyticsActivityAccess" name="test_activity" time="0.061" /><testcase classname="tests.test_iter126_ci_regression.TestAnalyticsActivityAccess" name="test_access" time="0.248" /><testcase classname="tests.test_iter126_ci_regression.TestMutedOwners" name="test_shape" time="0.069" /><testcase classname="tests.test_iter126_ci_regression.TestCleanup" name="test_cleanup" time="0.241" /><testcase classname="tests.test_iter126_ci_regression.TestTimelineAndPDF" name="test_timeline_json" time="0.861" /><testcase classname="tests.test_iter126_ci_regression.TestTimelineAndPDF" name="test_timeline_pdf" time="0.255" /><testcase classname="tests.test_iter126_ci_regression.TestSettingsRoundtrip" name="test_get_put_get" time="0.236" /></testsuite></testsuites>