<?xml version="1.0" encoding="utf-8"?><testsuites name="pytest tests"><testsuite name="pytest" errors="0" failures="0" skipped="0" tests="10" time="3.207" timestamp="2026-08-12T21:09:03.637241+00:00" hostname="agent-env-e65c0563-02ac-4731-8630-371af0a74c08"><testcase classname="tests.test_iter146_crisis_batch4.TestDigestScheduling" name="test_settings_weekday_hour_roundtrip" time="1.903" /><testcase classname="tests.test_iter146_crisis_batch4.TestSitrepTemplates" name="test_get_returns_four_defaults" time="1.679" /><testcase classname="tests.test_iter146_crisis_batch4.TestSitrepTemplates" name="test_create_delete_roundtrip" time="0.298" /><testcase classname="tests.test_iter146_crisis_batch4.TestDigestScheduling" name="test_settings_validation_out_of_range" time="0.126" /><testcase classname="tests.test_iter146_crisis_batch4.TestSitrepTemplates" name="test_create_dedupes_same_label" time="0.292" /><testcase classname="tests.test_iter146_crisis_batch4.TestDigestScheduling" name="test_preview_endpoint_returns_shape" time="0.105" /><testcase classname="tests.test_iter146_crisis_batch4.TestDigestScheduling" name="test_preview_requires_auth" time="0.267" /><testcase classname="tests.test_iter146_crisis_batch4.TestSitrepTemplates" name="test_requires_auth" time="0.250" /><testcase classname="tests.test_iter146_crisis_batch4.TestConnectorNativeForTile" name="test_native_endpoint_shape" time="0.068" /><testcase classname="tests.test_iter146_crisis_batch4.TestConnectorWizardVendors" name="test_all_wizard_vendors_test_ok" time="0.368" /></testsuite></testsuites>