<?xml version="1.0" encoding="utf-8"?><testsuites name="pytest tests"><testsuite name="pytest" errors="0" failures="0" skipped="0" tests="5" time="6.277" timestamp="2026-08-11T00:11:08.674661+00:00" hostname="agent-env-e65c0563-02ac-4731-8630-371af0a74c08"><testcase classname="tests.test_iter117_alert_ping_snooze_digest_trust" name="test_alerts_test_ping" time="3.079" /><testcase classname="tests.test_iter117_alert_ping_snooze_digest_trust" name="test_snooze_schedule_set_400_and_clear" time="1.005" /><testcase classname="tests.test_iter117_alert_ping_snooze_digest_trust" name="test_audit_digest_settings_roundtrip_and_send" time="1.448" /><testcase classname="tests.test_iter117_alert_ping_snooze_digest_trust" name="test_trust_suggestion_lookup_bogus_404" time="0.047" /><testcase classname="tests.test_iter117_alert_ping_snooze_digest_trust" name="test_trust_suggestion_get_and_apply" time="0.094" /></testsuite></testsuites>