<?xml version="1.0" encoding="utf-8"?><testsuites name="pytest tests"><testsuite name="pytest" errors="0" failures="0" skipped="1" tests="13" time="1.920" timestamp="2026-08-08T23:08:40.103525+00:00" hostname="agent-env-e65c0563-02ac-4731-8630-371af0a74c08"><testcase classname="tests.test_iter57_export_jml_digest.TestWorkflowExport" name="test_csv_export" time="0.398" /><testcase classname="tests.test_iter57_export_jml_digest.TestWorkflowExport" name="test_pdf_export" time="0.577" /><testcase classname="tests.test_iter57_export_jml_digest.TestWorkflowExport" name="test_invalid_format" time="0.046" /><testcase classname="tests.test_iter57_export_jml_digest.TestWorkflowExport" name="test_csv_filter_days" time="0.053" /><testcase classname="tests.test_iter57_export_jml_digest.TestJMLStripCarriedOver" name="test_strip_flow" time="0.052"><skipped type="pytest.skip" message="No mover with carried_over_count&gt;0 available (may have been stripped already)">/app/backend/tests/test_iter57_export_jml_digest.py:76: No mover with carried_over_count&gt;0 available (may have been stripped already)</skipped></testcase><testcase classname="tests.test_iter57_export_jml_digest.TestJMLStripCarriedOver" name="test_strip_no_carried_over_returns_400" time="0.099" /><testcase classname="tests.test_iter57_export_jml_digest.TestJMLStripCarriedOver" name="test_strip_unknown_ref_returns_404" time="0.048" /><testcase classname="tests.test_iter57_export_jml_digest.TestGovernanceDigest" name="test_send_digest" time="0.154" /><testcase classname="tests.test_iter57_export_jml_digest.TestFoldedCron" name="test_cron_without_auth_returns_401" time="0.106" /><testcase classname="tests.test_iter57_export_jml_digest.TestFoldedCron" name="test_cron_with_auth_returns_200" time="0.107" /><testcase classname="tests.test_iter57_export_jml_digest.TestRegression" name="test_autorem_get" time="0.068" /><testcase classname="tests.test_iter57_export_jml_digest.TestRegression" name="test_autorem_run" time="0.049" /><testcase classname="tests.test_iter57_export_jml_digest.TestRegression" name="test_workflow_activity" time="0.104" /></testsuite></testsuites>