<?xml version="1.0" encoding="utf-8"?><testsuites name="pytest tests"><testsuite name="pytest" errors="0" failures="0" skipped="0" tests="25" time="6.285" timestamp="2026-08-11T22:17:54.214713+00:00" hostname="agent-env-e65c0563-02ac-4731-8630-371af0a74c08"><testcase classname="tests.test_iter128_ci_refactor_regression.TestAuditorGroup" name="test_get_auditor_link" time="1.259" /><testcase classname="tests.test_iter128_ci_refactor_regression.TestAuditorGroup" name="test_get_access" time="0.050" /><testcase classname="tests.test_iter128_ci_refactor_regression.TestAuditorGroup" name="test_get_analytics" time="0.054" /><testcase classname="tests.test_iter128_ci_refactor_regression.TestAuditorGroup" name="test_brief_recipients" time="0.048" /><testcase classname="tests.test_iter128_ci_refactor_regression.TestAuditorGroup" name="test_my_nudge_pref_get_and_put" time="0.102" /><testcase classname="tests.test_iter128_ci_refactor_regression.TestAuditorGroup" name="test_muted_owners" time="0.050" /><testcase classname="tests.test_iter128_ci_refactor_regression.TestAuditorGroup" name="test_brief_pdf" time="0.194" /><testcase classname="tests.test_iter128_ci_refactor_regression.TestAuditorGroup" name="test_email_brief" time="0.438" /><testcase classname="tests.test_iter128_ci_refactor_regression.TestAuditorGroup" name="test_public_auditor_link_meta_and_pdf" time="1.997" /><testcase classname="tests.test_iter128_ci_refactor_regression.TestRecapGroup" name="test_recap_preview" time="0.056" /><testcase classname="tests.test_iter128_ci_refactor_regression.TestRecapGroup" name="test_recap_history" time="0.048" /><testcase classname="tests.test_iter128_ci_refactor_regression.TestRecapGroup" name="test_timeline" time="0.067" /><testcase classname="tests.test_iter128_ci_refactor_regression.TestRecapGroup" name="test_timeline_pdf" time="0.169" /><testcase classname="tests.test_iter128_ci_refactor_regression.TestRecapGroup" name="test_activity" time="0.048" /><testcase classname="tests.test_iter128_ci_refactor_regression.TestRecapGroup" name="test_follow_up" time="0.049" /><testcase classname="tests.test_iter128_ci_refactor_regression.TestRecapGroup" name="test_public_meta" time="0.050" /><testcase classname="tests.test_iter128_ci_refactor_regression.TestCore" name="test_settings_get_put_roundtrip" time="0.101" /><testcase classname="tests.test_iter128_ci_refactor_regression.TestCore" name="test_effectiveness_history" time="0.062" /><testcase classname="tests.test_iter128_ci_refactor_regression.TestCore" name="test_owner_nudges_preview" time="0.057" /><testcase classname="tests.test_iter128_ci_refactor_regression.TestCore" name="test_owner_nudges_post" time="0.060" /><testcase classname="tests.test_iter128_ci_refactor_regression.TestCore" name="test_brief_preview" time="0.056" /><testcase classname="tests.test_iter128_ci_refactor_regression.TestDemo" name="test_demo_state" time="0.048" /><testcase classname="tests.test_iter128_ci_refactor_regression.TestDemo" name="test_demo_status" time="0.046" /><testcase classname="tests.test_iter128_ci_refactor_regression.TestDemo" name="test_demo_seed_and_clear" time="0.111" /><testcase classname="tests.test_iter128_ci_refactor_regression.TestRecapRecipients" name="test_recap_send_includes_board_and_auditor" time="0.978" /></testsuite></testsuites>