<?xml version="1.0" encoding="utf-8"?><testsuites name="pytest tests"><testsuite name="pytest" errors="0" failures="0" skipped="0" tests="16" time="4.157" timestamp="2026-08-09T00:52:00.297125+00:00" hostname="agent-env-e65c0563-02ac-4731-8630-371af0a74c08"><testcase classname="tests.test_iter60_scorecard_pdf.TestRegressionModules" name="test_endpoint_200[/api/sap/autoremediation]" time="0.917" /><testcase classname="tests.test_iter60_scorecard_pdf.TestScorecardExport" name="test_scorecard_csv" time="0.918" /><testcase classname="tests.test_iter60_scorecard_pdf.TestRegressionModules" name="test_endpoint_200[/api/sap/jml]" time="0.056" /><testcase classname="tests.test_iter60_scorecard_pdf.TestScorecardExport" name="test_scorecard_pdf" time="0.119" /><testcase classname="tests.test_iter60_scorecard_pdf.TestRegressionModules" name="test_endpoint_200[/api/sap/mover-rule]" time="0.055" /><testcase classname="tests.test_iter60_scorecard_pdf.TestRegressionModules" name="test_endpoint_200[/api/sap/workflow/activity]" time="0.106" /><testcase classname="tests.test_iter60_scorecard_pdf.TestMoverRuleFilters" name="test_mover_rule_base" time="0.103" /><testcase classname="tests.test_iter60_scorecard_pdf.TestRegressionModules" name="test_endpoint_200[/api/sap/workflow/activity/export?format=csv]" time="0.067" /><testcase classname="tests.test_iter60_scorecard_pdf.TestMoverRuleFilters" name="test_mover_rule_filters_q_days" time="0.177" /><testcase classname="tests.test_iter60_scorecard_pdf.TestRegressionModules" name="test_endpoint_200[/api/sap/digest/config]" time="0.054" /><testcase classname="tests.test_iter60_scorecard_pdf.TestRegressionModules" name="test_endpoint_200[/api/sap/digest/preview]" time="0.059" /><testcase classname="tests.test_iter60_scorecard_pdf.TestRegressionModules" name="test_endpoint_200[/api/sap/scorecard]" time="0.060" /><testcase classname="tests.test_iter60_scorecard_pdf.TestScorecardTrend" name="test_scorecard_trend_source_real" time="0.062" /><testcase classname="tests.test_iter60_scorecard_pdf.TestRegressionModules" name="test_endpoint_200[/api/sap/sod/conflicts]" time="0.062" /><testcase classname="tests.test_iter60_scorecard_pdf.TestDigestSend" name="test_digest_send_ok_or_throttled" time="0.562" /><testcase classname="tests.test_iter60_scorecard_pdf.TestWeeklyJob" name="test_weekly_job_import" time="1.954" /></testsuite></testsuites>