<?xml version="1.0" encoding="utf-8"?><testsuites name="pytest tests"><testsuite name="pytest" errors="0" failures="0" skipped="0" tests="12" time="8.333" timestamp="2026-08-12T17:01:04.084532+00:00" hostname="agent-env-e65c0563-02ac-4731-8630-371af0a74c08"><testcase classname="tests.test_iter136_crisis_ops.TestChatMentions" name="test_mentions_resolved_by_role_full_string" time="1.307" /><testcase classname="tests.test_iter136_crisis_ops.TestChatMentions" name="test_partial_role_does_not_match" time="0.133" /><testcase classname="tests.test_iter136_crisis_ops.TestChatMentions" name="test_no_mention_no_mentions_array" time="0.070" /><testcase classname="tests.test_iter136_crisis_ops.TestMessageToAction" name="test_convert_message_creates_decision_action" time="0.485" /><testcase classname="tests.test_iter136_crisis_ops.TestMessageToAction" name="test_convert_missing_message_404" time="0.068" /><testcase classname="tests.test_iter136_crisis_ops.TestAutoEscalate" name="test_high_to_critical_sets_cadence_4_and_writes_event" time="0.276" /><testcase classname="tests.test_iter136_crisis_ops.TestAutoEscalate" name="test_already_critical_does_not_re_escalate" time="0.284" /><testcase classname="tests.test_iter136_crisis_ops.TestAutoEscalate" name="test_user_explicit_cadence_respected_on_critical_transition" time="0.279" /><testcase classname="tests.test_iter136_crisis_ops.TestRegression" name="test_roster_and_chat_baseline" time="0.138" /><testcase classname="tests.test_iter136_crisis_ops.TestRegression" name="test_connectors_health" time="0.071" /><testcase classname="tests.test_iter136_crisis_ops.TestRegression" name="test_servicenow_manual_ingest_400_when_not_connected" time="0.068" /><testcase classname="tests.test_iter136_crisis_ops.TestRegression" name="test_crisis_insight_grounded" time="5.064" /></testsuite></testsuites>