<?xml version="1.0" encoding="utf-8"?><testsuites name="pytest tests"><testsuite name="pytest" errors="0" failures="0" skipped="0" tests="8" time="13.190" timestamp="2026-08-10T23:47:59.573745+00:00" hostname="agent-env-e65c0563-02ac-4731-8630-371af0a74c08"><testcase classname="tests.test_iter116_alert_channels_snooze_export" name="test_governance_settings_has_new_keys" time="2.205" /><testcase classname="tests.test_iter116_alert_channels_snooze_export" name="test_put_persists_emails_and_valid_webhook" time="0.112" /><testcase classname="tests.test_iter116_alert_channels_snooze_export" name="test_put_rejects_non_http_webhook" time="0.053" /><testcase classname="tests.test_iter116_alert_channels_snooze_export" name="test_snooze_sets_and_clears_with_audit" time="0.281" /><testcase classname="tests.test_iter116_alert_channels_snooze_export" name="test_audit_log_csv_full" time="0.333" /><testcase classname="tests.test_iter116_alert_channels_snooze_export" name="test_audit_log_csv_trusted_only" time="0.170" /><testcase classname="tests.test_iter116_alert_channels_snooze_export" name="test_audit_log_pdf" time="9.225" /><testcase classname="tests.test_iter116_alert_channels_snooze_export" name="test_audit_log_pdf_trusted" time="0.396" /></testsuite></testsuites>