<?xml version="1.0" encoding="utf-8"?><testsuites name="pytest tests"><testsuite name="pytest" errors="0" failures="0" skipped="0" tests="9" time="3.418" timestamp="2026-08-12T18:56:15.656395+00:00" hostname="agent-env-e65c0563-02ac-4731-8630-371af0a74c08"><testcase classname="tests.test_iter141_crisis_webhook_snapshot_scenario" name="test_webhook_config" time="0.756" /><testcase classname="tests.test_iter141_crisis_webhook_snapshot_scenario" name="test_webhook_rotate_changes_secret" time="0.159" /><testcase classname="tests.test_iter141_crisis_webhook_snapshot_scenario" name="test_webhook_ingest_invalid_secret" time="0.154" /><testcase classname="tests.test_iter141_crisis_webhook_snapshot_scenario" name="test_webhook_ingest_missing_secret" time="0.073" /><testcase classname="tests.test_iter141_crisis_webhook_snapshot_scenario" name="test_webhook_ingest_empty_events_400" time="0.151" /><testcase classname="tests.test_iter141_crisis_webhook_snapshot_scenario" name="test_webhook_ingest_public_no_cookie_success" time="0.338" /><testcase classname="tests.test_iter141_crisis_webhook_snapshot_scenario" name="test_snapshot_create_get_public_revoke" time="0.537" /><testcase classname="tests.test_iter141_crisis_webhook_snapshot_scenario" name="test_scenario_full_flow" time="1.006" /><testcase classname="tests.test_iter141_crisis_webhook_snapshot_scenario" name="test_zz_cleanup" time="0.166" /></testsuite></testsuites>