<?xml version="1.0" encoding="utf-8"?><testsuites name="pytest tests"><testsuite name="pytest" errors="0" failures="0" skipped="0" tests="8" time="1.633" timestamp="2026-08-07T19:43:12.114906+00:00" hostname="agent-env-e65c0563-02ac-4731-8630-371af0a74c08"><testcase classname="tests.test_iter23_p0_features.TestControlNotes" name="test_get_history_ok" time="0.556" /><testcase classname="tests.test_iter23_p0_features.TestControlNotes" name="test_post_note_and_verify_persistence" time="0.150" /><testcase classname="tests.test_iter23_p0_features.TestControlNotes" name="test_post_note_empty_400" time="0.098" /><testcase classname="tests.test_iter23_p0_features.TestControlNotes" name="test_post_note_invalid_kind_defaults" time="0.103" /><testcase classname="tests.test_iter23_p0_features.TestVendorNotes" name="test_get_vendor_history_and_add" time="0.195" /><testcase classname="tests.test_iter23_p0_features.TestVendorNotes" name="test_vendor_note_empty_400" time="0.097" /><testcase classname="tests.test_iter23_p0_features.TestEmailDocsAll" name="test_email_all_no_recipients_400" time="0.095" /><testcase classname="tests.test_iter23_p0_features.TestEmailDocsAll" name="test_email_all_success_after_save" time="0.278" /></testsuite></testsuites>