<?xml version="1.0" encoding="utf-8"?><testsuites name="pytest tests"><testsuite name="pytest" errors="0" failures="0" skipped="0" tests="7" time="2.275" timestamp="2026-08-11T18:00:21.301367+00:00" hostname="agent-env-e65c0563-02ac-4731-8630-371af0a74c08"><testcase classname="tests.test_iter121_ci_demo_and_brief.TestControlsDemoOverlay" name="test_baseline_all_passing_24" time="0.712" /><testcase classname="tests.test_iter121_ci_demo_and_brief.TestControlsDemoOverlay" name="test_demo_overlay_flips_two" time="0.095" /><testcase classname="tests.test_iter121_ci_demo_and_brief.TestCIBriefSettings" name="test_get_settings_shape" time="0.813" /><testcase classname="tests.test_iter121_ci_demo_and_brief.TestControlsDemoOverlay" name="test_demo_is_not_persisted" time="0.069" /><testcase classname="tests.test_iter121_ci_demo_and_brief.TestCIBriefSettings" name="test_put_validation_dedupe_lowercase_clamp" time="0.175" /><testcase classname="tests.test_iter121_ci_demo_and_brief.TestCIBriefSettings" name="test_send_brief_now" time="0.905" /><testcase classname="tests.test_iter121_ci_demo_and_brief.TestCIBriefSettings" name="test_cleanup_reset_settings" time="0.072" /></testsuite></testsuites>