<?xml version="1.0" encoding="utf-8"?><testsuites name="pytest tests"><testsuite name="pytest" errors="0" failures="0" skipped="0" tests="6" time="1.839" timestamp="2026-08-07T17:18:30.095859+00:00" hostname="agent-env-e65c0563-02ac-4731-8630-371af0a74c08"><testcase classname="tests.test_iter16_settings_polish" name="test_recipients_returns_dropped_for_invalid" time="0.495" /><testcase classname="tests.test_iter16_settings_polish" name="test_recipients_all_valid_no_dropped" time="0.054" /><testcase classname="tests.test_iter16_settings_polish" name="test_recipients_get_persists" time="0.150" /><testcase classname="tests.test_iter16_settings_polish" name="test_branding_logo_too_large_rejected" time="0.198" /><testcase classname="tests.test_iter16_settings_polish" name="test_branding_save_then_reset" time="0.200" /><testcase classname="tests.test_iter16_settings_polish" name="test_branding_non_admin_forbidden" time="0.393" /></testsuite></testsuites>