<?xml version="1.0" encoding="utf-8"?><testsuites name="pytest tests"><testsuite name="pytest" errors="0" failures="0" skipped="0" tests="7" time="11.157" timestamp="2026-08-10T20:32:36.898267+00:00" hostname="agent-env-e65c0563-02ac-4731-8630-371af0a74c08"><testcase classname="tests.test_iter107_share_renew_log_alerts.TestRenew" name="test_renew_extends_expiry_by_14_days" time="1.004" /><testcase classname="tests.test_iter107_share_renew_log_alerts.TestAccessLogAndAlerts" name="test_access_log_empty_initially" time="0.964" /><testcase classname="tests.test_iter107_share_renew_log_alerts.TestRenew" name="test_renew_unknown_token_404" time="0.053" /><testcase classname="tests.test_iter107_share_renew_log_alerts.TestAccessLogAndAlerts" name="test_public_opens_write_access_rows_and_admin_stats_unchanged" time="2.670" /><testcase classname="tests.test_iter107_share_renew_log_alerts.TestRenew" name="test_renew_unauth" time="0.297" /><testcase classname="tests.test_iter107_share_renew_log_alerts.TestAccessLogAndAlerts" name="test_engagement_alerts_fire_once_only" time="7.099" /><testcase classname="tests.test_iter107_share_renew_log_alerts.TestAccessLogAndAlerts" name="test_access_log_unknown_token_404" time="0.068" /></testsuite></testsuites>