<?xml version="1.0" encoding="utf-8"?><testsuites name="pytest tests"><testsuite name="pytest" errors="0" failures="0" skipped="0" tests="14" time="6.860" timestamp="2026-08-10T21:04:18.634410+00:00" hostname="agent-env-e65c0563-02ac-4731-8630-371af0a74c08"><testcase classname="tests.test_iter109_anomaly_cadence_worldmap.TestCadenceSetting" name="test_default_cadence_key_present" time="0.668" /><testcase classname="tests.test_iter109_anomaly_cadence_worldmap.TestCadenceSetting" name="test_put_and_get_cadence[off]" time="0.146" /><testcase classname="tests.test_iter109_anomaly_cadence_worldmap.TestCadenceSetting" name="test_put_and_get_cadence[weekly]" time="0.133" /><testcase classname="tests.test_iter109_anomaly_cadence_worldmap.TestCadenceSetting" name="test_put_and_get_cadence[instant]" time="0.137" /><testcase classname="tests.test_iter109_anomaly_cadence_worldmap.TestCadenceSetting" name="test_invalid_cadence_falls_back_to_instant" time="0.132" /><testcase classname="tests.test_iter109_anomaly_cadence_worldmap.TestInstantAlertGating" name="test_instant_sets_alerted_open_true" time="1.553" /><testcase classname="tests.test_iter109_anomaly_cadence_worldmap.TestInstantAlertGating" name="test_weekly_leaves_alerted_open_false" time="1.255" /><testcase classname="tests.test_iter109_anomaly_cadence_worldmap.TestAnomalyAndGeo" name="test_access_log_returns_rows" time="4.679" /><testcase classname="tests.test_iter109_anomaly_cadence_worldmap.TestInstantAlertGating" name="test_off_leaves_alerted_open_false" time="1.401" /><testcase classname="tests.test_iter109_anomaly_cadence_worldmap.TestAnomalyAndGeo" name="test_rows_have_anomaly_and_reason_keys" time="0.095" /><testcase classname="tests.test_iter109_anomaly_cadence_worldmap.TestAnomalyAndGeo" name="test_geo_lat_lon_present" time="1.175" /><testcase classname="tests.test_iter109_anomaly_cadence_worldmap.TestAnomalyAndGeo" name="test_baseline_not_flagged_and_anomaly_flagged" time="0.061" /><testcase classname="tests.test_iter109_anomaly_cadence_worldmap.TestAnomalyAndGeo" name="test_csv_export_includes_anomaly_column" time="0.070" /><testcase classname="tests.test_iter109_anomaly_cadence_worldmap.TestAnomalyAndGeo" name="test_pdf_export_still_valid" time="0.453" /></testsuite></testsuites>