<?xml version="1.0" encoding="utf-8"?><testsuites name="pytest tests"><testsuite name="pytest" errors="0" failures="1" skipped="0" tests="8" time="47.112" timestamp="2026-08-10T21:17:37.847886+00:00" hostname="agent-env-e65c0563-02ac-4731-8630-371af0a74c08"><testcase classname="tests.test_iter110_anomaly_autoalert_custody_map.TestAnomalyAutoAlertDownload" name="test_weekly_cadence_anomalous_download_creates_notification" time="7.871"><failure message="AssertionError: weekly cadence: expected 1 anomaly notif for AU download, got 0. This suggests _card_anomaly_autocheck is NOT wired into public_card_share_pdf (download path).&#10;assert 0 == 1">backend/tests/test_iter110_anomaly_autoalert_custody_map.py:198: in test_weekly_cadence_anomalous_download_creates_notification
    assert n == 1, (
E   AssertionError: weekly cadence: expected 1 anomaly notif for AU download, got 0. This suggests _card_anomaly_autocheck is NOT wired into public_card_share_pdf (download path).
E   assert 0 == 1</failure></testcase><testcase classname="tests.test_iter110_anomaly_autoalert_custody_map.TestAnomalyAutoAlertOpen" name="test_weekly_cadence_anomalous_open_creates_notification" time="5.331" /><testcase classname="tests.test_iter110_anomaly_autoalert_custody_map.TestAnomalyAutoAlertOpen" name="test_off_cadence_anomalous_open_creates_no_notification" time="4.173" /><testcase classname="tests.test_iter110_anomaly_autoalert_custody_map.TestAnomalyAutoAlertDownload" name="test_off_cadence_anomalous_download_creates_no_notification" time="4.901" /><testcase classname="tests.test_iter110_anomaly_autoalert_custody_map.TestAnomalyAutoAlertOpen" name="test_dedupe_re_open_from_same_anomalous_ip" time="7.129" /><testcase classname="tests.test_iter110_anomaly_autoalert_custody_map.TestAccessLogRegression" name="test_access_log_json_has_geo_and_anomaly" time="5.306" /><testcase classname="tests.test_iter110_anomaly_autoalert_custody_map.TestCustodyMapInPDF" name="test_custody_pdf_valid_and_multipage" time="33.394" /><testcase classname="tests.test_iter110_anomaly_autoalert_custody_map.TestCustodyMapInPDF" name="test_custody_pdf_no_geo_still_valid" time="0.565" /></testsuite></testsuites>