<?xml version="1.0" encoding="utf-8"?><testsuites name="pytest tests"><testsuite name="pytest" errors="0" failures="0" skipped="0" tests="10" time="2.259" timestamp="2026-08-07T14:50:17.311843+00:00" hostname="agent-env-e65c0563-02ac-4731-8630-371af0a74c08"><testcase classname="tests.test_iter10_dualmode" name="test_security_headers" time="0.500" /><testcase classname="tests.test_iter10_dualmode" name="test_weak_password_rejected" time="0.124" /><testcase classname="tests.test_iter10_dualmode" name="test_metrics_dashboard" time="0.066" /><testcase classname="tests.test_iter10_dualmode" name="test_cyber_overview" time="0.056" /><testcase classname="tests.test_iter10_dualmode" name="test_enterprise_live" time="0.055" /><testcase classname="tests.test_iter10_dualmode" name="test_openai_verify_bad_key" time="0.251" /><testcase classname="tests.test_iter10_dualmode" name="test_teams_valid_webhook" time="0.118" /><testcase classname="tests.test_iter10_dualmode" name="test_teams_share_gates_when_unconfigured" time="0.115" /><testcase classname="tests.test_iter10_dualmode" name="test_controls_compliance" time="0.056" /><testcase classname="tests.test_iter10_dualmode" name="test_controls_include_frameworks" time="0.061" /></testsuite></testsuites>