<?xml version="1.0" encoding="utf-8"?><testsuites name="pytest tests"><testsuite name="pytest" errors="0" failures="0" skipped="0" tests="3" time="2.429" timestamp="2026-08-10T12:50:24.151735+00:00" hostname="agent-env-e65c0563-02ac-4731-8630-371af0a74c08"><testcase classname="tests.test_iter93_auditor_room" name="test_evidence_room_create_list_revoke" time="1.387" /><testcase classname="tests.test_iter93_auditor_room" name="test_standard_agent_actions_suspend_resume" time="0.662" /><testcase classname="tests.test_iter93_auditor_room" name="test_standard_aisys_sanction_block" time="0.049" /></testsuite></testsuites>