<?xml version="1.0" encoding="utf-8"?><testsuites name="pytest tests"><testsuite name="pytest" errors="0" failures="1" skipped="0" tests="15" time="12.088" timestamp="2026-08-09T04:18:17.156904+00:00" hostname="agent-env-e65c0563-02ac-4731-8630-371af0a74c08"><testcase classname="tests.test_iter68_ask_channels.TestSlackAsk" name="test_valid_with_response_url_ephemeral_ack" time="1.510" /><testcase classname="tests.test_iter68_ask_channels.TestTeamsAsk" name="test_valid_returns_message" time="3.273" /><testcase classname="tests.test_iter68_ask_channels.TestSlackAsk" name="test_inline_no_response_url" time="1.644" /><testcase classname="tests.test_iter68_ask_channels.TestSlackAsk" name="test_empty_text_usage_help" time="0.116"><failure message="AssertionError: assert ('/askdigest' in 'Ask me about the SAP Access Governance digest. One-tap shortcuts: `top risks` · `score` · `score trend` · `critical` · `residual`\n• What are the top risks in this digest right now?\n• Why is Basis / Security the biggest area of open conflicts?\n• What should we prioritise remediating this week?\n• Is the governance score expected to improve next week?' or 'askdigest' in 'ask me about the sap access governance digest. one-tap shortcuts: `top risks` · `score` · `score trend` · `critical` · `residual`\n• what are the top risks in this digest right now?\n• why is basis / security the biggest area of open conflicts?\n• what should we prioritise remediating this week?\n• is the governance score expected to improve next week?')&#10; +  where 'Ask me about the SAP Access Governance digest. One-tap shortcuts: `top risks` · `score` · `score trend` · `critical` · `residual`\n• What are the top risks in this digest right now?\n• Why is Basis / Security the biggest area of open conflicts?\n• What should we prioritise remediating this week?\n• Is the governance score expected to improve next week?' = &lt;built-in method get of dict object at 0xfc4b46cc7080&gt;('text', '')&#10; +    where &lt;built-in method get of dict object at 0xfc4b46cc7080&gt; = {'response_type': 'ephemeral', 'text': 'Ask me about the SAP Access Governance digest. One-tap shortcuts: `top risks` · `score` · `score trend` · `critical` · `residual`\n• What are the top risks in this digest right now?\n• Why is Basis / Security the biggest area of open conflicts?\n• What should we prioritise remediating this week?\n• Is the governance score expected to improve next week?'}.get&#10; +  and   'ask me about the sap access governance digest. one-tap shortcuts: `top risks` · `score` · `score trend` · `critical` · `residual`\n• what are the top risks in this digest right now?\n• why is basis / security the biggest area of open conflicts?\n• what should we prioritise remediating this week?\n• is the governance score expected to improve next week?' = &lt;built-in method lower of str object at 0xaefae1d78e90&gt;()&#10; +    where &lt;built-in method lower of str object at 0xaefae1d78e90&gt; = 'Ask me about the SAP Access Governance digest. One-tap shortcuts: `top risks` · `score` · `score trend` · `critical` · `residual`\n• What are the top risks in this digest right now?\n• Why is Basis / Security the biggest area of open conflicts?\n• What should we prioritise remediating this week?\n• Is the governance score expected to improve next week?'.lower&#10; +      where 'Ask me about the SAP Access Governance digest. One-tap shortcuts: `top risks` · `score` · `score trend` · `critical` · `residual`\n• What are the top risks in this digest right now?\n• Why is Basis / Security the biggest area of open conflicts?\n• What should we prioritise remediating this week?\n• Is the governance score expected to improve next week?' = &lt;built-in method get of dict object at 0xfc4b46cc7080&gt;('text', '')&#10; +        where &lt;built-in method get of dict object at 0xfc4b46cc7080&gt; = {'response_type': 'ephemeral', 'text': 'Ask me about the SAP Access Governance digest. One-tap shortcuts: `top risks` · `score` · `score trend` · `critical` · `residual`\n• What are the top risks in this digest right now?\n• Why is Basis / Security the biggest area of open conflicts?\n• What should we prioritise remediating this week?\n• Is the governance score expected to improve next week?'}.get">backend/tests/test_iter68_ask_channels.py:114: in test_empty_text_usage_help
    assert "/askdigest" in j.get("text", "") or "askdigest" in j.get("text", "").lower()
E   AssertionError: assert ('/askdigest' in 'Ask me about the SAP Access Governance digest. One-tap shortcuts: `top risks` · `score` · `score trend` · `critical` · `residual`\n• What are the top risks in this digest right now?\n• Why is Basis / Security the biggest area of open conflicts?\n• What should we prioritise remediating this week?\n• Is the governance score expected to improve next week?' or 'askdigest' in 'ask me about the sap access governance digest. one-tap shortcuts: `top risks` · `score` · `score trend` · `critical` · `residual`\n• what are the top risks in this digest right now?\n• why is basis / security the biggest area of open conflicts?\n• what should we prioritise remediating this week?\n• is the governance score expected to improve next week?')
E    +  where 'Ask me about the SAP Access Governance digest. One-tap shortcuts: `top risks` · `score` · `score trend` · `critical` · `residual`\n• What are the top risks in this digest right now?\n• Why is Basis / Security the biggest area of open conflicts?\n• What should we prioritise remediating this week?\n• Is the governance score expected to improve next week?' = &lt;built-in method get of dict object at 0xfc4b46cc7080&gt;('text', '')
E    +    where &lt;built-in method get of dict object at 0xfc4b46cc7080&gt; = {'response_type': 'ephemeral', 'text': 'Ask me about the SAP Access Governance digest. One-tap shortcuts: `top risks` · `score` · `score trend` · `critical` · `residual`\n• What are the top risks in this digest right now?\n• Why is Basis / Security the biggest area of open conflicts?\n• What should we prioritise remediating this week?\n• Is the governance score expected to improve next week?'}.get
E    +  and   'ask me about the sap access governance digest. one-tap shortcuts: `top risks` · `score` · `score trend` · `critical` · `residual`\n• what are the top risks in this digest right now?\n• why is basis / security the biggest area of open conflicts?\n• what should we prioritise remediating this week?\n• is the governance score expected to improve next week?' = &lt;built-in method lower of str object at 0xaefae1d78e90&gt;()
E    +    where &lt;built-in method lower of str object at 0xaefae1d78e90&gt; = 'Ask me about the SAP Access Governance digest. One-tap shortcuts: `top risks` · `score` · `score trend` · `critical` · `residual`\n• What are the top risks in this digest right now?\n• Why is Basis / Security the biggest area of open conflicts?\n• What should we prioritise remediating this week?\n• Is the governance score expected to improve next week?'.lower
E    +      where 'Ask me about the SAP Access Governance digest. One-tap shortcuts: `top risks` · `score` · `score trend` · `critical` · `residual`\n• What are the top risks in this digest right now?\n• Why is Basis / Security the biggest area of open conflicts?\n• What should we prioritise remediating this week?\n• Is the governance score expected to improve next week?' = &lt;built-in method get of dict object at 0xfc4b46cc7080&gt;('text', '')
E    +        where &lt;built-in method get of dict object at 0xfc4b46cc7080&gt; = {'response_type': 'ephemeral', 'text': 'Ask me about the SAP Access Governance digest. One-tap shortcuts: `top risks` · `score` · `score trend` · `critical` · `residual`\n• What are the top risks in this digest right now?\n• Why is Basis / Security the biggest area of open conflicts?\n• What should we prioritise remediating this week?\n• Is the governance score expected to improve next week?'}.get</failure></testcase><testcase classname="tests.test_iter68_ask_channels.TestTeamsAsk" name="test_shortcut_critical_with_mention_stripped" time="2.191" /><testcase classname="tests.test_iter68_ask_channels.TestSlackAsk" name="test_shortcut_top_risks" time="3.235" /><testcase classname="tests.test_iter68_ask_channels.TestTeamsAsk" name="test_wrong_secret" time="0.120" /><testcase classname="tests.test_iter68_ask_channels.TestDigestConfigMasking" name="test_secrets_masked_and_flags" time="0.045" /><testcase classname="tests.test_iter68_ask_channels.TestDigestConfigMasking" name="test_blank_secret_preserves" time="2.170" /><testcase classname="tests.test_iter68_ask_channels.TestSlackAsk" name="test_wrong_secret_not_linked" time="0.104" /><testcase classname="tests.test_iter68_ask_channels.TestSlackAsk" name="test_stale_timestamp_401" time="0.098" /><testcase classname="tests.test_iter68_ask_channels.TestAskLog" name="test_shape_and_accumulation" time="0.060" /><testcase classname="tests.test_iter68_ask_channels.TestSapInsightCache" name="test_cached_second_call_fast" time="4.964" /><testcase classname="tests.test_iter68_ask_channels.TestSlackTestEndpoint" name="test_admin_ok" time="2.401" /><testcase classname="tests.test_iter68_ask_channels.TestSlackTestEndpoint" name="test_non_admin_blocked" time="0.156" /></testsuite></testsuites>