<?xml version="1.0" encoding="utf-8"?><testsuites name="pytest tests"><testsuite name="pytest" errors="0" failures="0" skipped="0" tests="7" time="2.191" timestamp="2026-08-12T15:44:39.285644+00:00" hostname="agent-env-e65c0563-02ac-4731-8630-371af0a74c08"><testcase classname="tests.test_iter132_crisis_commander.TestDemoMode" name="test_demo_clear_then_status_inactive" time="0.984" /><testcase classname="tests.test_iter132_crisis_commander.TestWarRoom" name="test_add_and_remove_participant" time="1.283" /><testcase classname="tests.test_iter132_crisis_commander.TestDemoMode" name="test_demo_seed_creates_case_and_status_active" time="0.226" /><testcase classname="tests.test_iter132_crisis_commander.TestDemoMode" name="test_demo_clear_removes_case" time="0.139" /><testcase classname="tests.test_iter132_crisis_commander.TestRecovery" name="test_recovery_add_and_advance_flow" time="0.411" /><testcase classname="tests.test_iter132_crisis_commander.TestRegulatory" name="test_add_obligation_with_deadline" time="0.225" /><testcase classname="tests.test_iter132_crisis_commander.TestPIRPDF" name="test_pir_pdf_with_em_dash_returns_200" time="0.293" /></testsuite></testsuites>