<?xml version="1.0" encoding="utf-8"?><testsuites name="pytest tests"><testsuite name="pytest" errors="0" failures="1" skipped="0" tests="21" time="5.554" timestamp="2026-08-09T05:35:55.859167+00:00" hostname="agent-env-e65c0563-02ac-4731-8630-371af0a74c08"><testcase classname="tests.test_iter70_refactor_analytics_watchlist.TestMovedAskEndpoints" name="test_ask_analytics" time="0.789" /><testcase classname="tests.test_iter70_refactor_analytics_watchlist.TestWatchlist" name="test_get_empty_or_current" time="0.789" /><testcase classname="tests.test_iter70_refactor_analytics_watchlist.TestMovedAskEndpoints" name="test_ask_log" time="0.050" /><testcase classname="tests.test_iter70_refactor_analytics_watchlist.TestWatchlist" name="test_pin_finance" time="0.053" /><testcase classname="tests.test_iter70_refactor_analytics_watchlist.TestMovedAskEndpoints" name="test_digest_ask_intro" time="0.063" /><testcase classname="tests.test_iter70_refactor_analytics_watchlist.TestWatchlist" name="test_pin_unknown_area_404" time="0.083" /><testcase classname="tests.test_iter70_refactor_analytics_watchlist.TestMovedAskEndpoints" name="test_digest_ask_history" time="0.089" /><testcase classname="tests.test_iter70_refactor_analytics_watchlist.TestWatchlist" name="test_pinned_sort" time="0.322" /><testcase classname="tests.test_iter70_refactor_analytics_watchlist.TestMovedAskEndpoints" name="test_digest_ask_multiturn" time="2.940" /><testcase classname="tests.test_iter70_refactor_analytics_watchlist.TestWatchlist" name="test_unpin" time="0.049" /><testcase classname="tests.test_iter70_refactor_analytics_watchlist.TestWatchlist" name="test_cleanup" time="0.222" /><testcase classname="tests.test_iter70_refactor_analytics_watchlist.TestAnalyticsExplorer" name="test_no_filter_returns_filters_object" time="0.070" /><testcase classname="tests.test_iter70_refactor_analytics_watchlist.TestAnalyticsExplorer" name="test_region_filter_scopes" time="0.049" /><testcase classname="tests.test_iter70_refactor_analytics_watchlist.TestAnalyticsExplorer" name="test_department_filter_scopes" time="0.050" /><testcase classname="tests.test_iter70_refactor_analytics_watchlist.TestAnalyticsExplorer" name="test_combined_filter" time="0.050" /><testcase classname="tests.test_iter70_refactor_analytics_watchlist.TestMovedEvidenceEndpoints" name="test_sod_evidence_preview" time="0.051" /><testcase classname="tests.test_iter70_refactor_analytics_watchlist.TestDigestCrossModule" name="test_scorecard" time="0.053"><failure message="AssertionError: assert 'score' in {'current': {'open_sod': 71, 'sev': {'Critical': 28, 'High': 40, 'Medium': 3}, 'autorem_total': 16, 'autorem_24h': 16, ...}, 'trend': [{'label': 'W25', 'week': '2026-W25', 'open_sod': 85, 'autoremediated': 9, ...}, {'label': 'W26', 'week': '2026-W26', 'open_sod': 83, 'autoremediated': 10, ...}, {'label': 'W27', 'week': '2026-W27', 'open_sod': 81, 'autoremediated': 11, ...}, {'label': 'W28', 'week': '2026-W28', 'open_sod': 79, 'autoremediated': 12, ...}, {'label': 'W29', 'week': '2026-W29', 'open_sod': 77, 'autoremediated': 13, ...}, {'label': 'W30', 'week': '2026-W30', 'open_sod': 75, 'autoremediated': 14, ...}, ...], 'trend_source': 'real', 'forecast': {'next_week_score': 56, 'delta': 3, 'basis': '+3/wk avg over last 4 weeks'}, ...}&#10; +  where {'current': {'open_sod': 71, 'sev': {'Critical': 28, 'High': 40, 'Medium': 3}, 'autorem_total': 16, 'autorem_24h': 16, ...}, 'trend': [{'label': 'W25', 'week': '2026-W25', 'open_sod': 85, 'autoremediated': 9, ...}, {'label': 'W26', 'week': '2026-W26', 'open_sod': 83, 'autoremediated': 10, ...}, {'label': 'W27', 'week': '2026-W27', 'open_sod': 81, 'autoremediated': 11, ...}, {'label': 'W28', 'week': '2026-W28', 'open_sod': 79, 'autoremediated': 12, ...}, {'label': 'W29', 'week': '2026-W29', 'open_sod': 77, 'autoremediated': 13, ...}, {'label': 'W30', 'week': '2026-W30', 'open_sod': 75, 'autoremediated': 14, ...}, ...], 'trend_source': 'real', 'forecast': {'next_week_score': 56, 'delta': 3, 'basis': '+3/wk avg over last 4 weeks'}, ...} = json()&#10; +    where json = &lt;Response [200]&gt;.json">backend/tests/test_iter70_refactor_analytics_watchlist.py:94: in test_scorecard
    assert "score" in r.json()
E   AssertionError: assert 'score' in {'current': {'open_sod': 71, 'sev': {'Critical': 28, 'High': 40, 'Medium': 3}, 'autorem_total': 16, 'autorem_24h': 16, ...}, 'trend': [{'label': 'W25', 'week': '2026-W25', 'open_sod': 85, 'autoremediated': 9, ...}, {'label': 'W26', 'week': '2026-W26', 'open_sod': 83, 'autoremediated': 10, ...}, {'label': 'W27', 'week': '2026-W27', 'open_sod': 81, 'autoremediated': 11, ...}, {'label': 'W28', 'week': '2026-W28', 'open_sod': 79, 'autoremediated': 12, ...}, {'label': 'W29', 'week': '2026-W29', 'open_sod': 77, 'autoremediated': 13, ...}, {'label': 'W30', 'week': '2026-W30', 'open_sod': 75, 'autoremediated': 14, ...}, ...], 'trend_source': 'real', 'forecast': {'next_week_score': 56, 'delta': 3, 'basis': '+3/wk avg over last 4 weeks'}, ...}
E    +  where {'current': {'open_sod': 71, 'sev': {'Critical': 28, 'High': 40, 'Medium': 3}, 'autorem_total': 16, 'autorem_24h': 16, ...}, 'trend': [{'label': 'W25', 'week': '2026-W25', 'open_sod': 85, 'autoremediated': 9, ...}, {'label': 'W26', 'week': '2026-W26', 'open_sod': 83, 'autoremediated': 10, ...}, {'label': 'W27', 'week': '2026-W27', 'open_sod': 81, 'autoremediated': 11, ...}, {'label': 'W28', 'week': '2026-W28', 'open_sod': 79, 'autoremediated': 12, ...}, {'label': 'W29', 'week': '2026-W29', 'open_sod': 77, 'autoremediated': 13, ...}, {'label': 'W30', 'week': '2026-W30', 'open_sod': 75, 'autoremediated': 14, ...}, ...], 'trend_source': 'real', 'forecast': {'next_week_score': 56, 'delta': 3, 'basis': '+3/wk avg over last 4 weeks'}, ...} = json()
E    +    where json = &lt;Response [200]&gt;.json</failure></testcase><testcase classname="tests.test_iter70_refactor_analytics_watchlist.TestDigestCrossModule" name="test_scorecard_why" time="1.070" /><testcase classname="tests.test_iter70_refactor_analytics_watchlist.TestDigestCrossModule" name="test_digest_config_get" time="0.052" /><testcase classname="tests.test_iter70_refactor_analytics_watchlist.TestDigestCrossModule" name="test_digest_share_uses_moved_ai_context" time="0.060" /><testcase classname="tests.test_iter70_refactor_analytics_watchlist.TestDigestCrossModule" name="test_digest_recap_preview" time="0.045" /></testsuite></testsuites>