<?xml version="1.0" encoding="utf-8"?><testsuites name="pytest tests"><testsuite name="pytest" errors="0" failures="0" skipped="0" tests="16" time="55.226" timestamp="2026-08-13T00:56:37.517102+00:00" hostname="agent-env-e65c0563-02ac-4731-8630-371af0a74c08"><testcase classname="tests.test_iter153_cra_ai_and_connectors" name="test_dashboard_insight_per_tab[products]" time="5.602" /><testcase classname="tests.test_iter153_cra_ai_and_connectors" name="test_dashboard_insight_per_tab[portal]" time="4.490" /><testcase classname="tests.test_iter153_cra_ai_and_connectors" name="test_dashboard_insight_per_tab[ledger]" time="5.984" /><testcase classname="tests.test_iter153_cra_ai_and_connectors" name="test_dashboard_insight_per_tab[sbom]" time="6.638" /><testcase classname="tests.test_iter153_cra_ai_and_connectors" name="test_dashboard_insight_per_tab[vulnerability]" time="5.263" /><testcase classname="tests.test_iter153_cra_ai_and_connectors" name="test_dashboard_insight_per_tab[labs]" time="5.438" /><testcase classname="tests.test_iter153_cra_ai_and_connectors" name="test_dashboard_insight_per_tab[declaration]" time="4.698" /><testcase classname="tests.test_iter153_cra_ai_and_connectors" name="test_dashboard_insight_per_tab[regulation]" time="5.246" /><testcase classname="tests.test_iter153_cra_ai_and_connectors" name="test_dashboard_insight_per_tab[controls]" time="0.058" /><testcase classname="tests.test_iter153_cra_ai_and_connectors" name="test_dashboard_insight_per_tab[nist]" time="6.608" /><testcase classname="tests.test_iter153_cra_ai_and_connectors" name="test_explain_returns_expected_shape" time="3.981" /><testcase classname="tests.test_iter153_cra_ai_and_connectors" name="test_nist_endpoint" time="0.053" /><testcase classname="tests.test_iter153_cra_ai_and_connectors" name="test_scorecard_mint_revoke_public_pdf" time="0.581" /><testcase classname="tests.test_iter153_cra_ai_and_connectors" name="test_control_assignment" time="0.152" /><testcase classname="tests.test_iter153_cra_ai_and_connectors" name="test_connectors_catalog_new_categories" time="0.058" /><testcase classname="tests.test_iter153_cra_ai_and_connectors" name="test_connectors_health_honest" time="0.049" /></testsuite></testsuites>