<?xml version="1.0" encoding="utf-8"?><testsuites name="pytest tests"><testsuite name="pytest" errors="0" failures="0" skipped="0" tests="11" time="17.276" timestamp="2026-08-10T20:50:25.285426+00:00" hostname="agent-env-e65c0563-02ac-4731-8630-371af0a74c08"><testcase classname="tests.test_iter108_custody_export_geo_digest.TestCustodyPDF" name="test_pdf_export_returns_pdf_bytes" time="4.319" /><testcase classname="tests.test_iter108_custody_export_geo_digest.TestCustodyCSV" name="test_csv_export_returns_text_csv_with_rows" time="4.282" /><testcase classname="tests.test_iter108_custody_export_geo_digest.TestCustodyCSV" name="test_csv_export_404_unknown" time="0.126" /><testcase classname="tests.test_iter108_custody_export_geo_digest.TestCustodyPDF" name="test_pdf_export_404_unknown" time="0.054" /><testcase classname="tests.test_iter108_custody_export_geo_digest.TestCustodyPDF" name="test_pdf_export_requires_auth" time="0.123" /><testcase classname="tests.test_iter108_custody_export_geo_digest.TestCustodyCSV" name="test_csv_export_requires_auth" time="0.152" /><testcase classname="tests.test_iter108_custody_export_geo_digest.TestWeeklyDigestTask" name="test_run_weekly_digest_no_exception" time="3.646" /><testcase classname="tests.test_iter108_custody_export_geo_digest.TestGeoDeviceOnAccessLog" name="test_access_log_has_device_and_geo" time="2.792" /><testcase classname="tests.test_iter108_custody_export_geo_digest.TestRegressionAccessLogJSON" name="test_access_log_json_still_returns_shape" time="2.306" /><testcase classname="tests.test_iter108_custody_export_geo_digest.TestWeeklyDigestTask" name="test_weekly_digest_notification_present" time="3.885" /><testcase classname="tests.test_iter108_custody_export_geo_digest.TestWeeklyDigestTask" name="test_run_weekly_digest_idempotent" time="4.844" /></testsuite></testsuites>