<?xml version="1.0" encoding="utf-8"?><testsuites name="pytest tests"><testsuite name="pytest" errors="0" failures="0" skipped="0" tests="6" time="1.733" timestamp="2026-08-08T16:16:42.432443+00:00" hostname="agent-env-e65c0563-02ac-4731-8630-371af0a74c08"><testcase classname="tests.test_iter55_identities_monitoring" name="test_connectors_all_live" time="0.530" /><testcase classname="tests.test_iter55_identities_monitoring" name="test_identities_list_and_detail" time="0.125" /><testcase classname="tests.test_iter55_identities_monitoring" name="test_person_suspend_then_resume" time="0.372" /><testcase classname="tests.test_iter55_identities_monitoring" name="test_account_recertify_and_ticket" time="0.191" /><testcase classname="tests.test_iter55_identities_monitoring" name="test_access_monitoring_get" time="0.059" /><testcase classname="tests.test_iter55_identities_monitoring" name="test_access_monitoring_recertify_action" time="0.112" /></testsuite></testsuites>