<?xml version="1.0" encoding="utf-8"?><testsuites name="pytest tests"><testsuite name="pytest" errors="0" failures="1" skipped="0" tests="5" time="4.376" timestamp="2026-08-09T02:14:49.470637+00:00" hostname="agent-env-e65c0563-02ac-4731-8630-371af0a74c08"><testcase classname="tests.test_iter63_sod_features" name="test_scorecard_forecast" time="1.821" /><testcase classname="tests.test_iter63_sod_features" name="test_scorecard_why" time="1.319" /><testcase classname="tests.test_iter63_sod_features" name="test_mute_unmute_flow" time="0.363" /><testcase classname="tests.test_iter63_sod_features" name="test_evidence_approve_unapprove" time="0.376" /><testcase classname="tests.test_iter63_sod_features" name="test_evidence_preview_with_scopes" time="0.124"><failure message="AssertionError: {&quot;detail&quot;:[{&quot;type&quot;:&quot;list_type&quot;,&quot;loc&quot;:[&quot;body&quot;,&quot;evidence_recipients&quot;],&quot;msg&quot;:&quot;Input should be a valid list&quot;,&quot;input&quot;:&quot;test-auditor@example.com&quot;}]}&#10;assert 422 == 200&#10; +  where 422 = &lt;Response [422]&gt;.status_code">backend/tests/test_iter63_sod_features.py:97: in test_evidence_preview_with_scopes
    assert put.status_code == 200, put.text
E   AssertionError: {"detail":[{"type":"list_type","loc":["body","evidence_recipients"],"msg":"Input should be a valid list","input":"test-auditor@example.com"}]}
E   assert 422 == 200
E    +  where 422 = &lt;Response [422]&gt;.status_code</failure></testcase></testsuite></testsuites>