<?xml version="1.0" encoding="utf-8"?><testsuites name="pytest tests"><testsuite name="pytest" errors="0" failures="0" skipped="0" tests="6" time="2.310" timestamp="2026-08-07T19:54:25.085839+00:00" hostname="agent-env-e65c0563-02ac-4731-8630-371af0a74c08"><testcase classname="tests.test_iter24_log_features.TestRemediationActivity" name="test_activity_shape_and_score" time="1.106" /><testcase classname="tests.test_iter24_log_features.TestControlNotesAndNotifications" name="test_add_remediation_note_creates_notification" time="1.483" /><testcase classname="tests.test_iter24_log_features.TestRemediationActivity" name="test_activity_increases_on_new_remediation" time="0.302" /><testcase classname="tests.test_iter24_log_features.TestVendorNotesAndNotifications" name="test_vendor_remediation_creates_notification" time="0.542" /><testcase classname="tests.test_iter24_log_features.TestControlNotesAndNotifications" name="test_evidence_note_does_not_create_notification" time="0.273" /><testcase classname="tests.test_iter24_log_features.TestControlNotesAndNotifications" name="test_plain_note_no_notification" time="0.142" /></testsuite></testsuites>