<?xml version="1.0" encoding="utf-8"?><testsuites name="pytest tests"><testsuite name="pytest" errors="0" failures="1" skipped="0" tests="13" time="35.802" timestamp="2026-08-09T04:44:02.839371+00:00" hostname="agent-env-e65c0563-02ac-4731-8630-371af0a74c08"><testcase classname="tests.test_iter69_fix_multiturn_analytics.TestSapFix" name="test_fix_identity_grounded_and_cached" time="3.813" /><testcase classname="tests.test_iter69_fix_multiturn_analytics.TestRateLimit" name="test_slack_rate_limit_throttles" time="22.279" /><testcase classname="tests.test_iter69_fix_multiturn_analytics.TestSapFix" name="test_fix_conflict_grounded" time="1.927" /><testcase classname="tests.test_iter69_fix_multiturn_analytics.TestSapFix" name="test_fix_role_grounded" time="1.562" /><testcase classname="tests.test_iter69_fix_multiturn_analytics.TestSapFix" name="test_fix_account_grounded" time="2.273" /><testcase classname="tests.test_iter69_fix_multiturn_analytics.TestSapFix" name="test_fix_unknown_ref_404" time="0.058" /><testcase classname="tests.test_iter69_fix_multiturn_analytics.TestSlackMultiTurn" name="test_multiturn_and_reset" time="2.974" /><testcase classname="tests.test_iter69_fix_multiturn_analytics.TestTeamsMultiTurn" name="test_multiturn_and_reset" time="4.334" /><testcase classname="tests.test_iter69_fix_multiturn_analytics.TestAskAnalytics" name="test_shape" time="0.053" /><testcase classname="tests.test_iter69_fix_multiturn_analytics.TestSlackBackgroundLogging" name="test_response_url_path_logs_to_ask_log" time="12.265" /><testcase classname="tests.test_iter69_fix_multiturn_analytics.TestRateLimit" name="test_teams_rate_limit_throttles" time="9.745"><failure message="assert 0 &gt; 0">tests/test_iter69_fix_multiturn_analytics.py:223: in test_teams_rate_limit_throttles
    assert throttled &gt; 0
E   assert 0 &gt; 0</failure></testcase><testcase classname="tests.test_iter69_fix_multiturn_analytics.TestTeamsTest" name="test_admin_teams_test" time="3.221" /><testcase classname="tests.test_iter69_fix_multiturn_analytics.TestTeamsTest" name="test_non_admin_forbidden" time="0.193" /></testsuite></testsuites>