<?xml version="1.0" encoding="utf-8"?><testsuites name="pytest tests"><testsuite name="pytest" errors="0" failures="0" skipped="0" tests="6" time="3.926" timestamp="2026-08-11T00:53:35.314661+00:00" hostname="agent-env-e65c0563-02ac-4731-8630-371af0a74c08"><testcase classname="tests.test_iter118_trust_expiry_snooze_reason_digest_preview" name="test_trust_lookup_future_expiry_returns_expired_false" time="1.691" /><testcase classname="tests.test_iter118_trust_expiry_snooze_reason_digest_preview" name="test_trust_lookup_past_expiry_returns_expired_true_and_apply_400" time="0.123" /><testcase classname="tests.test_iter118_trust_expiry_snooze_reason_digest_preview" name="test_trust_apply_valid_unexpired_appends_and_marks_used" time="0.184" /><testcase classname="tests.test_iter118_trust_expiry_snooze_reason_digest_preview" name="test_snooze_instant_with_reason_persists_and_clears" time="0.578" /><testcase classname="tests.test_iter118_trust_expiry_snooze_reason_digest_preview" name="test_snooze_schedule_with_reason_persists_and_clears" time="0.594" /><testcase classname="tests.test_iter118_trust_expiry_snooze_reason_digest_preview" name="test_audit_digest_preview_returns_rows" time="0.120" /></testsuite></testsuites>