<?xml version="1.0" encoding="utf-8"?><testsuites name="pytest tests"><testsuite name="pytest" errors="0" failures="0" skipped="0" tests="10" time="10.967" timestamp="2026-08-12T23:51:42.401264+00:00" hostname="agent-env-e65c0563-02ac-4731-8630-371af0a74c08"><testcase classname="tests.test_iter151_cra_controls_digest" name="test_controls_dashboard_shape" time="0.457" /><testcase classname="tests.test_iter151_cra_controls_digest" name="test_dashboard_next_deadline" time="0.118" /><testcase classname="tests.test_iter151_cra_controls_digest" name="test_insight_headline_countdown" time="3.922" /><testcase classname="tests.test_iter151_cra_controls_digest" name="test_digest_settings_get_shape" time="0.100" /><testcase classname="tests.test_iter151_cra_controls_digest" name="test_digest_settings_put_admin_persists" time="0.187" /><testcase classname="tests.test_iter151_cra_controls_digest" name="test_digest_optin_toggle" time="0.209" /><testcase classname="tests.test_iter151_cra_controls_digest" name="test_digest_send_now_admin_with_products" time="4.323" /><testcase classname="tests.test_iter151_cra_controls_digest" name="test_digest_settings_put_nonadmin_forbidden" time="0.411" /><testcase classname="tests.test_iter151_cra_controls_digest" name="test_send_now_no_products_returns_400" time="0.047" /><testcase classname="tests.test_iter151_cra_controls_digest" name="test_auditor_access_log_roundtrip" time="0.865" /></testsuite></testsuites>