<?xml version="1.0" encoding="utf-8"?><testsuites name="pytest tests"><testsuite name="pytest" errors="0" failures="0" skipped="0" tests="10" time="2.471" timestamp="2026-08-12T19:58:44.449526+00:00" hostname="agent-env-e65c0563-02ac-4731-8630-371af0a74c08"><testcase classname="tests.test_iter143_crisis_extensions.TestNativeConnectors" name="test_native_connectors_list" time="0.900" /><testcase classname="tests.test_iter143_crisis_extensions.TestNativeConnectors" name="test_ingest_native_crowdstrike_ok" time="0.240" /><testcase classname="tests.test_iter143_crisis_extensions.TestNativeConnectors" name="test_ingest_native_missing_secret_401" time="0.121" /><testcase classname="tests.test_iter143_crisis_extensions.TestNativeConnectors" name="test_ingest_native_bad_secret_401" time="0.114" /><testcase classname="tests.test_iter143_crisis_extensions.TestNativeConnectors" name="test_ingest_native_empty_body_400" time="0.198" /><testcase classname="tests.test_iter143_crisis_extensions.TestNativeConnectors" name="test_ingest_native_header_secret" time="0.238" /><testcase classname="tests.test_iter143_crisis_extensions.TestBroadcast" name="test_broadcast_status" time="0.072" /><testcase classname="tests.test_iter143_crisis_extensions.TestBoardView" name="test_board_view" time="0.145" /><testcase classname="tests.test_iter143_crisis_extensions.TestPresentToBoard" name="test_present_board_and_pdf" time="0.287" /><testcase classname="tests.test_iter143_crisis_extensions.TestPresentToBoard" name="test_cleanup_revoke_snapshot" time="0.081" /></testsuite></testsuites>