<?xml version="1.0" encoding="utf-8"?><testsuites name="pytest tests"><testsuite name="pytest" errors="0" failures="0" skipped="0" tests="21" time="37.954" timestamp="2026-08-10T23:27:18.921890+00:00" hostname="agent-env-e65c0563-02ac-4731-8630-371af0a74c08"><testcase classname="tests.test_iter115_instant_alerts_audit_days1" name="test_gov_get_exposes_instant_flag" time="0.526" /><testcase classname="tests.test_iter115_instant_alerts_audit_days1" name="test_instant_flag_put_true_then_false" time="0.241" /><testcase classname="tests.test_iter115_instant_alerts_audit_days1" name="test_trusted_rules_audit_written_on_change" time="1.409" /><testcase classname="tests.test_iter115_instant_alerts_audit_days1" name="test_trusted_rules_audit_captures_removals" time="1.156" /><testcase classname="tests.test_iter115_instant_alerts_audit_days1" name="test_no_trusted_rules_audit_when_only_instant_toggled" time="1.455" /><testcase classname="tests.test_iter115_instant_alerts_audit_days1" name="test_no_trusted_rules_audit_when_values_unchanged" time="1.457" /><testcase classname="tests.test_iter115_instant_alerts_audit_days1" name="test_access_globe_days_1" time="0.202" /><testcase classname="tests.test_iter115_instant_alerts_audit_days1" name="test_access_globe_days_regression[7]" time="0.065" /><testcase classname="tests.test_iter115_instant_alerts_audit_days1" name="test_access_globe_days_regression[30]" time="0.059" /><testcase classname="tests.test_iter115_instant_alerts_audit_days1" name="test_access_globe_days_regression[90]" time="0.058" /><testcase classname="tests.test_iter115_instant_alerts_audit_days1" name="test_access_globe_invalid_days_fallback" time="0.061" /><testcase classname="tests.test_iter115_instant_alerts_audit_days1" name="test_watchtower_baseline_no_trust" time="0.103" /><testcase classname="tests.test_iter115_instant_alerts_audit_days1" name="test_watchtower_with_us_trust" time="0.149" /><testcase classname="tests.test_iter115_instant_alerts_audit_days1" name="test_access_globe_suspicious_and_drilldown" time="0.159" /><testcase classname="tests.test_iter115_instant_alerts_audit_days1" name="test_access_globe_pdf_still_works" time="29.510" /><testcase classname="tests.test_iter115_instant_alerts_audit_days1" name="test_snapshot_status_retire_gated" time="0.104" /><testcase classname="tests.test_iter115_instant_alerts_audit_days1" name="test_trusted_countries_put_get" time="0.157" /><testcase classname="tests.test_iter115_instant_alerts_audit_days1" name="test_trusted_ip_ranges_put_get" time="0.165" /><testcase classname="tests.test_iter115_instant_alerts_audit_days1" name="test_trusted_auditors_and_threshold_put_get" time="0.149" /><testcase classname="tests.test_iter115_instant_alerts_audit_days1" name="test_weekly_drift_digest_cron" time="0.209" /><testcase classname="tests.test_iter115_instant_alerts_audit_days1" name="test_public_endpoints_fast_with_instant_alerts_enabled" time="0.390" /></testsuite></testsuites>