<?xml version="1.0" encoding="utf-8"?><testsuites name="pytest tests"><testsuite name="pytest" errors="0" failures="0" skipped="0" tests="4" time="5.087" timestamp="2026-08-13T01:15:11.192549+00:00" hostname="agent-env-e65c0563-02ac-4731-8630-371af0a74c08"><testcase classname="tests.test_iter154_version_hallucination" name="test_version_endpoint" time="1.377" /><testcase classname="tests.test_iter154_version_hallucination" name="test_cra_ground_insight_products" time="1.503" /><testcase classname="tests.test_iter154_version_hallucination" name="test_cra_ground_explain" time="1.020" /><testcase classname="tests.test_iter154_version_hallucination" name="test_cra_ai_monitor_aggregates" time="0.846" /></testsuite></testsuites>