<?xml version="1.0" encoding="utf-8"?><testsuites name="pytest tests"><testsuite name="pytest" errors="0" failures="0" skipped="0" tests="13" time="12.524" timestamp="2026-08-08T00:04:51.025045+00:00" hostname="agent-env-e65c0563-02ac-4731-8630-371af0a74c08"><testcase classname="tests.test_iter32_self_scanner.TestSelfScanner" name="test_run_scan" time="2.065" /><testcase classname="tests.test_iter32_self_scanner.TestRegressions" name="test_auth_me" time="0.688" /><testcase classname="tests.test_iter32_self_scanner.TestRegressions" name="test_controls_crosswalk" time="0.085" /><testcase classname="tests.test_iter32_self_scanner.TestRegressions" name="test_enterprise_live" time="0.056" /><testcase classname="tests.test_iter32_self_scanner.TestRegressions" name="test_team" time="0.045" /><testcase classname="tests.test_iter32_self_scanner.TestRegressions" name="test_cors_preflight" time="0.071" /><testcase classname="tests.test_iter32_self_scanner.TestRegressions" name="test_advisor" time="11.056" /><testcase classname="tests.test_iter32_self_scanner.TestSelfScanner" name="test_latest" time="0.049" /><testcase classname="tests.test_iter32_self_scanner.TestSelfScanner" name="test_history" time="0.048" /><testcase classname="tests.test_iter32_self_scanner.TestRemediation" name="test_toggle_remediation" time="0.145" /><testcase classname="tests.test_iter32_self_scanner.TestRemediation" name="test_bad_finding_id" time="0.052" /><testcase classname="tests.test_iter32_self_scanner.TestScanCompliance" name="test_crosswalk_reflects_scan" time="0.062" /><testcase classname="tests.test_iter32_self_scanner.TestScanCompliance" name="test_framework_shows_self_scan_source" time="0.073" /></testsuite></testsuites>