<?xml version="1.0" encoding="utf-8"?><testsuites name="pytest tests"><testsuite name="pytest" errors="0" failures="1" skipped="0" tests="23" time="16.469" timestamp="2026-08-07T03:34:00.545996+00:00" hostname="agent-env-e65c0563-02ac-4731-8630-371af0a74c08"><testcase classname="tests.test_new_features.TestReports" name="test_pdf_generation" time="0.675" /><testcase classname="tests.test_new_features.TestActions" name="test_run_entra_enforce_pim_reduces_residual" time="0.771" /><testcase classname="tests.test_new_features.TestReports" name="test_pdf_unauth" time="0.139" /><testcase classname="tests.test_new_features.TestActions" name="test_casb_quarantine_sanctions_ai003" time="0.097" /><testcase classname="tests.test_new_features.TestReports" name="test_reports_list" time="0.084" /><testcase classname="tests.test_new_features.TestReports" name="test_email_send" time="0.049"><failure message="AssertionError: Internal Server Error&#10;assert 500 in (200, 502)&#10; +  where 500 = &lt;Response [500]&gt;.status_code">tests/test_new_features.py:224: in test_email_send
    assert r.status_code in (200, 502), r.text
E   AssertionError: Internal Server Error
E   assert 500 in (200, 502)
E    +  where 500 = &lt;Response [500]&gt;.status_code</failure></testcase><testcase classname="tests.test_new_features.TestModules" name="test_admin_all_owned" time="0.252" /><testcase classname="tests.test_new_features.TestActions" name="test_unknown_action_404" time="0.395" /><testcase classname="tests.test_new_features.TestActions" name="test_actions_unauth" time="0.277" /><testcase classname="tests.test_new_features.TestBillingV2" name="test_plans_shape" time="0.094" /><testcase classname="tests.test_new_features.TestModules" name="test_new_org_addons_not_owned" time="0.376" /><testcase classname="tests.test_new_features.TestModules" name="test_module_checkout_returns_stripe_url" time="0.931" /><testcase classname="tests.test_new_features.TestBillingV2" name="test_subscription_checkout_monthly" time="1.595" /><testcase classname="tests.test_new_features.TestQR" name="test_qr_full_flow" time="1.621" /><testcase classname="tests.test_new_features.TestBillingV2" name="test_subscription_checkout_yearly" time="0.722" /><testcase classname="tests.test_new_features.TestSubscription" name="test_admin_enterprise_active" time="0.044" /><testcase classname="tests.test_new_features.TestSubscription" name="test_new_org_trial_active" time="0.049" /><testcase classname="tests.test_new_features.TestAssets" name="test_admin_assets_seeded" time="0.045" /><testcase classname="tests.test_new_features.TestAssets" name="test_new_org_gets_own_assets" time="0.048" /><testcase classname="tests.test_new_features.TestAdvisorBoardReport" name="test_board_report" time="11.795" /><testcase classname="tests.test_new_features.TestQR" name="test_qr_approve_unauth" time="0.290" /><testcase classname="tests.test_new_features.TestQR" name="test_qr_approve_invalid" time="0.046" /><testcase classname="tests.test_new_features.TestIntegrations" name="test_integrations_list" time="0.048" /></testsuite></testsuites>