<?xml version="1.0" encoding="utf-8"?><testsuites name="pytest tests"><testsuite name="pytest" errors="0" failures="0" skipped="0" tests="7" time="1.640" timestamp="2026-08-08T09:55:02.484905+00:00" hostname="agent-env-e65c0563-02ac-4731-8630-371af0a74c08"><testcase classname="tests.test_iter45_nomock.TestEconomics" name="test_economics_endpoint" time="0.470" /><testcase classname="tests.test_iter45_nomock.TestEconomics" name="test_strategic_includes_economics" time="0.159" /><testcase classname="tests.test_iter45_nomock.TestNoMockRemediation" name="test_remediate_dep_ecdsa_honest_failure" time="0.291" /><testcase classname="tests.test_iter45_nomock.TestNoMockRemediation" name="test_isolate_honest_failure" time="0.048" /><testcase classname="tests.test_iter45_nomock.TestVerifyConnectors" name="test_verify_connectors" time="0.239" /><testcase classname="tests.test_iter45_nomock.TestLedger" name="test_ledger_contains_recent_entries" time="0.049" /><testcase classname="tests.test_iter45_nomock.TestStatusTransitions" name="test_status_transitions" time="0.311" /></testsuite></testsuites>