<?xml version="1.0" encoding="utf-8"?><testsuites name="pytest tests"><testsuite name="pytest" errors="0" failures="0" skipped="0" tests="10" time="2.728" timestamp="2026-08-10T04:26:09.263229+00:00" hostname="agent-env-e65c0563-02ac-4731-8630-371af0a74c08"><testcase classname="tests.test_iter90_agentic_v1_wiring.TestRuntimeWebhook" name="test_get_webhook_initial" time="0.692" /><testcase classname="tests.test_iter90_agentic_v1_wiring.TestRuntimeWebhook" name="test_put_valid_webhook_persists" time="0.090" /><testcase classname="tests.test_iter90_agentic_v1_wiring.TestBulkEnforce" name="test_bulk_suspend_refs" time="1.172" /><testcase classname="tests.test_iter90_agentic_v1_wiring.TestRuntimeWebhook" name="test_put_invalid_webhook_rejected" time="0.048" /><testcase classname="tests.test_iter90_agentic_v1_wiring.TestRuntimeWebhook" name="test_clear_webhook" time="0.092" /><testcase classname="tests.test_iter90_agentic_v1_wiring.TestShadowAIDiscover" name="test_discover_endpoint_ok" time="0.050" /><testcase classname="tests.test_iter90_agentic_v1_wiring.TestSingleAgentEnforce" name="test_single_suspend_and_resume" time="1.214" /><testcase classname="tests.test_iter90_agentic_v1_wiring.TestBulkEnforce" name="test_bulk_invalid_action" time="0.048" /><testcase classname="tests.test_iter90_agentic_v1_wiring.TestActionsRun" name="test_advisor_suspend_ok" time="0.233" /><testcase classname="tests.test_iter90_agentic_v1_wiring.TestActionsRun" name="test_advisor_resume_restores" time="0.966" /></testsuite></testsuites>