<?xml version="1.0" encoding="utf-8"?><testsuites name="pytest tests"><testsuite name="pytest" errors="0" failures="0" skipped="0" tests="9" time="3.083" timestamp="2026-08-07T20:10:02.364167+00:00" hostname="agent-env-e65c0563-02ac-4731-8630-371af0a74c08"><testcase classname="tests.test_iter25_owner_momentum_export.TestOwnerDirectory" name="test_get_owners_includes_grc_team" time="0.736" /><testcase classname="tests.test_iter25_owner_momentum_export.TestOwnerDirectory" name="test_put_owners_saves_and_persists" time="0.146" /><testcase classname="tests.test_iter25_owner_momentum_export.TestOwnerDirectory" name="test_put_owners_invalid_email_returns_400" time="0.052" /><testcase classname="tests.test_iter25_owner_momentum_export.TestMomentumTrend" name="test_activity_returns_trend_with_8_points" time="0.059" /><testcase classname="tests.test_iter25_owner_momentum_export.TestLogExport" name="test_control_log_pdf" time="0.213" /><testcase classname="tests.test_iter25_owner_momentum_export.TestLogExport" name="test_vendor_log_pdf" time="0.193" /><testcase classname="tests.test_iter25_owner_momentum_export.TestLogExport" name="test_control_log_export_requires_auth" time="0.111" /><testcase classname="tests.test_iter25_owner_momentum_export.TestLogExport" name="test_vendor_log_export_requires_auth" time="0.132" /><testcase classname="tests.test_iter25_owner_momentum_export.TestOwnerNudge" name="test_remediation_note_creates_notification" time="1.366" /></testsuite></testsuites>