<?xml version="1.0" encoding="utf-8"?><testsuites name="pytest tests"><testsuite name="pytest" errors="0" failures="0" skipped="0" tests="7" time="1.904" timestamp="2026-08-10T17:33:18.875832+00:00" hostname="agent-env-e65c0563-02ac-4731-8630-371af0a74c08"><testcase classname="tests.test_iter100_v1_features.TestSimulator" name="test_simulator_enable_status_and_signed_dispatch" time="0.949" /><testcase classname="tests.test_iter100_v1_features.TestToxicity" name="test_agents_list_has_toxic" time="0.695" /><testcase classname="tests.test_iter100_v1_features.TestToxicity" name="test_enforce_single_agent" time="0.664" /><testcase classname="tests.test_iter100_v1_features.TestSimulator" name="test_simulator_disable_clears_webhook" time="0.111" /><testcase classname="tests.test_iter100_v1_features.TestGoLive" name="test_checklist_has_11_items_including_new" time="0.126" /><testcase classname="tests.test_iter100_v1_features.TestGoLive" name="test_go_live_report_pdf" time="0.200" /><testcase classname="tests.test_iter100_v1_features.TestBoardDigest" name="test_digest_preview_contains_chart_and_toxic" time="0.225" /></testsuite></testsuites>