<?xml version="1.0" encoding="utf-8"?><testsuites name="pytest tests"><testsuite name="pytest" errors="0" failures="3" skipped="0" tests="7" time="2.010" timestamp="2026-08-07T18:41:00.339964+00:00" hostname="agent-env-e65c0563-02ac-4731-8630-371af0a74c08"><testcase classname="tests.test_iter21_features" name="test_email_docs_unauth" time="0.221" /><testcase classname="tests.test_iter21_features" name="test_email_docs_ops_forbidden" time="0.405"><failure message="AssertionError: expected 403 for operational, got 422 {&quot;detail&quot;:[{&quot;type&quot;:&quot;missing&quot;,&quot;loc&quot;:[&quot;body&quot;,&quot;to&quot;],&quot;msg&quot;:&quot;Field required&quot;,&quot;input&quot;:{&quot;email&quot;:&quot;foo@bar.com&quot;},&quot;url&quot;:&quot;https://errors.pydantic.dev/2.13/v/missing&quot;}]}&#10;assert 422 == 403&#10; +  where 422 = &lt;Response [422]&gt;.status_code">backend/tests/test_iter21_features.py:38: in test_email_docs_ops_forbidden
    assert r.status_code == 403, f"expected 403 for operational, got {r.status_code} {r.text[:200]}"
E   AssertionError: expected 403 for operational, got 422 {"detail":[{"type":"missing","loc":["body","to"],"msg":"Field required","input":{"email":"foo@bar.com"},"url":"https://errors.pydantic.dev/2.13/v/missing"}]}
E   assert 422 == 403
E    +  where 422 = &lt;Response [422]&gt;.status_code</failure></testcase><testcase classname="tests.test_iter21_features" name="test_email_docs_invalid" time="0.392"><failure message="AssertionError: expected 400 invalid email, got 422 {&quot;detail&quot;:[{&quot;type&quot;:&quot;missing&quot;,&quot;loc&quot;:[&quot;body&quot;,&quot;to&quot;],&quot;msg&quot;:&quot;Field required&quot;,&quot;input&quot;:{&quot;email&quot;:&quot;not-an-email&quot;},&quot;url&quot;:&quot;https://errors.pydantic.dev/2.13/v/missing&quot;}]}&#10;assert 422 == 400&#10; +  where 422 = &lt;Response [422]&gt;.status_code">backend/tests/test_iter21_features.py:43: in test_email_docs_invalid
    assert r.status_code == 400, f"expected 400 invalid email, got {r.status_code} {r.text[:200]}"
E   AssertionError: expected 400 invalid email, got 422 {"detail":[{"type":"missing","loc":["body","to"],"msg":"Field required","input":{"email":"not-an-email"},"url":"https://errors.pydantic.dev/2.13/v/missing"}]}
E   assert 422 == 400
E    +  where 422 = &lt;Response [422]&gt;.status_code</failure></testcase><testcase classname="tests.test_iter21_features" name="test_email_docs_admin_ok" time="0.052"><failure message="AssertionError: admin email-docs failed: 422 {&quot;detail&quot;:[{&quot;type&quot;:&quot;missing&quot;,&quot;loc&quot;:[&quot;body&quot;,&quot;to&quot;],&quot;msg&quot;:&quot;Field required&quot;,&quot;input&quot;:{&quot;email&quot;:&quot;jblan2026@gmail.com&quot;},&quot;url&quot;:&quot;https://errors.pydantic.dev/2.13/v/missing&quot;}]}&#10;assert 422 == 200&#10; +  where 422 = &lt;Response [422]&gt;.status_code">backend/tests/test_iter21_features.py:55: in test_email_docs_admin_ok
    assert r.status_code == 200, f"admin email-docs failed: {r.status_code} {r.text[:400]}"
E   AssertionError: admin email-docs failed: 422 {"detail":[{"type":"missing","loc":["body","to"],"msg":"Field required","input":{"email":"jblan2026@gmail.com"},"url":"https://errors.pydantic.dev/2.13/v/missing"}]}
E   assert 422 == 200
E    +  where 422 = &lt;Response [422]&gt;.status_code</failure></testcase><testcase classname="tests.test_iter21_features" name="test_regenerate_guides_admin_ok" time="0.310" /><testcase classname="tests.test_iter21_features" name="test_guide_pdf_downloads" time="0.104" /><testcase classname="tests.test_iter21_features" name="test_guide_docx_downloads" time="0.100" /></testsuite></testsuites>