<?xml version="1.0" encoding="utf-8"?><testsuites name="pytest tests"><testsuite name="pytest" errors="0" failures="0" skipped="0" tests="14" time="1.583" timestamp="2026-08-07T23:47:57.469929+00:00" hostname="agent-env-e65c0563-02ac-4731-8630-371af0a74c08"><testcase classname="tests.test_iter31_hardened_library.TestFrameworkCatalog" name="test_full_catalog[NIST 800-53-322]" time="0.792" /><testcase classname="tests.test_iter31_hardened_library.TestHardenedLibrary" name="test_controls_compliance_24_all_passing" time="0.747" /><testcase classname="tests.test_iter31_hardened_library.TestHardenedLibrary" name="test_crosswalk_24_all_compliant" time="0.060" /><testcase classname="tests.test_iter31_hardened_library.TestFrameworkCatalog" name="test_full_catalog[CIS v8-153]" time="0.058" /><testcase classname="tests.test_iter31_hardened_library.TestHardenedLibrary" name="test_crosswalk_by_criticality_100pct" time="0.066" /><testcase classname="tests.test_iter31_hardened_library.TestFrameworkCatalog" name="test_full_catalog[SOC 2-61]" time="0.059" /><testcase classname="tests.test_iter31_hardened_library.TestRegression" name="test_repeated_calls_stable" time="0.224" /><testcase classname="tests.test_iter31_hardened_library.TestFrameworkCatalog" name="test_full_catalog[SSDF-42]" time="0.054" /><testcase classname="tests.test_iter31_hardened_library.TestFrameworkCatalog" name="test_full_catalog[PCI DSS-277]" time="0.057" /><testcase classname="tests.test_iter31_hardened_library.TestFrameworkCatalog" name="test_full_catalog[ISO 27001-93]" time="0.056" /><testcase classname="tests.test_iter31_hardened_library.TestFrameworkCatalog" name="test_nist_ac2_aligned_ac10_met_gap_ids" time="0.059" /><testcase classname="tests.test_iter31_hardened_library.TestRegression" name="test_enterprise_live_ok" time="0.048" /><testcase classname="tests.test_iter31_hardened_library.TestFrameworkCatalog" name="test_unknown_framework_404" time="0.087" /><testcase classname="tests.test_iter31_hardened_library.TestMeetByDefault" name="test_summary_shape_and_gaps" time="0.059" /></testsuite></testsuites>