<?xml version="1.0" encoding="utf-8"?><testsuites name="pytest tests"><testsuite name="pytest" errors="0" failures="0" skipped="0" tests="4" time="1.819" timestamp="2026-08-12T17:53:01.586324+00:00" hostname="agent-env-e65c0563-02ac-4731-8630-371af0a74c08"><testcase classname="tests.test_crisis_iteration139" name="test_entra_risky_users_not_connected" time="0.657" /><testcase classname="tests.test_crisis_iteration139" name="test_sla_scan" time="0.295" /><testcase classname="tests.test_crisis_iteration139" name="test_contain_playbook_not_connected" time="0.182" /><testcase classname="tests.test_crisis_iteration139" name="test_report_pack_branded" time="0.356" /></testsuite></testsuites>