<?xml version="1.0" encoding="utf-8"?><testsuites name="pytest tests"><testsuite name="pytest" errors="0" failures="1" skipped="0" tests="10" time="2.639" timestamp="2026-08-08T11:49:01.356548+00:00" hostname="agent-env-e65c0563-02ac-4731-8630-371af0a74c08"><testcase classname="tests.test_iter48_deep_dive_audit" name="test_billing_plans" time="0.702" /><testcase classname="tests.test_iter48_deep_dive_audit" name="test_connectors_health" time="0.080" /><testcase classname="tests.test_iter48_deep_dive_audit" name="test_discovered_assets" time="0.083" /><testcase classname="tests.test_iter48_deep_dive_audit" name="test_discovery_actions" time="0.052" /><testcase classname="tests.test_iter48_deep_dive_audit" name="test_report_board_pdf" time="0.316" /><testcase classname="tests.test_iter48_deep_dive_audit" name="test_report_cfo_pdf" time="0.185" /><testcase classname="tests.test_iter48_deep_dive_audit" name="test_report_soc_pdf" time="0.186" /><testcase classname="tests.test_iter48_deep_dive_audit" name="test_snapshot" time="0.105"><failure message="AssertionError: 404: {&quot;detail&quot;:&quot;Not Found&quot;}&#10;assert 404 == 200&#10; +  where 404 = &lt;Response [404]&gt;.status_code">backend/tests/test_iter48_deep_dive_audit.py:97: in test_snapshot
    assert r.status_code == 200, f"{r.status_code}: {r.text[:200]}"
E   AssertionError: 404: {"detail":"Not Found"}
E   assert 404 == 200
E    +  where 404 = &lt;Response [404]&gt;.status_code</failure></testcase><testcase classname="tests.test_iter48_deep_dive_audit" name="test_risk_engine_summary" time="0.050" /><testcase classname="tests.test_iter48_deep_dive_audit" name="test_ai_governance_list" time="0.285" /></testsuite></testsuites>