<?xml version="1.0" encoding="utf-8"?><testsuites name="pytest tests"><testsuite name="pytest" errors="0" failures="0" skipped="0" tests="8" time="24.261" timestamp="2026-08-08T09:26:46.639913+00:00" hostname="agent-env-e65c0563-02ac-4731-8630-371af0a74c08"><testcase classname="tests.test_iter44_risk_engine" name="test_strategic" time="0.483" /><testcase classname="tests.test_iter44_risk_engine" name="test_tactical" time="0.055" /><testcase classname="tests.test_iter44_risk_engine" name="test_exposure" time="0.055" /><testcase classname="tests.test_iter44_risk_engine" name="test_compliance" time="0.057" /><testcase classname="tests.test_iter44_risk_engine" name="test_task_status_transitions" time="0.277" /><testcase classname="tests.test_iter44_risk_engine" name="test_task_action_remediate" time="0.337" /><testcase classname="tests.test_iter44_risk_engine" name="test_advisor_insight_remediation_center" time="11.438" /><testcase classname="tests.test_iter44_risk_engine" name="test_advisor_insight_executive_briefing" time="11.510" /></testsuite></testsuites>