<?xml version="1.0" encoding="utf-8"?><testsuites name="pytest tests"><testsuite name="pytest" errors="0" failures="0" skipped="0" tests="16" time="14.769" timestamp="2026-08-07T17:05:23.726834+00:00" hostname="agent-env-e65c0563-02ac-4731-8630-371af0a74c08"><testcase classname="tests.test_iter15_board_reports.TestBoardPdf" name="test_pdf_report_dark" time="0.773" /><testcase classname="tests.test_iter15_board_reports.TestBranding" name="test_get_branding" time="0.735" /><testcase classname="tests.test_iter15_board_reports.TestBranding" name="test_put_branding_admin" time="0.092" /><testcase classname="tests.test_iter15_board_reports.TestBoardPdf" name="test_pdf_report_light" time="0.142" /><testcase classname="tests.test_iter15_board_reports.TestBranding" name="test_pdf_after_branding" time="0.148" /><testcase classname="tests.test_iter15_board_reports.TestBoardPdf" name="test_pdf_deck_dark" time="0.129" /><testcase classname="tests.test_iter15_board_reports.TestBoardPdf" name="test_pdf_deck_light" time="0.307" /><testcase classname="tests.test_iter15_board_reports.TestBranding" name="test_put_branding_non_admin_403" time="0.431" /><testcase classname="tests.test_iter15_board_reports.TestBoardPdf" name="test_deck_differs_from_report" time="0.000" /><testcase classname="tests.test_iter15_board_reports.TestTestEmail" name="test_admin_send_test_email" time="12.639" /><testcase classname="tests.test_iter15_board_reports.TestBranding" name="test_reset_branding" time="0.596" /><testcase classname="tests.test_iter15_board_reports.TestRecipients" name="test_get_recipients" time="0.057" /><testcase classname="tests.test_iter15_board_reports.TestRecipients" name="test_put_recipients_drops_invalid" time="0.098" /><testcase classname="tests.test_iter15_board_reports.TestRecipients" name="test_put_recipients_non_admin_403" time="0.060" /><testcase classname="tests.test_iter15_board_reports.TestRecipients" name="test_cleanup_recipients" time="0.047" /><testcase classname="tests.test_iter15_board_reports.TestTestEmail" name="test_non_admin_test_email" time="0.419" /></testsuite></testsuites>