<?xml version="1.0" encoding="utf-8"?><testsuites name="pytest tests"><testsuite name="pytest" errors="0" failures="0" skipped="0" tests="13" time="16.984" timestamp="2026-08-07T04:34:24.749403+00:00" hostname="agent-env-e65c0563-02ac-4731-8630-371af0a74c08"><testcase classname="tests.test_kernel_features" name="test_kernel_manifest" time="0.368" /><testcase classname="tests.test_kernel_features" name="test_policies_seeded" time="0.043" /><testcase classname="tests.test_kernel_features" name="test_drift_alerts_created_and_deduped" time="0.222" /><testcase classname="tests.test_kernel_features" name="test_notification_mark_read" time="0.174" /><testcase classname="tests.test_kernel_features" name="test_invited_user_must_change_password" time="0.803" /><testcase classname="tests.test_kernel_features" name="test_change_password_wrong_current" time="0.583" /><testcase classname="tests.test_kernel_features" name="test_change_password_too_short" time="0.645" /><testcase classname="tests.test_kernel_features" name="test_change_password_success_and_workflow" time="1.266" /><testcase classname="tests.test_kernel_features" name="test_workflow_engine_has_onboarding" time="0.042" /><testcase classname="tests.test_kernel_features" name="test_cron_requires_bearer" time="0.232" /><testcase classname="tests.test_kernel_features" name="test_cron_success_creates_report" time="12.334" /><testcase classname="tests.test_kernel_features" name="test_regression_controls_and_login" time="0.089" /><testcase classname="tests.test_kernel_features" name="test_regression_team_list" time="0.129" /></testsuite></testsuites>