<?xml version="1.0" encoding="utf-8"?><testsuites name="pytest tests"><testsuite name="pytest" errors="0" failures="0" skipped="0" tests="13" time="4.373" timestamp="2026-08-07T04:50:24.260810+00:00" hostname="agent-env-e65c0563-02ac-4731-8630-371af0a74c08"><testcase classname="tests.test_kernel_closing" name="test_controls_generates_drift" time="0.812" /><testcase classname="tests.test_kernel_closing" name="test_kernel_health_shape_and_counts" time="0.177" /><testcase classname="tests.test_kernel_closing" name="test_policy_create_and_update_admin" time="0.193" /><testcase classname="tests.test_kernel_closing" name="test_policy_create_forbidden_for_operational" time="0.418" /><testcase classname="tests.test_kernel_closing" name="test_policy_threshold_affects_control_flagging" time="0.345" /><testcase classname="tests.test_kernel_closing" name="test_remediation_full_flow" time="0.440" /><testcase classname="tests.test_kernel_closing" name="test_workflow_invalid_action" time="0.214" /><testcase classname="tests.test_kernel_closing" name="test_weekly_digest_requires_auth" time="0.213" /><testcase classname="tests.test_kernel_closing" name="test_weekly_digest_accepted" time="0.099" /><testcase classname="tests.test_kernel_closing" name="test_kernel_manifest_15" time="0.041" /><testcase classname="tests.test_kernel_closing" name="test_notif_mark_all_read" time="0.168" /><testcase classname="tests.test_kernel_closing" name="test_monthly_report_cron_auth" time="0.222" /><testcase classname="tests.test_kernel_closing" name="test_zzz_cleanup" time="0.006" /></testsuite></testsuites>