<?xml version="1.0" encoding="utf-8"?><testsuites name="pytest tests"><testsuite name="pytest" errors="0" failures="1" skipped="0" tests="16" time="1.606" timestamp="2026-08-07T03:49:24.477130+00:00" hostname="agent-env-e65c0563-02ac-4731-8630-371af0a74c08"><testcase classname="tests.test_p0_features.TestRegression" name="test_overview" time="0.641" /><testcase classname="tests.test_p0_features.TestKnowledgeGraph" name="test_graph_returns_nodes_edges" time="0.687" /><testcase classname="tests.test_p0_features.TestRegression" name="test_risks" time="0.050" /><testcase classname="tests.test_p0_features.TestKnowledgeGraph" name="test_preset_conf_risky_vendor" time="0.089" /><testcase classname="tests.test_p0_features.TestRegression" name="test_ai_systems" time="0.048" /><testcase classname="tests.test_p0_features.TestRegression" name="test_modules" time="0.083" /><testcase classname="tests.test_p0_features.TestKnowledgeGraph" name="test_preset_shadow_exposure" time="0.044"><failure message="AssertionError: got []&#10;assert False&#10; +  where False = any(&lt;generator object TestKnowledgeGraph.test_preset_shadow_exposure.&lt;locals&gt;.&lt;genexpr&gt; at 0xf89a9b3b9700&gt;)">backend/tests/test_p0_features.py:50: in test_preset_shadow_exposure
    assert any("AI-003" in str(m) for m in match_ids), f"got {match_ids}"
E   AssertionError: got []
E   assert False
E    +  where False = any(&lt;generator object TestKnowledgeGraph.test_preset_shadow_exposure.&lt;locals&gt;.&lt;genexpr&gt; at 0xf89a9b3b9700&gt;)</failure></testcase><testcase classname="tests.test_p0_features.TestRegression" name="test_billing_plans" time="0.041" /><testcase classname="tests.test_p0_features.TestKnowledgeGraph" name="test_preset_critical_risks" time="0.084" /><testcase classname="tests.test_p0_features.TestRegression" name="test_me" time="0.048" /><testcase classname="tests.test_p0_features.TestSimulate" name="test_simulate_cr002" time="0.045" /><testcase classname="tests.test_p0_features.TestFinancials" name="test_financials_shape" time="0.045" /><testcase classname="tests.test_p0_features.TestSimulate" name="test_simulate_unknown_risk" time="0.047" /><testcase classname="tests.test_p0_features.TestFinancials" name="test_totals_consistent" time="0.044" /><testcase classname="tests.test_p0_features.TestEvidence" name="test_evidence_risk_cr002" time="0.046" /><testcase classname="tests.test_p0_features.TestEvidence" name="test_evidence_health_component" time="0.045" /></testsuite></testsuites>