<?xml version="1.0" encoding="utf-8"?><testsuites name="pytest tests"><testsuite name="pytest" errors="0" failures="1" skipped="0" tests="16" time="5.427" timestamp="2026-08-07T04:11:31.990147+00:00" hostname="agent-env-e65c0563-02ac-4731-8630-371af0a74c08"><testcase classname="tests.test_p1_features.TestAISystemEnum" name="test_bogus_status_returns_422" time="0.429" /><testcase classname="tests.test_p1_features.TestAISystemEnum" name="test_valid_status_restricted" time="0.095" /><testcase classname="tests.test_p1_features.TestAISystemEnum" name="test_bogus_risk_class_returns_422" time="0.062" /><testcase classname="tests.test_p1_features.TestAISystemEnum" name="test_valid_risk_class_high" time="0.046" /><testcase classname="tests.test_p1_features.TestDecisionCounter" name="test_sequential_dec_refs_unique" time="0.286" /><testcase classname="tests.test_p1_features.TestDecisionCounter" name="test_concurrent_dec_refs_unique" time="0.618" /><testcase classname="tests.test_p1_features.TestTeamInvites" name="test_list_members_admin_ok" time="0.047" /><testcase classname="tests.test_p1_features.TestTeamInvites" name="test_list_members_non_admin_forbidden" time="0.375" /><testcase classname="tests.test_p1_features.TestTeamInvites" name="test_invite_flow" time="0.047"><failure message="AssertionError: {&quot;detail&quot;:[{&quot;type&quot;:&quot;value_error&quot;,&quot;loc&quot;:[&quot;body&quot;,&quot;email&quot;],&quot;msg&quot;:&quot;value is not a valid email address: The part after the @-sign is a special-use or reserved name that cannot be used with email.&quot;,&quot;input&quot;:&quot;test_invite_1786075894@obserra.test&quot;,&quot;ctx&quot;:{&quot;reason&quot;:&quot;The part after the @-sign is a special-use or reserved name that cannot be used with email.&quot;}}]}&#10;assert 422 == 400&#10; +  where 422 = &lt;Response [422]&gt;.status_code">backend/tests/test_p1_features.py:128: in test_invite_flow
    assert r.status_code == 400, r.text
E   AssertionError: {"detail":[{"type":"value_error","loc":["body","email"],"msg":"value is not a valid email address: The part after the @-sign is a special-use or reserved name that cannot be used with email.","input":"test_invite_1786075894@obserra.test","ctx":{"reason":"The part after the @-sign is a special-use or reserved name that cannot be used with email."}}]}
E   assert 422 == 400
E    +  where 422 = &lt;Response [422]&gt;.status_code</failure></testcase><testcase classname="tests.test_p1_features.TestTeamInvites" name="test_invite_non_admin_forbidden" time="0.044" /><testcase classname="tests.test_p1_features.TestConnectorSync" name="test_sync_returns_records" time="0.046" /><testcase classname="tests.test_p1_features.TestControls" name="test_controls_list" time="0.046" /><testcase classname="tests.test_p1_features.TestControls" name="test_evidence_pack_pdf" time="0.057" /><testcase classname="tests.test_p1_features.TestControls" name="test_evidence_pack_not_found" time="0.046" /><testcase classname="tests.test_p1_features.TestFinancialsTrend" name="test_trend_series" time="0.044" /><testcase classname="tests.test_p1_features.TestGraphAsk" name="test_graph_ask_returns_answer_and_highlight" time="3.039" /></testsuite></testsuites>