<?xml version="1.0" encoding="utf-8"?><testsuites name="pytest tests"><testsuite name="pytest" errors="0" failures="2" skipped="0" tests="23" time="8.726" timestamp="2026-08-07T03:01:08.545048+00:00" hostname="agent-env-e65c0563-02ac-4731-8630-371af0a74c08"><testcase classname="tests.backend_test.TestRisks" name="test_list_sorted_desc" time="0.583" /><testcase classname="tests.backend_test.TestAuth" name="test_login_admin" time="0.678" /><testcase classname="tests.backend_test.TestRisks" name="test_patch_risk_persist" time="0.091" /><testcase classname="tests.backend_test.TestRisks" name="test_patch_unknown_ref_404" time="0.051" /><testcase classname="tests.backend_test.TestAuth" name="test_login_bad_password" time="0.384" /><testcase classname="tests.backend_test.TestAIGovernance" name="test_list_systems_has_shadow" time="0.044"><failure message="assert False&#10; +  where False = any(&lt;generator object TestAIGovernance.test_list_systems_has_shadow.&lt;locals&gt;.&lt;genexpr&gt; at 0xf9e67f6741e0&gt;)">backend/tests/backend_test.py:140: in test_list_systems_has_shadow
    assert any(s["status"] == "shadow" for s in systems)
E   assert False
E    +  where False = any(&lt;generator object TestAIGovernance.test_list_systems_has_shadow.&lt;locals&gt;.&lt;genexpr&gt; at 0xf9e67f6741e0&gt;)</failure></testcase><testcase classname="tests.backend_test.TestAIGovernance" name="test_sanction_shadow" time="0.233" /><testcase classname="tests.backend_test.TestAIGovernance" name="test_incidents_load" time="0.044" /><testcase classname="tests.backend_test.TestAuth" name="test_me_without_auth" time="0.105" /><testcase classname="tests.backend_test.TestBilling" name="test_plans" time="0.147" /><testcase classname="tests.backend_test.TestBilling" name="test_checkout_and_status" time="0.229"><failure message="AssertionError: Internal Server Error&#10;assert 500 == 200&#10; +  where 500 = &lt;Response [500]&gt;.status_code">backend/tests/backend_test.py:257: in test_checkout_and_status
    assert r.status_code == 200, r.text
E   AssertionError: Internal Server Error
E   assert 500 == 200
E    +  where 500 = &lt;Response [500]&gt;.status_code</failure></testcase><testcase classname="tests.backend_test.TestBilling" name="test_checkout_unauth" time="0.218" /><testcase classname="tests.backend_test.TestRecsDecisions" name="test_list_recs" time="0.048" /><testcase classname="tests.backend_test.TestAuth" name="test_register_new_org" time="0.556" /><testcase classname="tests.backend_test.TestAuth" name="test_logout_clears_cookies" time="0.600" /><testcase classname="tests.backend_test.TestRecsDecisions" name="test_decide_flow" time="0.954" /><testcase classname="tests.backend_test.TestTenantIsolation" name="test_new_org_has_own_seed" time="0.104" /><testcase classname="tests.backend_test.TestTenantIsolation" name="test_new_org_cannot_patch_admin_risk" time="0.090" /><testcase classname="tests.backend_test.TestOverview" name="test_overview_shape" time="0.055" /><testcase classname="tests.backend_test.TestAudit" name="test_audit_returns_entries" time="0.051" /><testcase classname="tests.backend_test.TestAdvisor" name="test_advisor_stream" time="5.574" /><testcase classname="tests.backend_test.TestEvidence" name="test_lineage_cr001" time="0.045" /><testcase classname="tests.backend_test.TestEvidence" name="test_lineage_unknown_404" time="0.119" /></testsuite></testsuites>