<?xml version="1.0" encoding="utf-8"?><testsuites name="pytest tests"><testsuite name="pytest" errors="0" failures="0" skipped="1" tests="26" time="5.302" timestamp="2026-08-08T14:31:18.056932+00:00" hostname="agent-env-e65c0563-02ac-4731-8630-371af0a74c08"><testcase classname="tests.test_sap_uac.TestActivationWorkflow" name="test_activation_set_deactivate" time="0.916" /><testcase classname="tests.test_sap_uac.TestSapReadEndpoints" name="test_overview" time="0.798" /><testcase classname="tests.test_sap_uac.TestSapReadEndpoints" name="test_analytics" time="0.109" /><testcase classname="tests.test_sap_uac.TestSapReadEndpoints" name="test_systems" time="0.090" /><testcase classname="tests.test_sap_uac.TestActivationWorkflow" name="test_activation_create_user" time="0.117" /><testcase classname="tests.test_sap_uac.TestSapReadEndpoints" name="test_identities_and_filters" time="0.114" /><testcase classname="tests.test_sap_uac.TestActivationWorkflow" name="test_activation_bulk_deactivate_then_reactivate" time="0.620" /><testcase classname="tests.test_sap_uac.TestSapReadEndpoints" name="test_identity_detail" time="0.116" /><testcase classname="tests.test_sap_uac.TestSapReadEndpoints" name="test_sod_rules" time="0.126" /><testcase classname="tests.test_sap_uac.TestSapReadEndpoints" name="test_sod_conflicts" time="0.062" /><testcase classname="tests.test_sap_uac.TestSapReadEndpoints" name="test_privileged" time="0.092" /><testcase classname="tests.test_sap_uac.TestSapReadEndpoints" name="test_access_monitoring" time="0.060" /><testcase classname="tests.test_sap_uac.TestSapReadEndpoints" name="test_jml" time="0.065" /><testcase classname="tests.test_sap_uac.TestSapReadEndpoints" name="test_roles" time="0.093" /><testcase classname="tests.test_sap_uac.TestSodEngine" name="test_simulate_sap_all_blocks" time="0.122" /><testcase classname="tests.test_sap_uac.TestSapReadEndpoints" name="test_role_detail" time="0.107" /><testcase classname="tests.test_sap_uac.TestSodEngine" name="test_mitigate_conflict_persists" time="0.225" /><testcase classname="tests.test_sap_uac.TestSapReadEndpoints" name="test_hr_reconciliation" time="0.086" /><testcase classname="tests.test_sap_uac.TestSapReadEndpoints" name="test_activation" time="0.074" /><testcase classname="tests.test_sap_uac.TestAccessRequestsAndCerts" name="test_access_request_lifecycle" time="0.438" /><testcase classname="tests.test_sap_uac.TestSapReadEndpoints" name="test_activation_tickets" time="0.086" /><testcase classname="tests.test_sap_uac.TestSapReadEndpoints" name="test_access_requests" time="0.051" /><testcase classname="tests.test_sap_uac.TestSapReadEndpoints" name="test_certifications" time="0.063" /><testcase classname="tests.test_sap_uac.TestAdvisor" name="test_advisor_answer" time="2.421" /><testcase classname="tests.test_sap_uac.TestAccessRequestsAndCerts" name="test_certifications_create_and_decide" time="0.177" /><testcase classname="tests.test_sap_uac.TestHrReconciliation" name="test_hr_reconcile_flip" time="0.086"><skipped type="pytest.skip" message="No HR reconciliation rows">/app/backend/tests/test_sap_uac.py:218: No HR reconciliation rows</skipped></testcase></testsuite></testsuites>